::1 - - [12/Feb/2025:10:04:39 +0800] "GET / HTTP/1.1" 200 209
::1 - - [12/Feb/2025:10:05:39 +0800] "-" 408 -
::1 - - [12/Feb/2025:10:05:42 +0800] "GET /session-02/ HTTP/1.1" 200 226
::1 - - [12/Feb/2025:10:06:42 +0800] "-" 408 -
::1 - - [12/Feb/2025:10:10:12 +0800] "GET /session-02/ HTTP/1.1" 200 287
::1 - - [12/Feb/2025:10:11:13 +0800] "-" 408 -
::1 - - [12/Feb/2025:10:16:59 +0800] "GET /session-02/ HTTP/1.1" 200 342
::1 - - [12/Feb/2025:10:17:08 +0800] "GET /session-02/ HTTP/1.1" 200 338
::1 - - [12/Feb/2025:10:17:09 +0800] "GET /session-02/ HTTP/1.1" 200 338
::1 - - [12/Feb/2025:10:18:08 +0800] "-" 408 -
::1 - - [12/Feb/2025:10:21:17 +0800] "GET /session-02/ HTTP/1.1" 200 342
::1 - - [12/Feb/2025:10:22:17 +0800] "-" 408 -
::1 - - [12/Feb/2025:10:25:23 +0800] "GET /session-02/ HTTP/1.1" 200 454
::1 - - [12/Feb/2025:10:25:56 +0800] "GET /session-02/ HTTP/1.1" 200 452
::1 - - [12/Feb/2025:10:26:20 +0800] "GET /session-02/ HTTP/1.1" 200 454
::1 - - [12/Feb/2025:10:27:20 +0800] "-" 408 -
::1 - - [12/Feb/2025:10:29:48 +0800] "GET /session-02/ HTTP/1.1" 200 522
::1 - - [12/Feb/2025:10:30:34 +0800] "GET /session-02/ HTTP/1.1" 200 522
::1 - - [12/Feb/2025:10:31:46 +0800] "GET /session-02/ HTTP/1.1" 200 552
::1 - - [12/Feb/2025:10:31:50 +0800] "GET /session-02/ HTTP/1.1" 200 552
::1 - - [12/Feb/2025:10:32:17 +0800] "GET /session-02/ HTTP/1.1" 200 553
::1 - - [12/Feb/2025:10:33:17 +0800] "-" 408 -
::1 - - [12/Feb/2025:10:40:09 +0800] "GET /session-02/ HTTP/1.1" 200 580
::1 - - [12/Feb/2025:10:41:09 +0800] "-" 408 -
::1 - - [12/Feb/2025:10:58:09 +0800] "GET /session-02/ HTTP/1.1" 200 580
::1 - - [12/Feb/2025:10:59:09 +0800] "-" 408 -
::1 - - [12/Feb/2025:11:19:19 +0800] "GET / HTTP/1.1" 200 209
::1 - - [12/Feb/2025:11:19:24 +0800] "GET /session-02/ HTTP/1.1" 200 580
::1 - - [12/Feb/2025:11:20:19 +0800] "-" 408 -
::1 - - [12/Feb/2025:11:20:35 +0800] "GET /session-02/ HTTP/1.1" 200 3075
::1 - - [12/Feb/2025:11:21:35 +0800] "-" 408 -
::1 - - [12/Feb/2025:11:21:58 +0800] "GET /session-02/ HTTP/1.1" 200 3280
::1 - - [12/Feb/2025:11:22:41 +0800] "GET /session-02/ HTTP/1.1" 200 3239
::1 - - [12/Feb/2025:11:23:41 +0800] "-" 408 -
::1 - - [20/Feb/2025:11:19:03 +0800] "GET / HTTP/1.1" 200 1764
::1 - - [20/Feb/2025:11:19:04 +0800] "GET /favicon.ico HTTP/1.1" 404 196
::1 - - [20/Feb/2025:11:19:36 +0800] "POST /wordpress1/wp-cron.php?doing_wp_cron=1740021576.5615909099578857421875 HTTP/1.1" 200 -
::1 - - [20/Feb/2025:11:19:36 +0800] "POST /wordpress1/wp-cron.php?doing_wp_cron=1740021576.5615820884704589843750 HTTP/1.1" 200 -
::1 - - [20/Feb/2025:11:19:25 +0800] "GET /wordpress1/wp-admin/ HTTP/1.1" 200 17132
::1 - - [20/Feb/2025:11:19:32 +0800] "GET /wordpress1/wp-admin/ HTTP/1.1" 200 17132
::1 - - [20/Feb/2025:11:19:11 +0800] "GET /wordpress1/wp-admin/ HTTP/1.1" 200 17132
::1 - - [20/Feb/2025:11:19:47 +0800] "GET /wordpress1/wp-admin/ HTTP/1.1" 503 2449
::1 - - [20/Feb/2025:11:19:53 +0800] "GET /wordpress1/wp-admin/ HTTP/1.1" 503 2449
::1 - - [20/Feb/2025:11:20:01 +0800] "POST /wordpress1/wp-cron.php?doing_wp_cron=1740021601.1698460578918457031250 HTTP/1.1" 200 -
::1 - - [20/Feb/2025:11:20:00 +0800] "POST /wordpress1/wp-admin/upgrade.php?step=upgrade_db HTTP/1.1" 200 1
::1 - - [20/Feb/2025:11:20:06 +0800] "GET /wordpress1/wp-includes/js/thickbox/thickbox.css?ver=6.7.2 HTTP/1.1" 200 2659
::1 - - [20/Feb/2025:11:20:06 +0800] "GET /wordpress1/wp-includes/css/editor.min.css?ver=6.7.2 HTTP/1.1" 200 26851
::1 - - [20/Feb/2025:11:20:04 +0800] "GET /wordpress1/wp-admin/ HTTP/1.1" 200 70997
::1 - - [20/Feb/2025:11:20:06 +0800] "GET /wordpress1/wp-admin/load-scripts.php?c=1&load%5Bchunk_0%5D=jquery-core,jquery-migrate,utils&ver=6.7.2 HTTP/1.1" 200 102997
::1 - - [20/Feb/2025:11:20:06 +0800] "GET /wordpress1/wp-admin/js/common.min.js?ver=6.7.2 HTTP/1.1" 200 23578
::1 - - [20/Feb/2025:11:20:06 +0800] "GET /wordpress1/wp-includes/js/dist/a11y.min.js?ver=3156534cc54473497e14 HTTP/1.1" 200 2358
::1 - - [20/Feb/2025:11:20:06 +0800] "GET /wordpress1/wp-includes/js/dist/i18n.min.js?ver=5e580eb46a90c2b997e6 HTTP/1.1" 200 9141
::1 - - [20/Feb/2025:11:20:06 +0800] "GET /wordpress1/wp-includes/js/hoverintent-js.min.js?ver=2.2.1 HTTP/1.1" 200 1718
::1 - - [20/Feb/2025:11:20:06 +0800] "GET /wordpress1/wp-includes/js/admin-bar.min.js?ver=6.7.2 HTTP/1.1" 200 3487
::1 - - [20/Feb/2025:11:20:06 +0800] "GET /wordpress1/wp-admin/load-scripts.php?c=1&load%5Bchunk_0%5D=hoverIntent,wp-dom-ready,wp-hooks&ver=6.7.2 HTTP/1.1" 200 6735
::1 - - [20/Feb/2025:11:20:06 +0800] "GET /wordpress1/wp-includes/js/wp-util.min.js?ver=6.7.2 HTTP/1.1" 200 1426
::1 - - [20/Feb/2025:11:20:06 +0800] "GET /wordpress1/wp-includes/js/api-request.min.js?ver=6.7.2 HTTP/1.1" 200 1023
::1 - - [20/Feb/2025:11:20:06 +0800] "GET /wordpress1/wp-includes/js/dist/url.min.js?ver=e87eb76272a3a08402d2 HTTP/1.1" 200 8375
::1 - - [20/Feb/2025:11:20:06 +0800] "GET /wordpress1/wp-includes/js/underscore.min.js?ver=1.13.7 HTTP/1.1" 200 18878
::1 - - [20/Feb/2025:11:20:06 +0800] "GET /wordpress1/wp-includes/js/wp-ajax-response.min.js?ver=6.7.2 HTTP/1.1" 200 2505
::1 - - [20/Feb/2025:11:20:06 +0800] "GET /wordpress1/wp-includes/js/dist/vendor/wp-polyfill.min.js?ver=3.15.0 HTTP/1.1" 200 37931
::1 - - [20/Feb/2025:11:20:06 +0800] "GET /wordpress1/wp-includes/js/jquery/jquery.color.min.js?ver=3.0.0 HTTP/1.1" 200 6645
::1 - - [20/Feb/2025:11:20:07 +0800] "GET /wordpress1/wp-includes/js/wp-lists.min.js?ver=6.7.2 HTTP/1.1" 200 7521
::1 - - [20/Feb/2025:11:20:07 +0800] "GET /wordpress1/wp-includes/js/quicktags.min.js?ver=6.7.2 HTTP/1.1" 200 11132
::1 - - [20/Feb/2025:11:20:07 +0800] "GET /wordpress1/wp-includes/js/jquery/jquery.query.js?ver=2.2.3 HTTP/1.1" 200 3694
::1 - - [20/Feb/2025:11:20:07 +0800] "GET /wordpress1/wp-admin/js/edit-comments.min.js?ver=6.7.2 HTTP/1.1" 200 15366
::1 - - [20/Feb/2025:11:20:07 +0800] "GET /wordpress1/wp-includes/js/jquery/ui/core.min.js?ver=1.13.3 HTTP/1.1" 200 21464
::1 - - [20/Feb/2025:11:20:07 +0800] "GET /wordpress1/wp-includes/js/jquery/ui/mouse.min.js?ver=1.13.3 HTTP/1.1" 200 3428
::1 - - [20/Feb/2025:11:20:07 +0800] "GET /wordpress1/wp-admin/js/postbox.min.js?ver=6.7.2 HTTP/1.1" 200 6705
::1 - - [20/Feb/2025:11:20:07 +0800] "GET /wordpress1/wp-includes/js/jquery/ui/sortable.min.js?ver=1.13.3 HTTP/1.1" 200 25504
::1 - - [20/Feb/2025:11:20:07 +0800] "GET /wordpress1/wp-includes/js/dist/deprecated.min.js?ver=e1f84915c5e8ae38964c HTTP/1.1" 200 684
::1 - - [20/Feb/2025:11:20:07 +0800] "GET /wordpress1/wp-includes/js/dist/vendor/moment.min.js?ver=2.30.1 HTTP/1.1" 200 58811
::1 - - [20/Feb/2025:11:20:07 +0800] "GET /wordpress1/wp-includes/js/dist/date.min.js?ver=aaca6387d1cf924acc51 HTTP/1.1" 200 783428
::1 - - [20/Feb/2025:11:20:07 +0800] "GET /wordpress1/wp-admin/js/dashboard.min.js?ver=6.7.2 HTTP/1.1" 200 8797
::1 - - [20/Feb/2025:11:20:07 +0800] "GET /wordpress1/wp-includes/js/thickbox/thickbox.js?ver=3.1-20121105 HTTP/1.1" 200 13332
::1 - - [20/Feb/2025:11:20:06 +0800] "GET /wordpress1/wp-includes/js/clipboard.min.js?ver=2.0.11 HTTP/1.1" 200 9009
::1 - - [20/Feb/2025:11:20:07 +0800] "GET /wordpress1/wp-includes/js/wp-sanitize.min.js?ver=6.7.2 HTTP/1.1" 200 458
::1 - - [20/Feb/2025:11:20:07 +0800] "GET /wordpress1/wp-admin/js/plugin-install.min.js?ver=6.7.2 HTTP/1.1" 200 2403
::1 - - [20/Feb/2025:11:20:07 +0800] "GET /wordpress1/wp-admin/js/updates.min.js?ver=6.7.2 HTTP/1.1" 200 48366
::1 - - [20/Feb/2025:11:20:07 +0800] "GET /wordpress1/wp-includes/js/shortcode.min.js?ver=6.7.2 HTTP/1.1" 200 2643
::1 - - [20/Feb/2025:11:20:07 +0800] "GET /wordpress1/wp-admin/js/media-upload.min.js?ver=6.7.2 HTTP/1.1" 200 1152
::1 - - [20/Feb/2025:11:20:07 +0800] "GET /wordpress1/wp-includes/js/wp-auth-check.min.js?ver=6.7.2 HTTP/1.1" 200 1658
::1 - - [20/Feb/2025:11:20:07 +0800] "GET /wordpress1/wp-admin/js/svg-painter.js?ver=6.7.2 HTTP/1.1" 200 3280
::1 - - [20/Feb/2025:11:20:07 +0800] "GET /wordpress1/wp-includes/js/heartbeat.min.js?ver=6.7.2 HTTP/1.1" 200 5947
::1 - - [20/Feb/2025:11:20:06 +0800] "GET /wordpress1/wp-admin/load-styles.php?c=1&dir=ltr&load%5Bchunk_0%5D=dashicons,admin-bar,site-health,common,forms,admin-menu,dashboard,list-tables,edit,revisions,media,themes,about,nav-menus,wp-poi&load%5Bchunk_1%5D=nter,widgets,site-icon,l10n,buttons,wp-auth-check&ver=6.7.2 HTTP/1.1" 200 405203
::1 - - [20/Feb/2025:11:20:07 +0800] "GET /wordpress1/wp-includes/js/jquery/ui/menu.min.js?ver=1.13.3 HTTP/1.1" 200 10199
::1 - - [20/Feb/2025:11:20:07 +0800] "GET /wordpress1/wp-includes/js/wplink.min.js?ver=6.7.2 HTTP/1.1" 200 11317
::1 - - [20/Feb/2025:11:20:07 +0800] "GET /wordpress1/wp-includes/js/jquery/ui/autocomplete.min.js?ver=1.13.3 HTTP/1.1" 200 8536
::1 - - [20/Feb/2025:11:20:06 +0800] "GET /wordpress1/wp-admin/js/site-health.min.js?ver=6.7.2 HTTP/1.1" 200 6282
::1 - - [20/Feb/2025:11:20:07 +0800] "GET /wordpress1/wp-includes/js/wp-emoji-release.min.js?ver=6.7.2 HTTP/1.1" 200 18726
::1 - - [20/Feb/2025:11:20:08 +0800] "GET /wordpress1/wp-includes/js/thickbox/loadingAnimation.gif HTTP/1.1" 200 15238
::1 - - [20/Feb/2025:11:20:09 +0800] "POST /wordpress1/wp-cron.php HTTP/1.1" 200 -
::1 - - [20/Feb/2025:11:20:08 +0800] "POST /wordpress1/wp-admin/admin-ajax.php HTTP/1.1" 200 442
::1 - - [20/Feb/2025:11:20:09 +0800] "GET /wordpress1/wp-admin/images/spinner-2x.gif HTTP/1.1" 200 7536
::1 - - [20/Feb/2025:11:20:08 +0800] "GET /wordpress1/wp-admin/admin-ajax.php?action=dashboard-widgets&widget=dashboard_primary&pagenow=dashboard HTTP/1.1" 200 981
::1 - - [20/Feb/2025:11:20:18 +0800] "GET /wordpress1/wp-admin/load-styles.php?c=1&dir=ltr&load%5Bchunk_0%5D=dashicons,admin-bar,common,forms,admin-menu,dashboard,list-tables,edit,revisions,media,themes,about,nav-menus,wp-pointer,widgets&load%5Bchunk_1%5D=,site-icon,l10n,buttons&ver=6.7.2 HTTP/1.1" 200 398125
::1 - - [20/Feb/2025:11:20:17 +0800] "GET /wordpress1/wp-admin/update-core.php HTTP/1.1" 200 34389
::1 - - [20/Feb/2025:11:20:18 +0800] "GET /wordpress1/wp-content/themes/twentytwentyfive/screenshot.png?ver=1.0 HTTP/1.1" 200 216683
::1 - - [20/Feb/2025:11:20:18 +0800] "GET /wordpress1/wp-admin/js/common.min.js?ver=6.7.2 HTTP/1.1" 304 -
::1 - - [20/Feb/2025:11:20:18 +0800] "GET /wordpress1/ HTTP/1.1" 200 23764
::1 - - [20/Feb/2025:11:20:19 +0800] "GET /wordpress1/ HTTP/1.1" 200 23764
::1 - - [20/Feb/2025:11:20:19 +0800] "GET /wordpress1/ HTTP/1.1" 200 23764
::1 - - [20/Feb/2025:11:19:36 +0800] "POST /wordpress1/wp-cron.php?doing_wp_cron=1740021576.5616519451141357421875 HTTP/1.1" 200 -
::1 - - [20/Feb/2025:11:20:00 +0800] "GET /wordpress2/wp-admin/ HTTP/1.1" 200 17132
::1 - - [20/Feb/2025:11:20:30 +0800] "GET /wordpress1/wp-admin/index.php HTTP/1.1" 200 71911
::1 - - [20/Feb/2025:11:20:31 +0800] "GET /wordpress1/wp-admin/js/common.min.js?ver=6.7.2 HTTP/1.1" 304 -
::1 - - [20/Feb/2025:11:20:31 +0800] "POST /wordpress1/wp-admin/admin-ajax.php HTTP/1.1" 200 442
::1 - - [20/Feb/2025:11:20:38 +0800] "POST /wordpress2/wp-cron.php?doing_wp_cron=1740021638.0559320449829101562500 HTTP/1.1" 200 -
::1 - - [20/Feb/2025:11:20:37 +0800] "POST /wordpress2/wp-admin/upgrade.php?step=upgrade_db HTTP/1.1" 200 1
::1 - - [20/Feb/2025:11:20:48 +0800] "POST /wordpress2/wp-cron.php HTTP/1.1" 200 -
::1 - - [20/Feb/2025:11:20:57 +0800] "GET /wordpress2/ HTTP/1.1" 200 23924
::1 - - [20/Feb/2025:11:20:57 +0800] "GET /wordpress2/ HTTP/1.1" 200 23924
::1 - - [20/Feb/2025:11:20:58 +0800] "GET /wordpress2/ HTTP/1.1" 200 23924
::1 - - [20/Feb/2025:11:20:16 +0800] "POST /wordpress2/wp-cron.php?doing_wp_cron=1740021616.8312890529632568359375 HTTP/1.1" 200 -
::1 - - [20/Feb/2025:11:21:17 +0800] "GET /wordpress1/ HTTP/1.1" 200 32152
::1 - - [20/Feb/2025:11:21:17 +0800] "GET /wordpress1/wp-includes/css/admin-bar.min.css?ver=6.7.2 HTTP/1.1" 200 20182
::1 - - [20/Feb/2025:11:21:17 +0800] "GET /wordpress1/wp-includes/css/dashicons.min.css?ver=6.7.2 HTTP/1.1" 200 59016
::1 - - [20/Feb/2025:11:21:17 +0800] "GET /wordpress1/wp-content/themes/twentytwentyone/style.css?ver=2.4 HTTP/1.1" 200 156319
::1 - - [20/Feb/2025:11:21:17 +0800] "GET /wordpress1/wp-content/themes/twentytwentyone/assets/css/custom-color-overrides.css?ver=2.4 HTTP/1.1" 200 130
::1 - - [20/Feb/2025:11:21:17 +0800] "GET /wordpress1/wp-content/themes/twentytwentyone/assets/css/print.css?ver=2.4 HTTP/1.1" 200 2897
::1 - - [20/Feb/2025:11:21:17 +0800] "GET /wordpress1/wp-includes/css/dist/block-library/style.min.css?ver=6.7.2 HTTP/1.1" 200 114706
::1 - - [20/Feb/2025:11:21:17 +0800] "GET /wordpress1/wp-content/themes/twentytwentyone/assets/js/responsive-embeds.js?ver=2.4 HTTP/1.1" 200 1127
::1 - - [20/Feb/2025:11:21:20 +0800] "GET /wordpress1/wp-admin/index.php HTTP/1.1" 200 71911
::1 - - [20/Feb/2025:11:21:20 +0800] "POST /wordpress1/wp-admin/admin-ajax.php HTTP/1.1" 200 96
::1 - - [20/Feb/2025:11:21:43 +0800] "GET /phpmyadmin/ HTTP/1.1" 200 4495
::1 - - [20/Feb/2025:11:22:03 +0800] "GET /phpmyadmin/js/vendor/codemirror/lib/codemirror.css?v=5.2.2 HTTP/1.1" 200 8720
::1 - - [20/Feb/2025:11:22:03 +0800] "GET /phpmyadmin/themes/pmahomme/jquery/jquery-ui.css HTTP/1.1" 200 36566
::1 - - [20/Feb/2025:11:22:03 +0800] "GET /phpmyadmin/js/vendor/codemirror/addon/hint/show-hint.css?v=5.2.2 HTTP/1.1" 200 649
::1 - - [20/Feb/2025:11:22:03 +0800] "GET /phpmyadmin/themes/pmahomme/css/theme.css?v=5.2.2 HTTP/1.1" 200 401476
::1 - - [20/Feb/2025:11:22:03 +0800] "GET /phpmyadmin/js/vendor/codemirror/addon/lint/lint.css?v=5.2.2 HTTP/1.1" 200 3035
::1 - - [20/Feb/2025:11:22:03 +0800] "GET /phpmyadmin/js/vendor/sprintf.js?v=5.2.2 HTTP/1.1" 200 7360
::1 - - [20/Feb/2025:11:22:03 +0800] "GET /phpmyadmin/js/dist/keyhandler.js?v=5.2.2 HTTP/1.1" 200 2059
::1 - - [20/Feb/2025:11:22:03 +0800] "GET /phpmyadmin/js/dist/ajax.js?v=5.2.2 HTTP/1.1" 200 30022
::1 - - [20/Feb/2025:11:22:03 +0800] "GET /phpmyadmin/js/dist/name-conflict-fixes.js?v=5.2.2 HTTP/1.1" 200 43
::1 - - [20/Feb/2025:11:22:03 +0800] "GET /phpmyadmin/js/vendor/jquery/jquery-migrate.min.js?v=5.2.2 HTTP/1.1" 200 13992
::1 - - [20/Feb/2025:11:22:03 +0800] "GET /phpmyadmin/js/vendor/js.cookie.js?v=5.2.2 HTTP/1.1" 200 3883
::1 - - [20/Feb/2025:11:22:03 +0800] "GET /phpmyadmin/js/vendor/jquery/jquery.min.js?v=5.2.2 HTTP/1.1" 200 87533
::1 - - [20/Feb/2025:11:22:03 +0800] "GET /phpmyadmin/js/vendor/jquery/jquery-ui-timepicker-addon.js?v=5.2.2 HTTP/1.1" 200 78475
::1 - - [20/Feb/2025:11:22:03 +0800] "GET /phpmyadmin/js/vendor/jquery/jquery.validate.min.js?v=5.2.2 HTTP/1.1" 200 25308
::1 - - [20/Feb/2025:11:22:03 +0800] "GET /phpmyadmin/js/vendor/bootstrap/bootstrap.bundle.min.js?v=5.2.2 HTTP/1.1" 200 80721
::1 - - [20/Feb/2025:11:22:03 +0800] "GET /phpmyadmin/js/dist/cross_framing_protection.js?v=5.2.2 HTTP/1.1" 200 405
::1 - - [20/Feb/2025:11:22:03 +0800] "GET /phpmyadmin/js/vendor/jquery/jquery.debounce-1.0.6.js?v=5.2.2 HTTP/1.1" 200 1608
::1 - - [20/Feb/2025:11:22:03 +0800] "GET /phpmyadmin/js/dist/menu_resizer.js?v=5.2.2 HTTP/1.1" 200 5729
::1 - - [20/Feb/2025:11:22:03 +0800] "GET /phpmyadmin/js/vendor/jquery/jquery-ui.min.js?v=5.2.2 HTTP/1.1" 200 254963
::1 - - [20/Feb/2025:11:22:03 +0800] "GET /phpmyadmin/js/dist/config.js?v=5.2.2 HTTP/1.1" 200 24059
::1 - - [20/Feb/2025:11:22:03 +0800] "GET /phpmyadmin/js/dist/navigation.js?v=5.2.2 HTTP/1.1" 200 51823
::1 - - [20/Feb/2025:11:22:03 +0800] "GET /phpmyadmin/js/dist/common.js?v=5.2.2 HTTP/1.1" 200 4530
::1 - - [20/Feb/2025:11:22:03 +0800] "GET /phpmyadmin/js/dist/indexes.js?v=5.2.2 HTTP/1.1" 200 27180
::1 - - [20/Feb/2025:11:22:03 +0800] "GET /phpmyadmin/js/dist/functions.js?v=5.2.2 HTTP/1.1" 200 149833
::1 - - [20/Feb/2025:11:22:03 +0800] "GET /phpmyadmin/js/dist/doclinks.js?v=5.2.2 HTTP/1.1" 200 18276
::1 - - [20/Feb/2025:11:22:03 +0800] "GET /phpmyadmin/js/dist/page_settings.js?v=5.2.2 HTTP/1.1" 200 1818
::1 - - [20/Feb/2025:11:22:03 +0800] "GET /phpmyadmin/js/vendor/codemirror/mode/sql/sql.js?v=5.2.2 HTTP/1.1" 200 59564
::1 - - [20/Feb/2025:11:22:03 +0800] "GET /phpmyadmin/js/vendor/codemirror/addon/runmode/runmode.js?v=5.2.2 HTTP/1.1" 200 2777
::1 - - [20/Feb/2025:11:22:03 +0800] "GET /phpmyadmin/js/vendor/codemirror/addon/hint/show-hint.js?v=5.2.2 HTTP/1.1" 200 19792
::1 - - [20/Feb/2025:11:22:03 +0800] "GET /phpmyadmin/js/dist/codemirror/addon/lint/sql-lint.js?v=5.2.2 HTTP/1.1" 200 968
::1 - - [20/Feb/2025:11:22:03 +0800] "GET /phpmyadmin/js/vendor/codemirror/addon/hint/sql-hint.js?v=5.2.2 HTTP/1.1" 200 9560
::1 - - [20/Feb/2025:11:22:03 +0800] "GET /phpmyadmin/js/vendor/codemirror/addon/lint/lint.js?v=5.2.2 HTTP/1.1" 200 9987
::1 - - [20/Feb/2025:11:22:03 +0800] "GET /phpmyadmin/js/dist/drag_drop_import.js?v=5.2.2 HTTP/1.1" 200 12430
::1 - - [20/Feb/2025:11:22:03 +0800] "GET /phpmyadmin/js/vendor/tracekit.js?v=5.2.2 HTTP/1.1" 200 48455
::1 - - [20/Feb/2025:11:22:03 +0800] "GET /phpmyadmin/js/dist/error_report.js?v=5.2.2 HTTP/1.1" 200 9264
::1 - - [20/Feb/2025:11:22:03 +0800] "GET /phpmyadmin/themes/pmahomme/img/logo_right.png HTTP/1.1" 200 4306
::1 - - [20/Feb/2025:11:22:03 +0800] "GET /phpmyadmin/js/dist/shortcuts_handler.js?v=5.2.2 HTTP/1.1" 200 3303
::1 - - [20/Feb/2025:11:22:03 +0800] "GET /phpmyadmin/themes/dot.gif HTTP/1.1" 200 43
::1 - - [20/Feb/2025:11:22:03 +0800] "GET /phpmyadmin/js/dist/console.js?v=5.2.2 HTTP/1.1" 200 49660
::1 - - [20/Feb/2025:11:22:03 +0800] "GET /phpmyadmin/js/messages.php?l=en_GB&v=5.2.2 HTTP/1.1" 200 7939
::1 - - [20/Feb/2025:11:22:03 +0800] "GET /phpmyadmin/js/vendor/codemirror/lib/codemirror.js?v=5.2.2 HTTP/1.1" 200 401653
::1 - - [20/Feb/2025:11:22:04 +0800] "GET /phpmyadmin/themes/pmahomme/img/b_help.png HTTP/1.1" 200 705
::1 - - [20/Feb/2025:11:22:04 +0800] "GET /phpmyadmin/favicon.ico HTTP/1.1" 200 22486
::1 - - [20/Feb/2025:11:22:21 +0800] "POST /wordpress1/wp-admin/admin-ajax.php HTTP/1.1" 200 47
::1 - - [20/Feb/2025:11:22:58 +0800] "GET /wordpress1/wp-admin/index.php HTTP/1.1" 200 71911
::1 - - [20/Feb/2025:11:22:59 +0800] "GET /wordpress1/wp-admin/js/common.min.js?ver=6.7.2 HTTP/1.1" 304 -
::1 - - [20/Feb/2025:11:23:00 +0800] "GET /phpmyadmin/ HTTP/1.1" 200 4499
::1 - - [20/Feb/2025:11:22:59 +0800] "POST /wordpress1/wp-admin/admin-ajax.php HTTP/1.1" 200 442
::1 - - [20/Feb/2025:11:23:13 +0800] "POST /phpmyadmin/index.php?route=/ HTTP/1.1" 302 20
::1 - - [20/Feb/2025:11:23:13 +0800] "GET /phpmyadmin/index.php?route=/ HTTP/1.1" 200 16931
::1 - - [20/Feb/2025:11:23:17 +0800] "GET /phpmyadmin/themes/pmahomme/img/logo_left.png HTTP/1.1" 200 2713
::1 - - [20/Feb/2025:11:23:17 +0800] "GET /phpmyadmin/js/dist/home.js?v=5.2.2 HTTP/1.1" 200 5552
::1 - - [20/Feb/2025:11:23:17 +0800] "GET /phpmyadmin/themes/pmahomme/img/b_docs.png HTTP/1.1" 200 705
::1 - - [20/Feb/2025:11:23:17 +0800] "GET /phpmyadmin/themes/pmahomme/img/b_home.png HTTP/1.1" 200 734
::1 - - [20/Feb/2025:11:23:17 +0800] "GET /phpmyadmin/themes/pmahomme/img/s_loggoff.png HTTP/1.1" 200 626
::1 - - [20/Feb/2025:11:23:17 +0800] "GET /phpmyadmin/themes/pmahomme/img/b_sqlhelp.png HTTP/1.1" 200 512
::1 - - [20/Feb/2025:11:23:17 +0800] "GET /phpmyadmin/themes/pmahomme/img/s_reload.png HTTP/1.1" 200 527
::1 - - [20/Feb/2025:11:23:17 +0800] "GET /phpmyadmin/themes/pmahomme/img/s_cog.png HTTP/1.1" 200 442
::1 - - [20/Feb/2025:11:23:17 +0800] "GET /phpmyadmin/themes/pmahomme/img/b_plus.png HTTP/1.1" 200 143
::1 - - [20/Feb/2025:11:23:17 +0800] "GET /phpmyadmin/themes/pmahomme/img/s_collapseall.png HTTP/1.1" 200 143
::1 - - [20/Feb/2025:11:23:17 +0800] "GET /phpmyadmin/themes/pmahomme/img/s_db.png HTTP/1.1" 200 328
::1 - - [20/Feb/2025:11:23:17 +0800] "GET /phpmyadmin/themes/pmahomme/img/s_link.png HTTP/1.1" 200 280
::1 - - [20/Feb/2025:11:23:17 +0800] "GET /phpmyadmin/themes/pmahomme/img/s_host.png HTTP/1.1" 200 591
::1 - - [20/Feb/2025:11:23:17 +0800] "GET /phpmyadmin/themes/pmahomme/img/b_sql.png HTTP/1.1" 200 680
::1 - - [20/Feb/2025:11:23:17 +0800] "GET /phpmyadmin/themes/pmahomme/img/s_status.png HTTP/1.1" 200 600
::1 - - [20/Feb/2025:11:23:17 +0800] "GET /phpmyadmin/themes/pmahomme/img/b_export.png HTTP/1.1" 200 514
::1 - - [20/Feb/2025:11:23:17 +0800] "GET /phpmyadmin/themes/pmahomme/img/b_import.png HTTP/1.1" 200 556
::1 - - [20/Feb/2025:11:23:17 +0800] "GET /phpmyadmin/themes/pmahomme/img/b_tblops.png HTTP/1.1" 200 537
::1 - - [20/Feb/2025:11:23:17 +0800] "GET /phpmyadmin/themes/pmahomme/img/s_vars.png HTTP/1.1" 200 523
::1 - - [20/Feb/2025:11:23:17 +0800] "GET /phpmyadmin/themes/pmahomme/img/s_asci.png HTTP/1.1" 200 148
::1 - - [20/Feb/2025:11:23:17 +0800] "GET /phpmyadmin/themes/pmahomme/img/b_engine.png HTTP/1.1" 200 398
::1 - - [20/Feb/2025:11:23:17 +0800] "GET /phpmyadmin/themes/pmahomme/img/b_plugin.png HTTP/1.1" 200 512
::1 - - [20/Feb/2025:11:23:17 +0800] "GET /phpmyadmin/themes/pmahomme/img/s_passwd.png HTTP/1.1" 200 331
::1 - - [20/Feb/2025:11:23:17 +0800] "GET /phpmyadmin/themes/pmahomme/img/s_top.png HTTP/1.1" 200 220
::1 - - [20/Feb/2025:11:23:17 +0800] "GET /phpmyadmin/themes/pmahomme/img/console.png HTTP/1.1" 200 292
::1 - - [20/Feb/2025:11:23:17 +0800] "GET /phpmyadmin/themes/pmahomme/img/s_lang.png HTTP/1.1" 200 659
::1 - - [20/Feb/2025:11:23:17 +0800] "GET /phpmyadmin/themes/pmahomme/img/s_theme.png HTTP/1.1" 200 772
::1 - - [20/Feb/2025:11:23:17 +0800] "GET /phpmyadmin/themes/pmahomme/img/s_attention.png HTTP/1.1" 200 567
::1 - - [20/Feb/2025:11:23:17 +0800] "GET /phpmyadmin/themes/pmahomme/img/s_notice.png HTTP/1.1" 200 567
::1 - - [20/Feb/2025:11:23:17 +0800] "GET /phpmyadmin/themes/pmahomme/img/window-new.png HTTP/1.1" 200 468
::1 - - [20/Feb/2025:11:23:18 +0800] "POST /phpmyadmin/index.php?route=/navigation&ajax_request=1 HTTP/1.1" 200 2056
::1 - - [20/Feb/2025:11:23:18 +0800] "POST /phpmyadmin/index.php?route=/config/get HTTP/1.1" 200 1488
::1 - - [20/Feb/2025:11:23:17 +0800] "POST /phpmyadmin/index.php?route=/config/get HTTP/1.1" 200 1398
::1 - - [20/Feb/2025:11:23:18 +0800] "POST /phpmyadmin/index.php?route=/version-check HTTP/1.1" 200 64
::1 - - [20/Feb/2025:11:23:18 +0800] "POST /phpmyadmin/index.php?route=/config/set HTTP/1.1" 200 1389
::1 - - [20/Feb/2025:11:23:59 +0800] "POST /wordpress1/wp-admin/admin-ajax.php HTTP/1.1" 200 47
::1 - - [20/Feb/2025:11:26:00 +0800] "POST /wordpress1/wp-admin/admin-ajax.php HTTP/1.1" 200 47
::1 - - [20/Feb/2025:11:28:01 +0800] "POST /wordpress1/wp-admin/admin-ajax.php HTTP/1.1" 200 47
::1 - - [20/Feb/2025:11:28:14 +0800] "GET /wordpress1/wp-admin/load-styles.php?c=1&dir=ltr&load%5Bchunk_0%5D=dashicons,admin-bar,common,forms,admin-menu,dashboard,list-tables,edit,revisions,media,themes,about,nav-menus,wp-pointer,widgets&load%5Bchunk_1%5D=,site-icon,l10n,buttons,wp-auth-check&ver=6.7.2 HTTP/1.1" 200 400028
::1 - - [20/Feb/2025:11:28:14 +0800] "GET /wordpress1/wp-admin/options-general.php HTTP/1.1" 200 141919
::1 - - [20/Feb/2025:11:28:17 +0800] "GET /wordpress1/wp-admin/js/common.min.js?ver=6.7.2 HTTP/1.1" 304 -
::1 - - [20/Feb/2025:11:28:17 +0800] "GET /wordpress1/wp-includes/js/mediaelement/mediaelementplayer-legacy.min.css?ver=4.2.17 HTTP/1.1" 200 11256
::1 - - [20/Feb/2025:11:28:17 +0800] "GET /wordpress1/wp-includes/js/imgareaselect/imgareaselect.css?ver=0.9.8 HTTP/1.1" 200 790
::1 - - [20/Feb/2025:11:28:17 +0800] "GET /wordpress1/wp-includes/js/mediaelement/wp-mediaelement.min.css?ver=6.7.2 HTTP/1.1" 200 4186
::1 - - [20/Feb/2025:11:28:17 +0800] "GET /wordpress1/wp-includes/js/media-models.min.js?ver=6.7.2 HTTP/1.1" 200 13288
::1 - - [20/Feb/2025:11:28:17 +0800] "GET /wordpress1/wp-includes/js/wp-backbone.min.js?ver=6.7.2 HTTP/1.1" 200 3039
::1 - - [20/Feb/2025:11:28:17 +0800] "GET /wordpress1/wp-includes/js/backbone.min.js?ver=1.6.0 HTTP/1.1" 200 24278
::1 - - [20/Feb/2025:11:28:17 +0800] "GET /wordpress1/wp-includes/js/mediaelement/mediaelement-migrate.min.js?ver=6.7.2 HTTP/1.1" 200 1191
::1 - - [20/Feb/2025:11:28:17 +0800] "GET /wordpress1/wp-includes/js/plupload/plupload.min.js?ver=2.1.9 HTTP/1.1" 200 15605
::1 - - [20/Feb/2025:11:28:17 +0800] "GET /wordpress1/wp-includes/js/plupload/wp-plupload.min.js?ver=6.7.2 HTTP/1.1" 200 6036
::1 - - [20/Feb/2025:11:28:17 +0800] "GET /wordpress1/wp-includes/js/plupload/moxie.min.js?ver=1.3.5 HTTP/1.1" 200 87394
::1 - - [20/Feb/2025:11:28:17 +0800] "GET /wordpress1/wp-includes/js/mediaelement/wp-mediaelement.min.js?ver=6.7.2 HTTP/1.1" 200 1107
::1 - - [20/Feb/2025:11:28:17 +0800] "GET /wordpress1/wp-includes/js/media-views.min.js?ver=6.7.2 HTTP/1.1" 200 110617
::1 - - [20/Feb/2025:11:28:17 +0800] "GET /wordpress1/wp-includes/js/media-editor.min.js?ver=6.7.2 HTTP/1.1" 200 10885
::1 - - [20/Feb/2025:11:28:17 +0800] "GET /wordpress1/wp-includes/js/media-audiovideo.min.js?ver=6.7.2 HTTP/1.1" 200 12058
::1 - - [20/Feb/2025:11:28:17 +0800] "GET /wordpress1/wp-admin/js/site-icon.js?ver=6.7.2 HTTP/1.1" 200 6243
::1 - - [20/Feb/2025:11:28:17 +0800] "GET /wordpress1/wp-includes/js/mediaelement/mediaelement-and-player.min.js?ver=4.2.17 HTTP/1.1" 200 158005
::1 - - [20/Feb/2025:11:28:17 +0800] "GET /wordpress1/wp-includes/js/imgareaselect/jquery.imgareaselect.min.js?ver=6.7.2 HTTP/1.1" 200 9770
::1 - - [20/Feb/2025:11:28:17 +0800] "GET /wordpress1/wp-admin/js/image-edit.min.js?ver=6.7.2 HTTP/1.1" 200 15515
::1 - - [20/Feb/2025:11:28:17 +0800] "GET /wordpress1/wp-admin/load-styles.php?c=1&dir=ltr&load%5Bchunk_0%5D=media-views&ver=6.7.2 HTTP/1.1" 200 46622
::1 - - [20/Feb/2025:11:28:17 +0800] "GET /wordpress1/wp-includes/js/mce-view.min.js?ver=6.7.2 HTTP/1.1" 200 9770
::1 - - [20/Feb/2025:11:29:18 +0800] "POST /wordpress1/wp-admin/admin-ajax.php HTTP/1.1" 200 47
::1 - - [20/Feb/2025:11:31:18 +0800] "POST /wordpress1/wp-admin/admin-ajax.php HTTP/1.1" 200 47
::1 - - [20/Feb/2025:11:32:19 +0800] "POST /wordpress1/wp-admin/admin-ajax.php HTTP/1.1" 200 47
::1 - - [20/Feb/2025:11:32:27 +0800] "GET /wordpress1/wp-admin/index.php HTTP/1.1" 200 71911
::1 - - [20/Feb/2025:11:32:28 +0800] "GET /wordpress1/wp-admin/js/common.min.js?ver=6.7.2 HTTP/1.1" 304 -
::1 - - [20/Feb/2025:11:32:29 +0800] "GET /wordpress1/wp-admin/index.php HTTP/1.1" 200 71911
::1 - - [20/Feb/2025:11:32:28 +0800] "POST /wordpress1/wp-admin/admin-ajax.php HTTP/1.1" 200 442
::1 - - [20/Feb/2025:11:32:30 +0800] "POST /wordpress1/wp-admin/admin-ajax.php HTTP/1.1" 200 442
::1 - - [20/Feb/2025:11:32:31 +0800] "GET /wordpress1/wp-admin/themes.php HTTP/1.1" 200 56604
::1 - - [20/Feb/2025:11:32:32 +0800] "GET /wordpress1/wp-content/themes/twentytwentyone/screenshot.png?ver=2.4 HTTP/1.1" 200 282897
::1 - - [20/Feb/2025:11:32:32 +0800] "GET /wordpress1/wp-content/themes/twentytwentythree/screenshot.png?ver=1.6 HTTP/1.1" 200 81654
::1 - - [20/Feb/2025:11:32:32 +0800] "GET /wordpress1/wp-content/themes/twentytwentyfour/screenshot.png?ver=1.3 HTTP/1.1" 200 721059
::1 - - [20/Feb/2025:11:32:32 +0800] "GET /wordpress1/wp-admin/js/theme.min.js?ver=6.7.2 HTTP/1.1" 200 27037
::1 - - [20/Feb/2025:11:32:32 +0800] "GET /wordpress1/wp-includes/js/customize-base.min.js?ver=6.7.2 HTTP/1.1" 200 7852
::1 - - [20/Feb/2025:11:32:55 +0800] "GET /wordpress2/wp-includes/js/thickbox/thickbox.css?ver=6.7.2 HTTP/1.1" 200 2659
::1 - - [20/Feb/2025:11:32:56 +0800] "GET /wordpress2/wp-includes/css/editor.min.css?ver=6.7.2 HTTP/1.1" 200 26851
::1 - - [20/Feb/2025:11:32:55 +0800] "GET /wordpress2/wp-admin/load-scripts.php?c=1&load%5Bchunk_0%5D=jquery-core,jquery-migrate,utils&ver=6.7.2 HTTP/1.1" 200 102997
::1 - - [20/Feb/2025:11:32:53 +0800] "GET /wordpress2/wp-admin/ HTTP/1.1" 200 71104
::1 - - [20/Feb/2025:11:32:56 +0800] "GET /wordpress2/wp-admin/js/common.min.js?ver=6.7.2 HTTP/1.1" 200 23578
::1 - - [20/Feb/2025:11:32:56 +0800] "GET /wordpress2/wp-includes/js/dist/a11y.min.js?ver=3156534cc54473497e14 HTTP/1.1" 200 2358
::1 - - [20/Feb/2025:11:32:56 +0800] "GET /wordpress2/wp-includes/js/hoverintent-js.min.js?ver=2.2.1 HTTP/1.1" 200 1718
::1 - - [20/Feb/2025:11:32:56 +0800] "GET /wordpress2/wp-includes/js/dist/i18n.min.js?ver=5e580eb46a90c2b997e6 HTTP/1.1" 200 9141
::1 - - [20/Feb/2025:11:32:56 +0800] "GET /wordpress2/wp-includes/js/admin-bar.min.js?ver=6.7.2 HTTP/1.1" 200 3487
::1 - - [20/Feb/2025:11:32:56 +0800] "GET /wordpress2/wp-includes/js/wp-util.min.js?ver=6.7.2 HTTP/1.1" 200 1426
::1 - - [20/Feb/2025:11:32:56 +0800] "GET /wordpress2/wp-admin/load-scripts.php?c=1&load%5Bchunk_0%5D=hoverIntent,wp-dom-ready,wp-hooks&ver=6.7.2 HTTP/1.1" 200 6735
::1 - - [20/Feb/2025:11:32:56 +0800] "GET /wordpress2/wp-includes/js/api-request.min.js?ver=6.7.2 HTTP/1.1" 200 1023
::1 - - [20/Feb/2025:11:32:56 +0800] "GET /wordpress2/wp-includes/js/dist/url.min.js?ver=e87eb76272a3a08402d2 HTTP/1.1" 200 8375
::1 - - [20/Feb/2025:11:32:56 +0800] "GET /wordpress2/wp-includes/js/wp-ajax-response.min.js?ver=6.7.2 HTTP/1.1" 200 2505
::1 - - [20/Feb/2025:11:32:56 +0800] "GET /wordpress2/wp-includes/js/jquery/jquery.color.min.js?ver=3.0.0 HTTP/1.1" 200 6645
::1 - - [20/Feb/2025:11:32:56 +0800] "GET /wordpress2/wp-includes/js/wp-lists.min.js?ver=6.7.2 HTTP/1.1" 200 7521
::1 - - [20/Feb/2025:11:32:56 +0800] "GET /wordpress2/wp-includes/js/underscore.min.js?ver=1.13.7 HTTP/1.1" 200 18878
::1 - - [20/Feb/2025:11:32:56 +0800] "GET /wordpress2/wp-includes/js/quicktags.min.js?ver=6.7.2 HTTP/1.1" 200 11132
::1 - - [20/Feb/2025:11:32:56 +0800] "GET /wordpress2/wp-includes/js/dist/vendor/wp-polyfill.min.js?ver=3.15.0 HTTP/1.1" 200 37931
::1 - - [20/Feb/2025:11:32:56 +0800] "GET /wordpress2/wp-admin/js/edit-comments.min.js?ver=6.7.2 HTTP/1.1" 200 15366
::1 - - [20/Feb/2025:11:32:56 +0800] "GET /wordpress2/wp-includes/js/jquery/jquery.query.js?ver=2.2.3 HTTP/1.1" 200 3694
::1 - - [20/Feb/2025:11:32:56 +0800] "GET /wordpress2/wp-includes/js/jquery/ui/core.min.js?ver=1.13.3 HTTP/1.1" 200 21464
::1 - - [20/Feb/2025:11:32:56 +0800] "GET /wordpress2/wp-admin/js/postbox.min.js?ver=6.7.2 HTTP/1.1" 200 6705
::1 - - [20/Feb/2025:11:32:56 +0800] "GET /wordpress2/wp-includes/js/jquery/ui/mouse.min.js?ver=1.13.3 HTTP/1.1" 200 3428
::1 - - [20/Feb/2025:11:32:56 +0800] "GET /wordpress2/wp-includes/js/dist/deprecated.min.js?ver=e1f84915c5e8ae38964c HTTP/1.1" 200 684
::1 - - [20/Feb/2025:11:32:56 +0800] "GET /wordpress2/wp-includes/js/jquery/ui/sortable.min.js?ver=1.13.3 HTTP/1.1" 200 25504
::1 - - [20/Feb/2025:11:32:56 +0800] "GET /wordpress2/wp-admin/js/dashboard.min.js?ver=6.7.2 HTTP/1.1" 200 8797
::1 - - [20/Feb/2025:11:32:56 +0800] "GET /wordpress2/wp-includes/js/dist/vendor/moment.min.js?ver=2.30.1 HTTP/1.1" 200 58811
::1 - - [20/Feb/2025:11:32:56 +0800] "GET /wordpress2/wp-admin/js/plugin-install.min.js?ver=6.7.2 HTTP/1.1" 200 2403
::1 - - [20/Feb/2025:11:32:56 +0800] "GET /wordpress2/wp-includes/js/wp-sanitize.min.js?ver=6.7.2 HTTP/1.1" 200 458
::1 - - [20/Feb/2025:11:32:56 +0800] "GET /wordpress2/wp-includes/js/thickbox/thickbox.js?ver=3.1-20121105 HTTP/1.1" 200 13332
::1 - - [20/Feb/2025:11:32:56 +0800] "GET /wordpress2/wp-includes/js/dist/date.min.js?ver=aaca6387d1cf924acc51 HTTP/1.1" 200 783428
::1 - - [20/Feb/2025:11:32:56 +0800] "GET /wordpress2/wp-admin/js/media-upload.min.js?ver=6.7.2 HTTP/1.1" 200 1152
::1 - - [20/Feb/2025:11:32:56 +0800] "GET /wordpress2/wp-includes/js/shortcode.min.js?ver=6.7.2 HTTP/1.1" 200 2643
::1 - - [20/Feb/2025:11:32:56 +0800] "GET /wordpress2/wp-admin/js/updates.min.js?ver=6.7.2 HTTP/1.1" 200 48366
::1 - - [20/Feb/2025:11:32:56 +0800] "GET /wordpress2/wp-includes/js/heartbeat.min.js?ver=6.7.2 HTTP/1.1" 200 5947
::1 - - [20/Feb/2025:11:32:56 +0800] "GET /wordpress2/wp-includes/js/wp-auth-check.min.js?ver=6.7.2 HTTP/1.1" 200 1658
::1 - - [20/Feb/2025:11:32:56 +0800] "GET /wordpress2/wp-admin/js/svg-painter.js?ver=6.7.2 HTTP/1.1" 200 3280
::1 - - [20/Feb/2025:11:32:56 +0800] "GET /wordpress2/wp-includes/js/jquery/ui/menu.min.js?ver=1.13.3 HTTP/1.1" 200 10199
::1 - - [20/Feb/2025:11:32:56 +0800] "GET /wordpress2/wp-includes/js/jquery/ui/autocomplete.min.js?ver=1.13.3 HTTP/1.1" 200 8536
::1 - - [20/Feb/2025:11:32:56 +0800] "GET /wordpress2/wp-includes/js/wplink.min.js?ver=6.7.2 HTTP/1.1" 200 11317
::1 - - [20/Feb/2025:11:32:56 +0800] "GET /wordpress2/wp-includes/js/clipboard.min.js?ver=2.0.11 HTTP/1.1" 200 9009
::1 - - [20/Feb/2025:11:32:55 +0800] "GET /wordpress2/wp-admin/load-styles.php?c=1&dir=ltr&load%5Bchunk_0%5D=dashicons,admin-bar,site-health,common,forms,admin-menu,dashboard,list-tables,edit,revisions,media,themes,about,nav-menus,wp-poi&load%5Bchunk_1%5D=nter,widgets,site-icon,l10n,buttons,wp-auth-check&ver=6.7.2 HTTP/1.1" 200 405203
::1 - - [20/Feb/2025:11:32:56 +0800] "GET /wordpress2/wp-admin/js/site-health.min.js?ver=6.7.2 HTTP/1.1" 200 6282
::1 - - [20/Feb/2025:11:32:57 +0800] "GET /wordpress2/wp-includes/js/thickbox/loadingAnimation.gif HTTP/1.1" 200 15238
::1 - - [20/Feb/2025:11:32:57 +0800] "GET /wordpress2/wp-includes/js/wp-emoji-release.min.js?ver=6.7.2 HTTP/1.1" 200 18726
::1 - - [20/Feb/2025:11:32:57 +0800] "POST /wordpress2/wp-admin/admin-ajax.php HTTP/1.1" 200 442
::1 - - [20/Feb/2025:11:32:59 +0800] "GET /wordpress2/wp-admin/images/spinner-2x.gif HTTP/1.1" 200 7536
::1 - - [20/Feb/2025:11:33:01 +0800] "GET /wordpress2/wp-admin/load-styles.php?c=1&dir=ltr&load%5Bchunk_0%5D=dashicons,admin-bar,common,forms,admin-menu,dashboard,list-tables,edit,revisions,media,themes,about,nav-menus,wp-pointer,widgets&load%5Bchunk_1%5D=,site-icon,l10n,buttons,wp-auth-check&ver=6.7.2 HTTP/1.1" 200 400028
::1 - - [20/Feb/2025:11:33:02 +0800] "GET /wordpress2/wp-content/themes/twentytwentythree/screenshot.png?ver=1.6 HTTP/1.1" 200 81654
::1 - - [20/Feb/2025:11:33:02 +0800] "GET /wordpress2/wp-content/themes/twentytwentyfive/screenshot.png?ver=1.0 HTTP/1.1" 200 216683
::1 - - [20/Feb/2025:11:33:00 +0800] "GET /wordpress2/wp-admin/themes.php HTTP/1.1" 200 57399
::1 - - [20/Feb/2025:11:33:02 +0800] "GET /wordpress2/wp-content/themes/twentytwentyfour/screenshot.png?ver=1.3 HTTP/1.1" 200 721059
::1 - - [20/Feb/2025:11:33:02 +0800] "GET /wordpress2/wp-content/themes/twentytwentyone/screenshot.png?ver=2.4 HTTP/1.1" 200 282897
::1 - - [20/Feb/2025:11:33:02 +0800] "GET /wordpress2/wp-includes/js/customize-base.min.js?ver=6.7.2 HTTP/1.1" 200 7852
::1 - - [20/Feb/2025:11:33:02 +0800] "GET /wordpress2/wp-includes/js/wp-backbone.min.js?ver=6.7.2 HTTP/1.1" 200 3039
::1 - - [20/Feb/2025:11:33:02 +0800] "GET /wordpress2/wp-admin/js/theme.min.js?ver=6.7.2 HTTP/1.1" 200 27037
::1 - - [20/Feb/2025:11:33:02 +0800] "GET /wordpress2/wp-includes/js/backbone.min.js?ver=1.6.0 HTTP/1.1" 200 24278
::1 - - [20/Feb/2025:11:32:57 +0800] "GET /wordpress2/wp-admin/admin-ajax.php?action=dashboard-widgets&widget=dashboard_primary&pagenow=dashboard HTTP/1.1" 200 981
::1 - - [20/Feb/2025:11:33:13 +0800] "GET /wordpress2/wp-admin/load-styles.php?c=1&dir=ltr&load%5Bchunk_0%5D=dashicons,admin-bar,common,forms,admin-menu,dashboard,list-tables,edit,revisions,media,themes,about,nav-menus,wp-pointer,widgets&load%5Bchunk_1%5D=,site-icon,l10n,buttons&ver=6.7.2 HTTP/1.1" 200 398125
::1 - - [20/Feb/2025:11:33:11 +0800] "GET /wordpress2/wp-admin/update.php?action=install-theme&theme=twentyseventeen&_wpnonce=7bda4cae88 HTTP/1.1" 200 24250
::1 - - [20/Feb/2025:11:33:25 +0800] "GET /wordpress2/wp-admin/themes.php?action=activate&template=twentyseventeen&stylesheet=twentyseventeen&_wpnonce=4b1e5a4f78 HTTP/1.1" 302 -
::1 - - [20/Feb/2025:11:33:27 +0800] "GET /wordpress2/wp-admin/themes.php?activated=true HTTP/1.1" 200 61708
::1 - - [20/Feb/2025:11:33:28 +0800] "GET /wordpress2/wp-content/themes/twentyseventeen/screenshot.png?ver=3.8 HTTP/1.1" 200 362128
::1 - - [20/Feb/2025:11:34:25 +0800] "-" 408 -
::1 - - [20/Feb/2025:11:34:28 +0800] "POST /wordpress2/wp-admin/admin-ajax.php HTTP/1.1" 200 47
::1 - - [20/Feb/2025:11:36:29 +0800] "POST /wordpress2/wp-admin/admin-ajax.php HTTP/1.1" 200 47
::1 - - [20/Feb/2025:11:36:49 +0800] "GET /wordpress2/wp-admin/themes.php HTTP/1.1" 200 63820
::1 - - [20/Feb/2025:11:36:50 +0800] "GET /wordpress2/wp-content/themes/twentyseventeen/screenshot.png?ver=3.8 HTTP/1.1" 304 -
::1 - - [20/Feb/2025:11:36:50 +0800] "GET /wordpress2/wp-content/themes/02-mychildtheme/screenshot.png?ver=1.0.1 HTTP/1.1" 200 12128
::1 - - [20/Feb/2025:11:36:50 +0800] "GET /wordpress2/wp-admin/js/common.min.js?ver=6.7.2 HTTP/1.1" 304 -
::1 - - [20/Feb/2025:11:37:21 +0800] "GET /wordpress2/wp-admin/themes.php?action=activate&stylesheet=01-mychildtheme&_wpnonce=9e49e87898 HTTP/1.1" 302 -
::1 - - [20/Feb/2025:11:37:21 +0800] "GET /wordpress2/wp-admin/themes.php?activated=true HTTP/1.1" 200 63834
::1 - - [20/Feb/2025:11:37:22 +0800] "GET /wordpress2/wp-content/themes/twentyseventeen/screenshot.png?ver=3.8 HTTP/1.1" 304 -
::1 - - [20/Feb/2025:11:37:25 +0800] "GET /wordpress2/ HTTP/1.1" 200 75936
::1 - - [20/Feb/2025:11:37:25 +0800] "GET /wordpress2/wp-includes/css/dashicons.min.css?ver=6.7.2 HTTP/1.1" 200 59016
::1 - - [20/Feb/2025:11:37:25 +0800] "GET /wordpress2/wp-includes/css/admin-bar.min.css?ver=6.7.2 HTTP/1.1" 200 20182
::1 - - [20/Feb/2025:11:37:25 +0800] "GET /wordpress2/wp-content/themes/twentyseventeen/assets/fonts/font-libre-franklin.css?ver=20230328 HTTP/1.1" 200 11473
::1 - - [20/Feb/2025:11:37:25 +0800] "GET /wordpress2/wp-content/themes/01-mychildtheme/style.css?ver=20241112 HTTP/1.1" 200 239
::1 - - [20/Feb/2025:11:37:25 +0800] "GET /wordpress2/wp-content/themes/twentyseventeen/assets/css/blocks.css?ver=20240729 HTTP/1.1" 200 11231
::1 - - [20/Feb/2025:11:37:25 +0800] "GET /wordpress2/wp-includes/js/jquery/jquery.min.js?ver=3.7.1 HTTP/1.1" 200 87553
::1 - - [20/Feb/2025:11:37:25 +0800] "GET /wordpress2/wp-includes/js/jquery/jquery-migrate.min.js?ver=3.4.1 HTTP/1.1" 200 13577
::1 - - [20/Feb/2025:11:37:25 +0800] "GET /wordpress2/wp-content/themes/twentyseventeen/assets/images/header.jpg HTTP/1.1" 200 117899
::1 - - [20/Feb/2025:11:37:25 +0800] "GET /wordpress2/wp-includes/css/dist/block-library/style.min.css?ver=6.7.2 HTTP/1.1" 200 114706
::1 - - [20/Feb/2025:11:37:25 +0800] "GET /wordpress2/wp-content/themes/twentyseventeen/assets/js/global.js?ver=20211130 HTTP/1.1" 200 7825
::1 - - [20/Feb/2025:11:37:25 +0800] "GET /wordpress2/wp-content/themes/twentyseventeen/assets/js/jquery.scrollTo.js?ver=2.1.3 HTTP/1.1" 200 5817
::1 - - [20/Feb/2025:11:37:41 +0800] "GET /wordpress2/wp-admin/ HTTP/1.1" 200 71916
::1 - - [20/Feb/2025:11:37:41 +0800] "POST /wordpress2/wp-admin/admin-ajax.php HTTP/1.1" 200 442
::1 - - [20/Feb/2025:11:37:44 +0800] "GET /wordpress2/wp-admin/themes.php HTTP/1.1" 200 63690
::1 - - [20/Feb/2025:11:37:52 +0800] "GET /wordpress2/wp-admin/themes.php?action=activate&stylesheet=twentyseventeen&_wpnonce=4b1e5a4f78 HTTP/1.1" 302 -
::1 - - [20/Feb/2025:11:37:52 +0800] "GET /wordpress2/wp-admin/themes.php?activated=true HTTP/1.1" 200 63964
::1 - - [20/Feb/2025:11:37:53 +0800] "GET /wordpress2/wp-content/themes/twentyseventeen/screenshot.png?ver=3.8 HTTP/1.1" 304 -
::1 - - [20/Feb/2025:11:38:33 +0800] "GET /wordpress2/wp-admin/themes.php?action=activate&stylesheet=02-mychildtheme&_wpnonce=bd7ecd3c6d HTTP/1.1" 302 -
::1 - - [20/Feb/2025:11:38:33 +0800] "GET /wordpress2/wp-admin/themes.php?activated=true HTTP/1.1" 200 63834
::1 - - [20/Feb/2025:11:38:34 +0800] "GET /wordpress2/wp-content/themes/twentyseventeen/screenshot.png?ver=3.8 HTTP/1.1" 304 -
::1 - - [20/Feb/2025:11:38:34 +0800] "GET /wordpress2/wp-admin/js/common.min.js?ver=6.7.2 HTTP/1.1" 304 -
::1 - - [20/Feb/2025:11:38:35 +0800] "GET /wordpress2/ HTTP/1.1" 200 75936
::1 - - [20/Feb/2025:11:38:36 +0800] "GET /wordpress2/wp-content/themes/02-mychildtheme/style.css?ver=20241112 HTTP/1.1" 200 316
::1 - - [20/Feb/2025:11:38:36 +0800] "GET /wordpress2/wp-content/themes/twentyseventeen/assets/fonts/font-libre-franklin.css?ver=20230328 HTTP/1.1" 304 -
::1 - - [20/Feb/2025:11:38:36 +0800] "GET /wordpress2/wp-content/themes/twentyseventeen/assets/css/blocks.css?ver=20240729 HTTP/1.1" 304 -
::1 - - [20/Feb/2025:11:38:36 +0800] "GET /wordpress2/wp-content/themes/twentyseventeen/assets/images/header.jpg HTTP/1.1" 304 -
::1 - - [20/Feb/2025:11:38:36 +0800] "GET /wordpress2/wp-content/themes/twentyseventeen/assets/js/global.js?ver=20211130 HTTP/1.1" 304 -
::1 - - [20/Feb/2025:11:38:36 +0800] "GET /wordpress2/wp-content/themes/twentyseventeen/assets/js/jquery.scrollTo.js?ver=2.1.3 HTTP/1.1" 304 -
::1 - - [20/Feb/2025:11:38:40 +0800] "GET /wordpress2/wp-admin/ HTTP/1.1" 200 71916
::1 - - [20/Feb/2025:11:38:40 +0800] "POST /wordpress2/wp-admin/admin-ajax.php HTTP/1.1" 200 442
::1 - - [20/Feb/2025:11:38:42 +0800] "GET /wordpress2/wp-admin/themes.php HTTP/1.1" 200 63690
::1 - - [20/Feb/2025:11:39:42 +0800] "-" 408 -
::1 - - [20/Feb/2025:11:39:43 +0800] "POST /wordpress2/wp-admin/admin-ajax.php HTTP/1.1" 200 47
::1 - - [20/Feb/2025:11:41:44 +0800] "POST /wordpress2/wp-admin/admin-ajax.php HTTP/1.1" 200 47
::1 - - [20/Feb/2025:11:43:45 +0800] "POST /wordpress2/wp-admin/admin-ajax.php HTTP/1.1" 200 47
::1 - - [20/Feb/2025:11:45:46 +0800] "POST /wordpress2/wp-admin/admin-ajax.php HTTP/1.1" 200 47
::1 - - [20/Feb/2025:11:47:47 +0800] "POST /wordpress2/wp-admin/admin-ajax.php HTTP/1.1" 200 47
::1 - - [20/Feb/2025:11:58:03 +0800] "POST /wordpress2/wp-admin/admin-ajax.php HTTP/1.1" 200 47
::1 - - [20/Feb/2025:11:58:03 +0800] "POST /wordpress2/wp-cron.php?doing_wp_cron=1740023883.6774859428405761718750 HTTP/1.1" 200 -
::1 - - [20/Feb/2025:11:58:12 +0800] "GET /wordpress2/wp-admin/themes.php?action=activate&stylesheet=twentytwentyone&_wpnonce=f9a6cb0379 HTTP/1.1" 302 -
::1 - - [20/Feb/2025:11:58:12 +0800] "GET /wordpress2/wp-admin/themes.php?activated=true HTTP/1.1" 200 63995
::1 - - [20/Feb/2025:11:58:12 +0800] "GET /wordpress2/wp-content/themes/twentyseventeen/screenshot.png?ver=3.8 HTTP/1.1" 304 -
::1 - - [20/Feb/2025:11:58:12 +0800] "GET /wordpress2/wp-admin/js/common.min.js?ver=6.7.2 HTTP/1.1" 304 -
::1 - - [20/Feb/2025:11:59:12 +0800] "-" 408 -
::1 - - [20/Feb/2025:11:59:13 +0800] "POST /wordpress2/wp-admin/admin-ajax.php HTTP/1.1" 200 47
::1 - - [20/Feb/2025:12:00:17 +0800] "POST /wordpress2/wp-admin/admin-ajax.php HTTP/1.1" 200 47
::1 - - [20/Feb/2025:12:00:20 +0800] "GET /wordpress2/ HTTP/1.1" 200 32312
::1 - - [20/Feb/2025:12:00:21 +0800] "GET /wordpress2/wp-content/themes/twentytwentyone/style.css?ver=2.4 HTTP/1.1" 200 156319
::1 - - [20/Feb/2025:12:00:21 +0800] "GET /wordpress2/wp-content/themes/twentytwentyone/assets/css/print.css?ver=2.4 HTTP/1.1" 200 2897
::1 - - [20/Feb/2025:12:00:21 +0800] "GET /wordpress2/wp-content/themes/twentytwentyone/assets/css/custom-color-overrides.css?ver=2.4 HTTP/1.1" 200 130
::1 - - [20/Feb/2025:12:00:21 +0800] "GET /wordpress2/wp-content/themes/twentytwentyone/assets/js/responsive-embeds.js?ver=2.4 HTTP/1.1" 200 1127
::1 - - [20/Feb/2025:12:00:24 +0800] "GET /wordpress2/wp-admin/themes.php HTTP/1.1" 200 64667
::1 - - [20/Feb/2025:12:01:21 +0800] "-" 408 -
::1 - - [20/Feb/2025:12:01:25 +0800] "POST /wordpress2/wp-admin/admin-ajax.php HTTP/1.1" 200 47
::1 - - [20/Feb/2025:12:02:00 +0800] "GET /wordpress2/wp-admin/themes.php HTTP/1.1" 200 65856
::1 - - [20/Feb/2025:12:02:01 +0800] "GET /wordpress2/wp-content/themes/twentyseventeen/screenshot.png?ver=3.8 HTTP/1.1" 304 -
::1 - - [20/Feb/2025:12:02:02 +0800] "GET /wordpress2/wp-admin/js/common.min.js?ver=6.7.2 HTTP/1.1" 304 -
::1 - - [20/Feb/2025:12:02:04 +0800] "GET /wordpress2/wp-admin/themes.php?action=activate&stylesheet=AT1-childtheme&_wpnonce=37ab06a28e HTTP/1.1" 302 -
::1 - - [20/Feb/2025:12:02:05 +0800] "GET /wordpress2/wp-admin/themes.php?activated=true HTTP/1.1" 200 65878
::1 - - [20/Feb/2025:12:02:07 +0800] "GET /wordpress2/ HTTP/1.1" 200 32312
::1 - - [20/Feb/2025:12:02:07 +0800] "GET /wordpress2/wp-content/themes/twentytwentyone/assets/css/custom-color-overrides.css?ver=1.0 HTTP/1.1" 200 130
::1 - - [20/Feb/2025:12:02:07 +0800] "GET /wordpress2/wp-content/themes/twentytwentyone/style.css?ver=1.0 HTTP/1.1" 200 156319
::1 - - [20/Feb/2025:12:02:07 +0800] "GET /wordpress2/wp-content/themes/twentytwentyone/assets/js/responsive-embeds.js?ver=1.0 HTTP/1.1" 200 1127
::1 - - [20/Feb/2025:12:02:08 +0800] "GET /wordpress2/wp-content/themes/twentytwentyone/assets/css/print.css?ver=1.0 HTTP/1.1" 200 2897
::1 - - [20/Feb/2025:12:02:16 +0800] "GET /wordpress2/wp-admin/ HTTP/1.1" 200 71940
::1 - - [20/Feb/2025:12:02:18 +0800] "GET /wordpress2/wp-admin/themes.php HTTP/1.1" 200 65734
::1 - - [20/Feb/2025:12:02:16 +0800] "POST /wordpress2/wp-admin/admin-ajax.php HTTP/1.1" 200 442
::1 - - [20/Feb/2025:12:03:18 +0800] "POST /wordpress2/wp-admin/admin-ajax.php HTTP/1.1" 200 47
::1 - - [20/Feb/2025:12:03:49 +0800] "GET /wordpress2/wp-admin/themes.php HTTP/1.1" 200 65734
::1 - - [20/Feb/2025:12:03:51 +0800] "GET /wordpress2/ HTTP/1.1" 200 32312
::1 - - [20/Feb/2025:12:03:55 +0800] "GET /wordpress2/ HTTP/1.1" 200 32312
::1 - - [20/Feb/2025:12:04:35 +0800] "GET /wordpress2/ HTTP/1.1" 200 32312
::1 - - [20/Feb/2025:12:05:35 +0800] "-" 408 -
::1 - - [20/Feb/2025:12:08:19 +0800] "GET /wordpress2/wp-admin/ HTTP/1.1" 200 71940
::1 - - [20/Feb/2025:12:08:20 +0800] "GET /wordpress2/wp-admin/js/common.min.js?ver=6.7.2 HTTP/1.1" 304 -
::1 - - [20/Feb/2025:12:08:20 +0800] "POST /wordpress2/wp-admin/admin-ajax.php HTTP/1.1" 200 442
::1 - - [20/Feb/2025:12:08:22 +0800] "GET /wordpress2/wp-admin/themes.php HTTP/1.1" 200 70247
::1 - - [20/Feb/2025:12:08:24 +0800] "GET /wordpress2/wp-content/themes/03-mychildtheme/screenshot.png?ver=1.0.2 HTTP/1.1" 200 11958
::1 - - [20/Feb/2025:12:08:24 +0800] "GET /wordpress2/wp-content/themes/04-mychildtheme/screenshot.png?ver=1.0.3 HTTP/1.1" 200 11729
::1 - - [20/Feb/2025:12:08:24 +0800] "GET /wordpress2/wp-content/themes/twentyseventeen/screenshot.png?ver=3.8 HTTP/1.1" 304 -
::1 - - [20/Feb/2025:12:09:24 +0800] "POST /wordpress2/wp-admin/admin-ajax.php HTTP/1.1" 200 47
::1 - - [20/Feb/2025:12:10:08 +0800] "GET /wordpress2/wp-admin/themes.php?action=activate&stylesheet=03-mychildtheme&_wpnonce=fcbb0afc65 HTTP/1.1" 302 -
::1 - - [20/Feb/2025:12:10:09 +0800] "GET /wordpress2/wp-admin/themes.php?activated=true HTTP/1.1" 200 70350
::1 - - [20/Feb/2025:12:10:12 +0800] "GET /wordpress2/ HTTP/1.1" 200 75936
::1 - - [20/Feb/2025:12:10:13 +0800] "GET /wordpress2/wp-content/themes/03-mychildtheme/style.css?ver=20241112 HTTP/1.1" 200 353
::1 - - [20/Feb/2025:12:10:13 +0800] "GET /wordpress2/wp-content/themes/twentyseventeen/assets/fonts/font-libre-franklin.css?ver=20230328 HTTP/1.1" 304 -
::1 - - [20/Feb/2025:12:10:13 +0800] "GET /wordpress2/wp-content/themes/twentyseventeen/assets/css/blocks.css?ver=20240729 HTTP/1.1" 304 -
::1 - - [20/Feb/2025:12:10:13 +0800] "GET /wordpress2/wp-content/themes/twentyseventeen/assets/images/header.jpg HTTP/1.1" 304 -
::1 - - [20/Feb/2025:12:10:13 +0800] "GET /wordpress2/wp-content/themes/twentyseventeen/assets/js/global.js?ver=20211130 HTTP/1.1" 304 -
::1 - - [20/Feb/2025:12:10:13 +0800] "GET /wordpress2/wp-content/themes/twentyseventeen/assets/js/jquery.scrollTo.js?ver=2.1.3 HTTP/1.1" 304 -
::1 - - [20/Feb/2025:12:10:20 +0800] "GET /wordpress2/wp-admin/ HTTP/1.1" 200 71916
::1 - - [20/Feb/2025:12:10:21 +0800] "POST /wordpress2/wp-admin/admin-ajax.php HTTP/1.1" 200 442
::1 - - [20/Feb/2025:12:10:23 +0800] "GET /wordpress2/wp-admin/themes.php HTTP/1.1" 200 70206
::1 - - [20/Feb/2025:12:11:20 +0800] "-" 408 -
::1 - - [20/Feb/2025:12:11:24 +0800] "POST /wordpress2/wp-admin/admin-ajax.php HTTP/1.1" 200 47
::1 - - [20/Feb/2025:12:13:04 +0800] "POST /wordpress2/wp-admin/admin-ajax.php HTTP/1.1" 200 47
::1 - - [20/Feb/2025:12:13:07 +0800] "GET /wordpress2/ HTTP/1.1" 200 75936
::1 - - [20/Feb/2025:12:13:13 +0800] "GET /wordpress2/wp-admin/ HTTP/1.1" 200 71916
::1 - - [20/Feb/2025:12:13:14 +0800] "GET /wordpress2/wp-admin/js/common.min.js?ver=6.7.2 HTTP/1.1" 304 -
::1 - - [20/Feb/2025:12:13:14 +0800] "POST /wordpress2/wp-admin/admin-ajax.php HTTP/1.1" 200 442
::1 - - [20/Feb/2025:12:13:17 +0800] "GET /wordpress2/wp-admin/themes.php HTTP/1.1" 200 70206
::1 - - [20/Feb/2025:12:13:18 +0800] "GET /wordpress2/wp-content/themes/twentyseventeen/screenshot.png?ver=3.8 HTTP/1.1" 304 -
::1 - - [20/Feb/2025:12:13:20 +0800] "GET /wordpress2/ HTTP/1.1" 200 75936
::1 - - [20/Feb/2025:12:14:13 +0800] "-" 408 -
::1 - - [20/Feb/2025:12:14:22 +0800] "GET /wordpress2/ HTTP/1.1" 200 75936
::1 - - [20/Feb/2025:12:14:23 +0800] "GET /wordpress2/wp-content/themes/twentyseventeen/assets/fonts/font-libre-franklin.css?ver=20230328 HTTP/1.1" 304 -
::1 - - [20/Feb/2025:12:14:23 +0800] "GET /wordpress2/wp-content/themes/twentyseventeen/assets/css/blocks.css?ver=20240729 HTTP/1.1" 304 -
::1 - - [20/Feb/2025:12:14:23 +0800] "GET /wordpress2/wp-content/themes/twentyseventeen/assets/images/header.jpg HTTP/1.1" 304 -
::1 - - [20/Feb/2025:12:14:23 +0800] "GET /wordpress2/wp-content/themes/twentyseventeen/assets/js/global.js?ver=20211130 HTTP/1.1" 304 -
::1 - - [20/Feb/2025:12:14:23 +0800] "GET /wordpress2/wp-content/themes/twentyseventeen/assets/js/jquery.scrollTo.js?ver=2.1.3 HTTP/1.1" 304 -
::1 - - [20/Feb/2025:12:14:31 +0800] "GET /wordpress2/ HTTP/1.1" 200 75936
::1 - - [20/Feb/2025:12:14:50 +0800] "GET /wordpress2/wp-admin/ HTTP/1.1" 200 71916
::1 - - [20/Feb/2025:12:14:51 +0800] "POST /wordpress2/wp-admin/admin-ajax.php HTTP/1.1" 200 442
::1 - - [20/Feb/2025:12:14:53 +0800] "GET /wordpress2/wp-admin/themes.php HTTP/1.1" 200 70206
::1 - - [20/Feb/2025:12:14:59 +0800] "GET /wordpress2/wp-admin/themes.php?action=activate&stylesheet=04-mychildtheme&_wpnonce=fd507e65e5 HTTP/1.1" 302 -
::1 - - [20/Feb/2025:12:15:00 +0800] "GET /wordpress2/wp-admin/themes.php?activated=true HTTP/1.1" 200 70350
::1 - - [20/Feb/2025:12:15:13 +0800] "GET /wordpress2/ HTTP/1.1" 200 76233
::1 - - [20/Feb/2025:12:15:13 +0800] "GET /wordpress2/wp-content/themes/04-mychildtheme/style.css?ver=20241112 HTTP/1.1" 200 353
::1 - - [20/Feb/2025:12:15:13 +0800] "GET /wordpress2/wp-content/themes/04-mychildtheme/style.css?ver=1.0.3 HTTP/1.1" 200 353
::1 - - [20/Feb/2025:12:15:13 +0800] "GET /wordpress2/wp-content/themes/twentyseventeen/style.css?ver=6.7.2 HTTP/1.1" 200 84151
::1 - - [20/Feb/2025:12:15:13 +0800] "GET /wordpress2/wp-content/themes/twentyseventeen/assets/fonts/libre-franklin/libre-franklin-latin-400-normal.woff2?ver=13 HTTP/1.1" 200 14152
::1 - - [20/Feb/2025:12:15:13 +0800] "GET /wordpress2/wp-content/themes/twentyseventeen/assets/fonts/libre-franklin/libre-franklin-latin-800-normal.woff2?ver=13 HTTP/1.1" 200 14260
::1 - - [20/Feb/2025:12:15:13 +0800] "GET /wordpress2/wp-content/themes/twentyseventeen/assets/fonts/libre-franklin/libre-franklin-latin-300-normal.woff2?ver=13 HTTP/1.1" 200 14140
::1 - - [24/Feb/2025:10:52:15 +0800] "POST /wordpress2/wp-cron.php?doing_wp_cron=1740365534.7142341136932373046875 HTTP/1.1" 200 -
::1 - - [24/Feb/2025:10:52:15 +0800] "POST /wordpress2/wp-cron.php?doing_wp_cron=1740365534.7142720222473144531250 HTTP/1.1" 200 -
::1 - - [24/Feb/2025:10:52:43 +0800] "GET /wordpress2/wp-admin/ HTTP/1.1" 200 71090
::1 - - [24/Feb/2025:10:52:48 +0800] "GET /wordpress2/wp-admin/js/common.min.js?ver=6.7.2 HTTP/1.1" 304 -
::1 - - [24/Feb/2025:10:52:48 +0800] "GET /favicon.ico HTTP/1.1" 404 196
::1 - - [24/Feb/2025:10:52:48 +0800] "POST /wordpress2/wp-admin/admin-ajax.php HTTP/1.1" 200 92
::1 - - [24/Feb/2025:10:52:55 +0800] "GET /wordpress2/wp-admin/themes.php HTTP/1.1" 200 70239
::1 - - [24/Feb/2025:10:52:48 +0800] "GET /wordpress2/wp-admin/admin-ajax.php?action=dashboard-widgets&widget=dashboard_primary&pagenow=dashboard HTTP/1.1" 200 789
::1 - - [24/Feb/2025:10:52:56 +0800] "GET /wordpress2/wp-content/themes/twentyseventeen/screenshot.png?ver=3.8 HTTP/1.1" 304 -
::1 - - [24/Feb/2025:10:52:56 +0800] "GET /wordpress2/wp-content/themes/twentytwentyone/screenshot.png?ver=2.4 HTTP/1.1" 304 -
::1 - - [24/Feb/2025:10:52:59 +0800] "GET /wordpress2/ HTTP/1.1" 200 76233
::1 - - [24/Feb/2025:10:53:00 +0800] "GET /wordpress2/wp-content/themes/twentyseventeen/style.css?ver=6.7.2 HTTP/1.1" 304 -
::1 - - [24/Feb/2025:10:53:00 +0800] "GET /wordpress2/wp-content/themes/04-mychildtheme/style.css?ver=1.0.3 HTTP/1.1" 200 353
::1 - - [24/Feb/2025:10:53:00 +0800] "GET /wordpress2/wp-content/themes/04-mychildtheme/style.css?ver=20241112 HTTP/1.1" 200 353
::1 - - [24/Feb/2025:10:53:00 +0800] "GET /wordpress2/wp-content/themes/twentyseventeen/assets/images/header.jpg HTTP/1.1" 304 -
::1 - - [24/Feb/2025:10:53:00 +0800] "GET /wordpress2/wp-content/themes/twentyseventeen/assets/fonts/font-libre-franklin.css?ver=20230328 HTTP/1.1" 304 -
::1 - - [24/Feb/2025:10:53:00 +0800] "GET /wordpress2/wp-content/themes/twentyseventeen/assets/css/blocks.css?ver=20240729 HTTP/1.1" 304 -
::1 - - [24/Feb/2025:10:53:00 +0800] "GET /wordpress2/wp-content/themes/twentyseventeen/assets/js/global.js?ver=20211130 HTTP/1.1" 304 -
::1 - - [24/Feb/2025:10:53:00 +0800] "GET /wordpress2/wp-content/themes/twentyseventeen/assets/fonts/libre-franklin/libre-franklin-latin-300-normal.woff2?ver=13 HTTP/1.1" 304 -
::1 - - [24/Feb/2025:10:53:00 +0800] "GET /wordpress2/wp-content/themes/twentyseventeen/assets/fonts/libre-franklin/libre-franklin-latin-400-normal.woff2?ver=13 HTTP/1.1" 304 -
::1 - - [24/Feb/2025:10:53:00 +0800] "GET /wordpress2/wp-content/themes/twentyseventeen/assets/fonts/libre-franklin/libre-franklin-latin-800-normal.woff2?ver=13 HTTP/1.1" 304 -
::1 - - [24/Feb/2025:10:53:00 +0800] "GET /wordpress2/wp-content/themes/twentyseventeen/assets/js/jquery.scrollTo.js?ver=2.1.3 HTTP/1.1" 304 -
::1 - - [24/Feb/2025:10:53:16 +0800] "POST /wordpress2/wp-cron.php?doing_wp_cron=1740365596.8830859661102294921875 HTTP/1.1" 200 -
::1 - - [24/Feb/2025:10:53:16 +0800] "GET /wordpress2/ HTTP/1.1" 200 76233
::1 - - [24/Feb/2025:10:53:19 +0800] "GET /wordpress2/wp-admin/themes.php HTTP/1.1" 200 70204
::1 - - [24/Feb/2025:10:53:21 +0800] "GET /wordpress2/ HTTP/1.1" 200 76233
::1 - - [24/Feb/2025:10:54:21 +0800] "-" 408 -
