::1 - - [07/Feb/2025:23:59:30 +0800] "GET /phpmyadmin/ HTTP/1.1" 200 4524
::1 - - [07/Feb/2025:23:59:31 +0800] "GET /phpmyadmin/themes/pmahomme/jquery/jquery-ui.css HTTP/1.1" 200 36566
::1 - - [07/Feb/2025:23:59:31 +0800] "GET /phpmyadmin/js/vendor/codemirror/lib/codemirror.css?v=5.2.2 HTTP/1.1" 200 8720
::1 - - [07/Feb/2025:23:59:31 +0800] "GET /phpmyadmin/js/vendor/jquery/jquery-migrate.min.js?v=5.2.2 HTTP/1.1" 200 13992
::1 - - [07/Feb/2025:23:59:31 +0800] "GET /phpmyadmin/js/vendor/jquery/jquery.min.js?v=5.2.2 HTTP/1.1" 200 87533
::1 - - [07/Feb/2025:23:59:31 +0800] "GET /phpmyadmin/js/vendor/codemirror/addon/hint/show-hint.css?v=5.2.2 HTTP/1.1" 200 649
::1 - - [07/Feb/2025:23:59:31 +0800] "GET /phpmyadmin/js/vendor/sprintf.js?v=5.2.2 HTTP/1.1" 200 7360
::1 - - [07/Feb/2025:23:59:31 +0800] "GET /phpmyadmin/js/vendor/codemirror/addon/lint/lint.css?v=5.2.2 HTTP/1.1" 200 3035
::1 - - [07/Feb/2025:23:59:31 +0800] "GET /phpmyadmin/themes/pmahomme/css/theme.css?v=5.2.2 HTTP/1.1" 200 401476
::1 - - [07/Feb/2025:23:59:31 +0800] "GET /phpmyadmin/js/dist/ajax.js?v=5.2.2 HTTP/1.1" 200 30022
::1 - - [07/Feb/2025:23:59:31 +0800] "GET /phpmyadmin/js/dist/keyhandler.js?v=5.2.2 HTTP/1.1" 200 2059
::1 - - [07/Feb/2025:23:59:31 +0800] "GET /phpmyadmin/js/vendor/jquery/jquery-ui.min.js?v=5.2.2 HTTP/1.1" 200 254963
::1 - - [07/Feb/2025:23:59:31 +0800] "GET /phpmyadmin/js/dist/name-conflict-fixes.js?v=5.2.2 HTTP/1.1" 200 43
::1 - - [07/Feb/2025:23:59:31 +0800] "GET /phpmyadmin/js/vendor/bootstrap/bootstrap.bundle.min.js?v=5.2.2 HTTP/1.1" 200 80721
::1 - - [07/Feb/2025:23:59:31 +0800] "GET /phpmyadmin/js/vendor/js.cookie.js?v=5.2.2 HTTP/1.1" 200 3883
::1 - - [07/Feb/2025:23:59:31 +0800] "GET /phpmyadmin/js/vendor/jquery/jquery.validate.min.js?v=5.2.2 HTTP/1.1" 200 25308
::1 - - [07/Feb/2025:23:59:31 +0800] "GET /phpmyadmin/js/dist/menu_resizer.js?v=5.2.2 HTTP/1.1" 200 5729
::1 - - [07/Feb/2025:23:59:31 +0800] "GET /phpmyadmin/js/vendor/jquery/jquery-ui-timepicker-addon.js?v=5.2.2 HTTP/1.1" 200 78475
::1 - - [07/Feb/2025:23:59:31 +0800] "GET /phpmyadmin/js/vendor/jquery/jquery.debounce-1.0.6.js?v=5.2.2 HTTP/1.1" 200 1608
::1 - - [07/Feb/2025:23:59:31 +0800] "GET /phpmyadmin/js/dist/cross_framing_protection.js?v=5.2.2 HTTP/1.1" 200 405
::1 - - [07/Feb/2025:23:59:31 +0800] "GET /phpmyadmin/js/dist/config.js?v=5.2.2 HTTP/1.1" 200 24059
::1 - - [07/Feb/2025:23:59:31 +0800] "GET /phpmyadmin/js/dist/functions.js?v=5.2.2 HTTP/1.1" 200 149833
::1 - - [07/Feb/2025:23:59:31 +0800] "GET /phpmyadmin/js/dist/navigation.js?v=5.2.2 HTTP/1.1" 200 51823
::1 - - [07/Feb/2025:23:59:31 +0800] "GET /phpmyadmin/js/dist/doclinks.js?v=5.2.2 HTTP/1.1" 200 18276
::1 - - [07/Feb/2025:23:59:31 +0800] "GET /phpmyadmin/js/dist/indexes.js?v=5.2.2 HTTP/1.1" 200 27180
::1 - - [07/Feb/2025:23:59:31 +0800] "GET /phpmyadmin/js/dist/common.js?v=5.2.2 HTTP/1.1" 200 4530
::1 - - [07/Feb/2025:23:59:31 +0800] "GET /phpmyadmin/js/dist/page_settings.js?v=5.2.2 HTTP/1.1" 200 1818
::1 - - [07/Feb/2025:23:59:31 +0800] "GET /phpmyadmin/js/vendor/codemirror/mode/sql/sql.js?v=5.2.2 HTTP/1.1" 200 59564
::1 - - [07/Feb/2025:23:59:31 +0800] "GET /phpmyadmin/js/vendor/codemirror/addon/runmode/runmode.js?v=5.2.2 HTTP/1.1" 200 2777
::1 - - [07/Feb/2025:23:59:31 +0800] "GET /phpmyadmin/js/vendor/codemirror/lib/codemirror.js?v=5.2.2 HTTP/1.1" 200 401653
::1 - - [07/Feb/2025:23:59:31 +0800] "GET /phpmyadmin/js/vendor/codemirror/addon/hint/show-hint.js?v=5.2.2 HTTP/1.1" 200 19792
::1 - - [07/Feb/2025:23:59:31 +0800] "GET /phpmyadmin/js/vendor/codemirror/addon/hint/sql-hint.js?v=5.2.2 HTTP/1.1" 200 9560
::1 - - [07/Feb/2025:23:59:31 +0800] "GET /phpmyadmin/js/vendor/codemirror/addon/lint/lint.js?v=5.2.2 HTTP/1.1" 200 9987
::1 - - [07/Feb/2025:23:59:31 +0800] "GET /phpmyadmin/js/dist/codemirror/addon/lint/sql-lint.js?v=5.2.2 HTTP/1.1" 200 968
::1 - - [07/Feb/2025:23:59:31 +0800] "GET /phpmyadmin/js/dist/error_report.js?v=5.2.2 HTTP/1.1" 200 9264
::1 - - [07/Feb/2025:23:59:31 +0800] "GET /phpmyadmin/js/vendor/tracekit.js?v=5.2.2 HTTP/1.1" 200 48455
::1 - - [07/Feb/2025:23:59:31 +0800] "GET /phpmyadmin/js/dist/shortcuts_handler.js?v=5.2.2 HTTP/1.1" 200 3303
::1 - - [07/Feb/2025:23:59:31 +0800] "GET /phpmyadmin/js/dist/drag_drop_import.js?v=5.2.2 HTTP/1.1" 200 12430
::1 - - [07/Feb/2025:23:59:31 +0800] "GET /phpmyadmin/js/dist/console.js?v=5.2.2 HTTP/1.1" 200 49660
::1 - - [07/Feb/2025:23:59:31 +0800] "GET /phpmyadmin/themes/dot.gif HTTP/1.1" 200 43
::1 - - [07/Feb/2025:23:59:31 +0800] "GET /phpmyadmin/themes/pmahomme/img/logo_right.png HTTP/1.1" 200 4306
::1 - - [07/Feb/2025:23:59:31 +0800] "GET /phpmyadmin/js/messages.php?l=en_GB&v=5.2.2&lang=en_GB HTTP/1.1" 200 7939
::1 - - [07/Feb/2025:23:59:32 +0800] "GET /phpmyadmin/themes/pmahomme/img/b_help.png HTTP/1.1" 200 705
::1 - - [07/Feb/2025:23:59:32 +0800] "GET /phpmyadmin/favicon.ico HTTP/1.1" 200 22486
::1 - - [07/Feb/2025:23:59:45 +0800] "POST /phpmyadmin/index.php?route=/ HTTP/1.1" 302 20
::1 - - [07/Feb/2025:23:59:45 +0800] "GET /phpmyadmin/index.php?route=/ HTTP/1.1" 200 17063
::1 - - [07/Feb/2025:23:59:47 +0800] "GET /phpmyadmin/js/dist/home.js?v=5.2.2 HTTP/1.1" 200 5552
::1 - - [07/Feb/2025:23:59:47 +0800] "GET /phpmyadmin/themes/pmahomme/img/logo_left.png HTTP/1.1" 200 2713
::1 - - [07/Feb/2025:23:59:47 +0800] "GET /phpmyadmin/js/messages.php?l=en_GB&v=5.2.2 HTTP/1.1" 200 7939
::1 - - [07/Feb/2025:23:59:47 +0800] "GET /phpmyadmin/themes/pmahomme/img/b_docs.png HTTP/1.1" 200 705
::1 - - [07/Feb/2025:23:59:47 +0800] "GET /phpmyadmin/themes/pmahomme/img/b_home.png HTTP/1.1" 200 734
::1 - - [07/Feb/2025:23:59:47 +0800] "GET /phpmyadmin/themes/pmahomme/img/s_reload.png HTTP/1.1" 200 527
::1 - - [07/Feb/2025:23:59:47 +0800] "GET /phpmyadmin/themes/pmahomme/img/b_sqlhelp.png HTTP/1.1" 200 512
::1 - - [07/Feb/2025:23:59:47 +0800] "GET /phpmyadmin/themes/pmahomme/img/s_loggoff.png HTTP/1.1" 200 626
::1 - - [07/Feb/2025:23:59:47 +0800] "GET /phpmyadmin/themes/pmahomme/img/s_cog.png HTTP/1.1" 200 442
::1 - - [07/Feb/2025:23:59:47 +0800] "GET /phpmyadmin/themes/pmahomme/img/s_collapseall.png HTTP/1.1" 200 143
::1 - - [07/Feb/2025:23:59:47 +0800] "GET /phpmyadmin/themes/pmahomme/img/s_link.png HTTP/1.1" 200 280
::1 - - [07/Feb/2025:23:59:47 +0800] "GET /phpmyadmin/themes/pmahomme/img/b_plus.png HTTP/1.1" 200 143
::1 - - [07/Feb/2025:23:59:47 +0800] "GET /phpmyadmin/themes/pmahomme/img/b_newdb.png HTTP/1.1" 200 585
::1 - - [07/Feb/2025:23:59:47 +0800] "GET /phpmyadmin/themes/pmahomme/img/s_db.png HTTP/1.1" 200 328
::1 - - [07/Feb/2025:23:59:47 +0800] "GET /phpmyadmin/themes/pmahomme/img/b_sql.png HTTP/1.1" 200 680
::1 - - [07/Feb/2025:23:59:47 +0800] "GET /phpmyadmin/themes/pmahomme/img/s_host.png HTTP/1.1" 200 591
::1 - - [07/Feb/2025:23:59:47 +0800] "GET /phpmyadmin/themes/pmahomme/img/s_tbl.png HTTP/1.1" 200 645
::1 - - [07/Feb/2025:23:59:47 +0800] "GET /phpmyadmin/themes/pmahomme/img/b_tblops.png HTTP/1.1" 200 537
::1 - - [07/Feb/2025:23:59:47 +0800] "GET /phpmyadmin/themes/pmahomme/img/s_lang.png HTTP/1.1" 200 659
::1 - - [07/Feb/2025:23:59:47 +0800] "GET /phpmyadmin/themes/pmahomme/img/s_rights.png HTTP/1.1" 200 461
::1 - - [07/Feb/2025:23:59:47 +0800] "GET /phpmyadmin/themes/pmahomme/img/s_asci.png HTTP/1.1" 200 148
::1 - - [07/Feb/2025:23:59:47 +0800] "GET /phpmyadmin/themes/pmahomme/img/s_theme.png HTTP/1.1" 200 772
::1 - - [07/Feb/2025:23:59:47 +0800] "GET /phpmyadmin/themes/pmahomme/img/s_vars.png HTTP/1.1" 200 523
::1 - - [07/Feb/2025:23:59:47 +0800] "GET /phpmyadmin/themes/pmahomme/img/b_export.png HTTP/1.1" 200 514
::1 - - [07/Feb/2025:23:59:47 +0800] "GET /phpmyadmin/themes/pmahomme/img/b_plugin.png HTTP/1.1" 200 512
::1 - - [07/Feb/2025:23:59:47 +0800] "GET /phpmyadmin/themes/pmahomme/img/b_import.png HTTP/1.1" 200 556
::1 - - [07/Feb/2025:23:59:47 +0800] "GET /phpmyadmin/themes/pmahomme/img/s_status.png HTTP/1.1" 200 600
::1 - - [07/Feb/2025:23:59:47 +0800] "GET /phpmyadmin/themes/pmahomme/img/s_passwd.png HTTP/1.1" 200 331
::1 - - [07/Feb/2025:23:59:47 +0800] "GET /phpmyadmin/themes/pmahomme/img/s_top.png HTTP/1.1" 200 220
::1 - - [07/Feb/2025:23:59:47 +0800] "GET /phpmyadmin/themes/pmahomme/img/b_engine.png HTTP/1.1" 200 398
::1 - - [07/Feb/2025:23:59:47 +0800] "GET /phpmyadmin/themes/pmahomme/img/s_replication.png HTTP/1.1" 200 399
::1 - - [07/Feb/2025:23:59:47 +0800] "GET /phpmyadmin/themes/pmahomme/img/console.png HTTP/1.1" 200 292
::1 - - [07/Feb/2025:23:59:47 +0800] "GET /phpmyadmin/themes/pmahomme/img/window-new.png HTTP/1.1" 200 468
::1 - - [07/Feb/2025:23:59:47 +0800] "GET /phpmyadmin/themes/pmahomme/img/s_attention.png HTTP/1.1" 200 567
::1 - - [07/Feb/2025:23:59:47 +0800] "GET /phpmyadmin/themes/pmahomme/img/s_notice.png HTTP/1.1" 200 567
::1 - - [07/Feb/2025:23:59:47 +0800] "GET /phpmyadmin/themes/pmahomme/img/b_more.png HTTP/1.1" 200 111
::1 - - [07/Feb/2025:23:59:47 +0800] "POST /phpmyadmin/index.php?route=/version-check HTTP/1.1" 200 64
::1 - - [07/Feb/2025:23:59:47 +0800] "POST /phpmyadmin/index.php?route=/config/get HTTP/1.1" 200 1498
::1 - - [07/Feb/2025:23:59:47 +0800] "POST /phpmyadmin/index.php?route=/config/get HTTP/1.1" 200 1590
::1 - - [07/Feb/2025:23:59:47 +0800] "POST /phpmyadmin/index.php?route=/navigation&ajax_request=1 HTTP/1.1" 200 2192
::1 - - [07/Feb/2025:23:59:48 +0800] "POST /phpmyadmin/index.php?route=/config/set HTTP/1.1" 200 1490
::1 - - [08/Feb/2025:00:03:19 +0800] "GET /phpmyadmin/index.php?route=/server/privileges&viewing_mode=server HTTP/1.1" 200 11689
::1 - - [08/Feb/2025:00:03:19 +0800] "GET /phpmyadmin/themes/pmahomme/jquery/jquery-ui.css HTTP/1.1" 304 -
::1 - - [08/Feb/2025:00:03:19 +0800] "GET /phpmyadmin/themes/pmahomme/css/theme.css?v=5.2.2 HTTP/1.1" 304 -
::1 - - [08/Feb/2025:00:03:19 +0800] "GET /phpmyadmin/js/dist/server/privileges.js?v=5.2.2 HTTP/1.1" 200 15763
::1 - - [08/Feb/2025:00:03:19 +0800] "GET /phpmyadmin/js/vendor/zxcvbn-ts.js?v=5.2.2 HTTP/1.1" 200 79421
::1 - - [08/Feb/2025:00:03:19 +0800] "GET /phpmyadmin/themes/pmahomme/img/logo_left.png HTTP/1.1" 304 -
::1 - - [08/Feb/2025:00:03:19 +0800] "GET /phpmyadmin/themes/pmahomme/img/arrow_ltr.png HTTP/1.1" 200 101
::1 - - [08/Feb/2025:00:03:19 +0800] "GET /phpmyadmin/themes/pmahomme/img/b_home.png HTTP/1.1" 304 -
::1 - - [08/Feb/2025:00:03:19 +0800] "GET /phpmyadmin/themes/pmahomme/img/s_loggoff.png HTTP/1.1" 304 -
::1 - - [08/Feb/2025:00:03:19 +0800] "GET /phpmyadmin/themes/pmahomme/img/b_sqlhelp.png HTTP/1.1" 304 -
::1 - - [08/Feb/2025:00:03:19 +0800] "GET /phpmyadmin/themes/pmahomme/img/b_docs.png HTTP/1.1" 304 -
::1 - - [08/Feb/2025:00:03:19 +0800] "GET /phpmyadmin/themes/pmahomme/img/s_cog.png HTTP/1.1" 304 -
::1 - - [08/Feb/2025:00:03:19 +0800] "GET /phpmyadmin/themes/pmahomme/img/s_reload.png HTTP/1.1" 304 -
::1 - - [08/Feb/2025:00:03:19 +0800] "GET /phpmyadmin/themes/pmahomme/img/s_collapseall.png HTTP/1.1" 304 -
::1 - - [08/Feb/2025:00:03:19 +0800] "GET /phpmyadmin/themes/pmahomme/img/s_link.png HTTP/1.1" 304 -
::1 - - [08/Feb/2025:00:03:19 +0800] "GET /phpmyadmin/themes/pmahomme/img/b_plus.png HTTP/1.1" 304 -
::1 - - [08/Feb/2025:00:03:19 +0800] "GET /phpmyadmin/themes/pmahomme/img/b_newdb.png HTTP/1.1" 304 -
::1 - - [08/Feb/2025:00:03:19 +0800] "GET /phpmyadmin/themes/pmahomme/img/s_db.png HTTP/1.1" 304 -
::1 - - [08/Feb/2025:00:03:19 +0800] "GET /phpmyadmin/themes/pmahomme/img/s_host.png HTTP/1.1" 304 -
::1 - - [08/Feb/2025:00:03:19 +0800] "GET /phpmyadmin/themes/pmahomme/img/b_sql.png HTTP/1.1" 304 -
::1 - - [08/Feb/2025:00:03:19 +0800] "GET /phpmyadmin/themes/pmahomme/img/b_tblexport.png HTTP/1.1" 200 514
::1 - - [08/Feb/2025:00:03:19 +0800] "GET /phpmyadmin/themes/pmahomme/img/s_status.png HTTP/1.1" 304 -
::1 - - [08/Feb/2025:00:03:19 +0800] "GET /phpmyadmin/themes/pmahomme/img/s_rights.png HTTP/1.1" 304 -
::1 - - [08/Feb/2025:00:03:19 +0800] "GET /phpmyadmin/themes/pmahomme/img/b_export.png HTTP/1.1" 304 -
::1 - - [08/Feb/2025:00:03:19 +0800] "GET /phpmyadmin/themes/pmahomme/img/b_import.png HTTP/1.1" 304 -
::1 - - [08/Feb/2025:00:03:19 +0800] "GET /phpmyadmin/themes/pmahomme/img/b_help.png HTTP/1.1" 304 -
::1 - - [08/Feb/2025:00:03:19 +0800] "GET /phpmyadmin/themes/pmahomme/img/b_usredit.png HTTP/1.1" 200 757
::1 - - [08/Feb/2025:00:03:19 +0800] "GET /phpmyadmin/themes/pmahomme/img/lock_open.png HTTP/1.1" 200 727
::1 - - [08/Feb/2025:00:03:19 +0800] "GET /phpmyadmin/themes/pmahomme/img/b_usrdrop.png HTTP/1.1" 200 697
::1 - - [08/Feb/2025:00:03:19 +0800] "GET /phpmyadmin/themes/pmahomme/img/s_lock.png HTTP/1.1" 200 667
::1 - - [08/Feb/2025:00:03:19 +0800] "GET /phpmyadmin/themes/pmahomme/img/b_usradd.png HTTP/1.1" 200 670
::1 - - [08/Feb/2025:00:03:19 +0800] "GET /phpmyadmin/themes/pmahomme/img/s_vars.png HTTP/1.1" 304 -
::1 - - [08/Feb/2025:00:03:19 +0800] "GET /phpmyadmin/themes/pmahomme/img/s_replication.png HTTP/1.1" 304 -
::1 - - [08/Feb/2025:00:03:19 +0800] "GET /phpmyadmin/themes/pmahomme/img/b_engine.png HTTP/1.1" 304 -
::1 - - [08/Feb/2025:00:03:19 +0800] "GET /phpmyadmin/themes/pmahomme/img/s_asci.png HTTP/1.1" 304 -
::1 - - [08/Feb/2025:00:03:19 +0800] "GET /phpmyadmin/themes/pmahomme/img/s_tbl.png HTTP/1.1" 304 -
::1 - - [08/Feb/2025:00:03:19 +0800] "GET /phpmyadmin/themes/pmahomme/img/s_top.png HTTP/1.1" 304 -
::1 - - [08/Feb/2025:00:03:19 +0800] "GET /phpmyadmin/themes/pmahomme/img/console.png HTTP/1.1" 304 -
::1 - - [08/Feb/2025:00:03:19 +0800] "GET /phpmyadmin/themes/pmahomme/img/b_tblops.png HTTP/1.1" 304 -
::1 - - [08/Feb/2025:00:03:19 +0800] "GET /phpmyadmin/themes/pmahomme/img/b_plugin.png HTTP/1.1" 304 -
::1 - - [08/Feb/2025:00:03:19 +0800] "GET /phpmyadmin/themes/pmahomme/img/window-new.png HTTP/1.1" 304 -
::1 - - [08/Feb/2025:00:03:19 +0800] "GET /phpmyadmin/themes/pmahomme/img/s_notice.png HTTP/1.1" 304 -
::1 - - [08/Feb/2025:00:03:19 +0800] "GET /phpmyadmin/themes/pmahomme/img/b_more.png HTTP/1.1" 304 -
::1 - - [08/Feb/2025:00:03:19 +0800] "POST /phpmyadmin/index.php?route=/config/get HTTP/1.1" 200 1589
::1 - - [08/Feb/2025:00:03:19 +0800] "POST /phpmyadmin/index.php?route=/navigation&ajax_request=1 HTTP/1.1" 200 2192
::1 - - [08/Feb/2025:00:03:19 +0800] "POST /phpmyadmin/index.php?route=/config/get HTTP/1.1" 200 1498
::1 - - [08/Feb/2025:00:03:20 +0800] "POST /phpmyadmin/index.php?route=/config/set HTTP/1.1" 200 1490
::1 - - [08/Feb/2025:00:03:22 +0800] "GET /phpmyadmin/index.php?route=/server/databases HTTP/1.1" 200 15727
::1 - - [08/Feb/2025:00:03:22 +0800] "GET /phpmyadmin/js/dist/server/databases.js?v=5.2.2 HTTP/1.1" 200 4659
::1 - - [08/Feb/2025:00:03:22 +0800] "GET /phpmyadmin/themes/pmahomme/img/b_deltbl.png HTTP/1.1" 200 577
::1 - - [08/Feb/2025:00:03:22 +0800] "GET /phpmyadmin/themes/pmahomme/img/s_asc.png HTTP/1.1" 200 146
::1 - - [08/Feb/2025:00:03:22 +0800] "GET /phpmyadmin/themes/pmahomme/img/b_search.png HTTP/1.1" 200 538
::1 - - [08/Feb/2025:00:03:22 +0800] "GET /phpmyadmin/themes/pmahomme/img/s_success.png HTTP/1.1" 200 465
::1 - - [08/Feb/2025:00:03:22 +0800] "POST /phpmyadmin/index.php?route=/config/get HTTP/1.1" 200 1498
::1 - - [08/Feb/2025:00:03:22 +0800] "POST /phpmyadmin/index.php?route=/config/get HTTP/1.1" 200 1589
::1 - - [08/Feb/2025:00:03:22 +0800] "POST /phpmyadmin/index.php?route=/navigation&ajax_request=1 HTTP/1.1" 200 2192
::1 - - [08/Feb/2025:00:03:22 +0800] "POST /phpmyadmin/index.php?route=/config/set HTTP/1.1" 200 1490
::1 - - [08/Feb/2025:00:03:26 +0800] "POST /phpmyadmin/index.php?route=/config/set HTTP/1.1" 200 1490
::1 - - [08/Feb/2025:00:03:28 +0800] "POST /phpmyadmin/index.php?route=/config/set HTTP/1.1" 200 1490
::1 - - [10/Feb/2025:10:23:34 +0800] "GET /phpmyadmin/ HTTP/1.1" 200 4499
::1 - - [10/Feb/2025:10:23:56 +0800] "GET /phpmyadmin/ HTTP/1.1" 200 4498
::1 - - [10/Feb/2025:10:24:01 +0800] "GET /phpmyadmin/themes/pmahomme/jquery/jquery-ui.css HTTP/1.1" 304 -
::1 - - [10/Feb/2025:10:24:01 +0800] "GET /phpmyadmin/js/vendor/codemirror/addon/hint/show-hint.css?v=5.2.2 HTTP/1.1" 304 -
::1 - - [10/Feb/2025:10:24:01 +0800] "GET /phpmyadmin/js/vendor/codemirror/lib/codemirror.css?v=5.2.2 HTTP/1.1" 304 -
::1 - - [10/Feb/2025:10:24:01 +0800] "GET /phpmyadmin/themes/pmahomme/css/theme.css?v=5.2.2 HTTP/1.1" 304 -
::1 - - [10/Feb/2025:10:24:01 +0800] "GET /phpmyadmin/js/vendor/sprintf.js?v=5.2.2 HTTP/1.1" 304 -
::1 - - [10/Feb/2025:10:24:01 +0800] "GET /phpmyadmin/js/dist/keyhandler.js?v=5.2.2 HTTP/1.1" 304 -
::1 - - [10/Feb/2025:10:24:01 +0800] "GET /phpmyadmin/js/dist/name-conflict-fixes.js?v=5.2.2 HTTP/1.1" 304 -
::1 - - [10/Feb/2025:10:24:01 +0800] "GET /phpmyadmin/js/vendor/codemirror/addon/lint/lint.css?v=5.2.2 HTTP/1.1" 304 -
::1 - - [10/Feb/2025:10:24:01 +0800] "GET /phpmyadmin/js/vendor/jquery/jquery-migrate.min.js?v=5.2.2 HTTP/1.1" 304 -
::1 - - [10/Feb/2025:10:24:01 +0800] "GET /phpmyadmin/js/dist/ajax.js?v=5.2.2 HTTP/1.1" 304 -
::1 - - [10/Feb/2025:10:24:01 +0800] "GET /phpmyadmin/js/vendor/js.cookie.js?v=5.2.2 HTTP/1.1" 304 -
::1 - - [10/Feb/2025:10:24:01 +0800] "GET /phpmyadmin/js/vendor/jquery/jquery-ui-timepicker-addon.js?v=5.2.2 HTTP/1.1" 304 -
::1 - - [10/Feb/2025:10:24:01 +0800] "GET /phpmyadmin/js/vendor/jquery/jquery.validate.min.js?v=5.2.2 HTTP/1.1" 304 -
::1 - - [10/Feb/2025:10:24:01 +0800] "GET /phpmyadmin/js/vendor/bootstrap/bootstrap.bundle.min.js?v=5.2.2 HTTP/1.1" 304 -
::1 - - [10/Feb/2025:10:24:01 +0800] "GET /phpmyadmin/js/vendor/jquery/jquery.debounce-1.0.6.js?v=5.2.2 HTTP/1.1" 304 -
::1 - - [10/Feb/2025:10:24:02 +0800] "GET /phpmyadmin/js/dist/cross_framing_protection.js?v=5.2.2 HTTP/1.1" 304 -
::1 - - [10/Feb/2025:10:24:01 +0800] "GET /phpmyadmin/js/dist/menu_resizer.js?v=5.2.2 HTTP/1.1" 304 -
::1 - - [10/Feb/2025:10:24:01 +0800] "GET /phpmyadmin/js/vendor/jquery/jquery.min.js?v=5.2.2 HTTP/1.1" 304 -
::1 - - [10/Feb/2025:10:24:02 +0800] "GET /phpmyadmin/js/dist/config.js?v=5.2.2 HTTP/1.1" 304 -
::1 - - [10/Feb/2025:10:24:01 +0800] "GET /phpmyadmin/js/vendor/jquery/jquery-ui.min.js?v=5.2.2 HTTP/1.1" 304 -
::1 - - [10/Feb/2025:10:24:02 +0800] "GET /phpmyadmin/js/dist/navigation.js?v=5.2.2 HTTP/1.1" 304 -
::1 - - [10/Feb/2025:10:24:02 +0800] "GET /phpmyadmin/js/dist/indexes.js?v=5.2.2 HTTP/1.1" 304 -
::1 - - [10/Feb/2025:10:24:02 +0800] "GET /phpmyadmin/js/dist/doclinks.js?v=5.2.2 HTTP/1.1" 304 -
::1 - - [10/Feb/2025:10:24:02 +0800] "GET /phpmyadmin/js/dist/functions.js?v=5.2.2 HTTP/1.1" 304 -
::1 - - [10/Feb/2025:10:24:02 +0800] "GET /phpmyadmin/js/dist/common.js?v=5.2.2 HTTP/1.1" 304 -
::1 - - [10/Feb/2025:10:24:02 +0800] "GET /phpmyadmin/js/dist/page_settings.js?v=5.2.2 HTTP/1.1" 304 -
::1 - - [10/Feb/2025:10:24:02 +0800] "GET /phpmyadmin/js/vendor/codemirror/mode/sql/sql.js?v=5.2.2 HTTP/1.1" 304 -
::1 - - [10/Feb/2025:10:24:02 +0800] "GET /phpmyadmin/js/vendor/codemirror/addon/runmode/runmode.js?v=5.2.2 HTTP/1.1" 304 -
::1 - - [10/Feb/2025:10:24:02 +0800] "GET /phpmyadmin/js/vendor/codemirror/addon/hint/show-hint.js?v=5.2.2 HTTP/1.1" 304 -
::1 - - [10/Feb/2025:10:24:02 +0800] "GET /phpmyadmin/js/dist/codemirror/addon/lint/sql-lint.js?v=5.2.2 HTTP/1.1" 304 -
::1 - - [10/Feb/2025:10:24:02 +0800] "GET /phpmyadmin/js/vendor/codemirror/addon/lint/lint.js?v=5.2.2 HTTP/1.1" 304 -
::1 - - [10/Feb/2025:10:24:02 +0800] "GET /phpmyadmin/js/vendor/codemirror/addon/hint/sql-hint.js?v=5.2.2 HTTP/1.1" 304 -
::1 - - [10/Feb/2025:10:24:02 +0800] "GET /phpmyadmin/js/vendor/tracekit.js?v=5.2.2 HTTP/1.1" 304 -
::1 - - [10/Feb/2025:10:24:02 +0800] "GET /phpmyadmin/js/dist/error_report.js?v=5.2.2 HTTP/1.1" 304 -
::1 - - [10/Feb/2025:10:24:02 +0800] "GET /phpmyadmin/js/dist/drag_drop_import.js?v=5.2.2 HTTP/1.1" 304 -
::1 - - [10/Feb/2025:10:24:02 +0800] "GET /phpmyadmin/themes/dot.gif HTTP/1.1" 304 -
::1 - - [10/Feb/2025:10:24:02 +0800] "GET /phpmyadmin/js/dist/shortcuts_handler.js?v=5.2.2 HTTP/1.1" 304 -
::1 - - [10/Feb/2025:10:24:02 +0800] "GET /phpmyadmin/themes/pmahomme/img/logo_right.png HTTP/1.1" 304 -
::1 - - [10/Feb/2025:10:24:02 +0800] "GET /phpmyadmin/js/dist/console.js?v=5.2.2 HTTP/1.1" 304 -
::1 - - [10/Feb/2025:10:24:02 +0800] "GET /phpmyadmin/js/messages.php?l=en_GB&v=5.2.2 HTTP/1.1" 200 7939
::1 - - [10/Feb/2025:10:24:02 +0800] "GET /phpmyadmin/js/vendor/codemirror/lib/codemirror.js?v=5.2.2 HTTP/1.1" 304 -
::1 - - [10/Feb/2025:10:24:04 +0800] "GET /phpmyadmin/themes/pmahomme/img/b_help.png HTTP/1.1" 304 -
::1 - - [10/Feb/2025:10:24:09 +0800] "POST /phpmyadmin/index.php?route=/ HTTP/1.1" 302 20
::1 - - [10/Feb/2025:10:24:10 +0800] "GET /phpmyadmin/index.php?route=/ HTTP/1.1" 200 17064
::1 - - [10/Feb/2025:10:24:16 +0800] "GET /phpmyadmin/themes/pmahomme/img/logo_left.png HTTP/1.1" 304 -
::1 - - [10/Feb/2025:10:24:16 +0800] "GET /phpmyadmin/js/dist/home.js?v=5.2.2 HTTP/1.1" 304 -
::1 - - [10/Feb/2025:10:24:16 +0800] "GET /phpmyadmin/themes/pmahomme/img/b_docs.png HTTP/1.1" 304 -
::1 - - [10/Feb/2025:10:24:16 +0800] "GET /phpmyadmin/themes/pmahomme/img/b_home.png HTTP/1.1" 304 -
::1 - - [10/Feb/2025:10:24:16 +0800] "GET /phpmyadmin/themes/pmahomme/img/s_loggoff.png HTTP/1.1" 304 -
::1 - - [10/Feb/2025:10:24:16 +0800] "GET /phpmyadmin/themes/pmahomme/img/s_reload.png HTTP/1.1" 304 -
::1 - - [10/Feb/2025:10:24:16 +0800] "GET /phpmyadmin/themes/pmahomme/img/b_sqlhelp.png HTTP/1.1" 304 -
::1 - - [10/Feb/2025:10:24:16 +0800] "GET /phpmyadmin/themes/pmahomme/img/s_cog.png HTTP/1.1" 304 -
::1 - - [10/Feb/2025:10:24:16 +0800] "GET /phpmyadmin/themes/pmahomme/img/s_link.png HTTP/1.1" 304 -
::1 - - [10/Feb/2025:10:24:16 +0800] "GET /phpmyadmin/themes/pmahomme/img/s_collapseall.png HTTP/1.1" 304 -
::1 - - [10/Feb/2025:10:24:16 +0800] "GET /phpmyadmin/themes/pmahomme/img/b_newdb.png HTTP/1.1" 304 -
::1 - - [10/Feb/2025:10:24:16 +0800] "GET /phpmyadmin/themes/pmahomme/img/s_db.png HTTP/1.1" 304 -
::1 - - [10/Feb/2025:10:24:16 +0800] "GET /phpmyadmin/themes/pmahomme/img/b_plus.png HTTP/1.1" 304 -
::1 - - [10/Feb/2025:10:24:16 +0800] "GET /phpmyadmin/themes/pmahomme/img/s_host.png HTTP/1.1" 304 -
::1 - - [10/Feb/2025:10:24:16 +0800] "GET /phpmyadmin/themes/pmahomme/img/b_sql.png HTTP/1.1" 304 -
::1 - - [10/Feb/2025:10:24:16 +0800] "GET /phpmyadmin/themes/pmahomme/img/s_status.png HTTP/1.1" 304 -
::1 - - [10/Feb/2025:10:24:16 +0800] "GET /phpmyadmin/themes/pmahomme/img/s_rights.png HTTP/1.1" 304 -
::1 - - [10/Feb/2025:10:24:16 +0800] "GET /phpmyadmin/themes/pmahomme/img/b_tblops.png HTTP/1.1" 304 -
::1 - - [10/Feb/2025:10:24:16 +0800] "GET /phpmyadmin/themes/pmahomme/img/b_export.png HTTP/1.1" 304 -
::1 - - [10/Feb/2025:10:24:16 +0800] "GET /phpmyadmin/themes/pmahomme/img/b_import.png HTTP/1.1" 304 -
::1 - - [10/Feb/2025:10:24:16 +0800] "GET /phpmyadmin/themes/pmahomme/img/s_tbl.png HTTP/1.1" 304 -
::1 - - [10/Feb/2025:10:24:16 +0800] "GET /phpmyadmin/themes/pmahomme/img/s_replication.png HTTP/1.1" 304 -
::1 - - [10/Feb/2025:10:24:16 +0800] "GET /phpmyadmin/themes/pmahomme/img/s_vars.png HTTP/1.1" 304 -
::1 - - [10/Feb/2025:10:24:16 +0800] "GET /phpmyadmin/themes/pmahomme/img/b_engine.png HTTP/1.1" 304 -
::1 - - [10/Feb/2025:10:24:16 +0800] "GET /phpmyadmin/themes/pmahomme/img/b_plugin.png HTTP/1.1" 304 -
::1 - - [10/Feb/2025:10:24:16 +0800] "GET /phpmyadmin/themes/pmahomme/img/s_asci.png HTTP/1.1" 304 -
::1 - - [10/Feb/2025:10:24:16 +0800] "GET /phpmyadmin/themes/pmahomme/img/s_passwd.png HTTP/1.1" 304 -
::1 - - [10/Feb/2025:10:24:16 +0800] "GET /phpmyadmin/themes/pmahomme/img/s_theme.png HTTP/1.1" 304 -
::1 - - [10/Feb/2025:10:24:16 +0800] "GET /phpmyadmin/themes/pmahomme/img/s_lang.png HTTP/1.1" 304 -
::1 - - [10/Feb/2025:10:24:16 +0800] "GET /phpmyadmin/themes/pmahomme/img/console.png HTTP/1.1" 304 -
::1 - - [10/Feb/2025:10:24:16 +0800] "GET /phpmyadmin/themes/pmahomme/img/s_top.png HTTP/1.1" 304 -
::1 - - [10/Feb/2025:10:24:16 +0800] "GET /phpmyadmin/themes/pmahomme/img/s_attention.png HTTP/1.1" 304 -
::1 - - [10/Feb/2025:10:24:16 +0800] "GET /phpmyadmin/themes/pmahomme/img/s_notice.png HTTP/1.1" 304 -
::1 - - [10/Feb/2025:10:24:16 +0800] "GET /phpmyadmin/themes/pmahomme/img/window-new.png HTTP/1.1" 304 -
::1 - - [10/Feb/2025:10:24:16 +0800] "GET /phpmyadmin/themes/pmahomme/img/b_more.png HTTP/1.1" 304 -
::1 - - [10/Feb/2025:10:24:16 +0800] "POST /phpmyadmin/index.php?route=/config/get HTTP/1.1" 200 1497
::1 - - [10/Feb/2025:10:24:16 +0800] "POST /phpmyadmin/index.php?route=/navigation&ajax_request=1 HTTP/1.1" 200 2192
::1 - - [10/Feb/2025:10:24:16 +0800] "POST /phpmyadmin/index.php?route=/version-check HTTP/1.1" 200 64
::1 - - [10/Feb/2025:10:24:16 +0800] "POST /phpmyadmin/index.php?route=/config/get HTTP/1.1" 200 1588
::1 - - [10/Feb/2025:10:24:18 +0800] "POST /phpmyadmin/index.php?route=/config/set HTTP/1.1" 200 1488
::1 - - [10/Feb/2025:10:24:25 +0800] "GET /phpmyadmin/index.php?route=/server/import HTTP/1.1" 200 14680
::1 - - [10/Feb/2025:10:24:30 +0800] "GET /phpmyadmin/themes/pmahomme/img/ajax_clock_small.gif HTTP/1.1" 200 1810
::1 - - [10/Feb/2025:10:24:30 +0800] "GET /phpmyadmin/js/dist/import.js?v=5.2.2 HTTP/1.1" 200 5670
::1 - - [10/Feb/2025:10:24:31 +0800] "POST /phpmyadmin/index.php?route=/navigation&ajax_request=1 HTTP/1.1" 200 2192
::1 - - [10/Feb/2025:10:24:31 +0800] "POST /phpmyadmin/index.php?route=/config/get HTTP/1.1" 200 1587
::1 - - [10/Feb/2025:10:24:31 +0800] "POST /phpmyadmin/index.php?route=/config/get HTTP/1.1" 200 1497
::1 - - [10/Feb/2025:10:24:31 +0800] "POST /phpmyadmin/index.php?route=/config/set HTTP/1.1" 200 1488
::1 - - [10/Feb/2025:10:24:47 +0800] "POST /phpmyadmin/index.php?route=/import HTTP/1.1" 200 9866
::1 - - [10/Feb/2025:10:24:59 +0800] "GET /phpmyadmin/themes/pmahomme/img/s_success.png HTTP/1.1" 304 -
::1 - - [10/Feb/2025:10:24:59 +0800] "POST /phpmyadmin/index.php?route=/config/get HTTP/1.1" 200 1497
::1 - - [10/Feb/2025:10:24:59 +0800] "POST /phpmyadmin/index.php?route=/navigation&ajax_request=1 HTTP/1.1" 200 2266
::1 - - [10/Feb/2025:10:24:59 +0800] "POST /phpmyadmin/index.php?route=/config/get HTTP/1.1" 200 1587
::1 - - [10/Feb/2025:10:25:00 +0800] "POST /phpmyadmin/index.php?route=/config/set HTTP/1.1" 200 1488
::1 - - [10/Feb/2025:10:25:05 +0800] "GET /phpmyadmin/index.php?route=/server/databases HTTP/1.1" 200 15947
::1 - - [10/Feb/2025:10:25:06 +0800] "GET /phpmyadmin/js/dist/server/databases.js?v=5.2.2 HTTP/1.1" 304 -
::1 - - [10/Feb/2025:10:25:06 +0800] "GET /phpmyadmin/themes/pmahomme/img/s_asc.png HTTP/1.1" 304 -
::1 - - [10/Feb/2025:10:25:06 +0800] "GET /phpmyadmin/themes/pmahomme/img/b_deltbl.png HTTP/1.1" 304 -
::1 - - [10/Feb/2025:10:25:06 +0800] "GET /phpmyadmin/themes/pmahomme/img/b_search.png HTTP/1.1" 304 -
::1 - - [10/Feb/2025:10:25:06 +0800] "POST /phpmyadmin/index.php?route=/config/get HTTP/1.1" 200 1497
::1 - - [10/Feb/2025:10:25:06 +0800] "POST /phpmyadmin/index.php?route=/navigation&ajax_request=1 HTTP/1.1" 200 2266
::1 - - [10/Feb/2025:10:25:06 +0800] "POST /phpmyadmin/index.php?route=/config/get HTTP/1.1" 200 1587
::1 - - [10/Feb/2025:10:25:07 +0800] "POST /phpmyadmin/index.php?route=/config/set HTTP/1.1" 200 1488
::1 - - [10/Feb/2025:10:25:07 +0800] "GET /phpmyadmin/index.php?route=/server/privileges&viewing_mode=server HTTP/1.1" 200 11763
::1 - - [10/Feb/2025:10:25:09 +0800] "GET /phpmyadmin/js/dist/server/privileges.js?v=5.2.2 HTTP/1.1" 304 -
::1 - - [10/Feb/2025:10:25:09 +0800] "GET /phpmyadmin/js/vendor/zxcvbn-ts.js?v=5.2.2 HTTP/1.1" 304 -
::1 - - [10/Feb/2025:10:25:09 +0800] "GET /phpmyadmin/themes/pmahomme/img/arrow_ltr.png HTTP/1.1" 304 -
::1 - - [10/Feb/2025:10:25:09 +0800] "GET /phpmyadmin/themes/pmahomme/img/b_tblexport.png HTTP/1.1" 304 -
::1 - - [10/Feb/2025:10:25:09 +0800] "GET /phpmyadmin/themes/pmahomme/img/b_usredit.png HTTP/1.1" 304 -
::1 - - [10/Feb/2025:10:25:09 +0800] "GET /phpmyadmin/themes/pmahomme/img/lock_open.png HTTP/1.1" 304 -
::1 - - [10/Feb/2025:10:25:09 +0800] "GET /phpmyadmin/themes/pmahomme/img/s_lock.png HTTP/1.1" 304 -
::1 - - [10/Feb/2025:10:25:09 +0800] "GET /phpmyadmin/themes/pmahomme/img/b_usradd.png HTTP/1.1" 304 -
::1 - - [10/Feb/2025:10:25:09 +0800] "GET /phpmyadmin/themes/pmahomme/img/b_usrdrop.png HTTP/1.1" 304 -
::1 - - [10/Feb/2025:10:25:09 +0800] "POST /phpmyadmin/index.php?route=/config/get HTTP/1.1" 200 1497
::1 - - [10/Feb/2025:10:25:09 +0800] "POST /phpmyadmin/index.php?route=/config/get HTTP/1.1" 200 1587
::1 - - [10/Feb/2025:10:25:09 +0800] "POST /phpmyadmin/index.php?route=/navigation&ajax_request=1 HTTP/1.1" 200 2266
::1 - - [10/Feb/2025:10:25:09 +0800] "POST /phpmyadmin/index.php?route=/config/set HTTP/1.1" 200 1488
::1 - - [10/Feb/2025:10:25:16 +0800] "GET /phpmyadmin/index.php?route=/server/privileges&adduser=1&ajax_request=true&ajax_page_request=true&_nocache=1739154316924679908&token=6c626465663c583c4d557e6076234b54 HTTP/1.1" 200 5217
::1 - - [10/Feb/2025:10:25:23 +0800] "GET /phpmyadmin/index.php?route=/server/privileges&ajax_request=true&server=1&validate_username=true&username=bensefton&_nocache=1739154323840641285&token=6c626465663c583c4d557e6076234b54 HTTP/1.1" 200 1610
::1 - - [10/Feb/2025:10:26:01 +0800] "POST /phpmyadmin/index.php?route=/server/privileges HTTP/1.1" 200 7047
::1 - - [10/Feb/2025:10:26:12 +0800] "GET /phpmyadmin/index.php?route=/server/databases HTTP/1.1" 200 15947
::1 - - [10/Feb/2025:10:26:12 +0800] "POST /phpmyadmin/index.php?route=/navigation&ajax_request=1 HTTP/1.1" 200 2266
::1 - - [10/Feb/2025:10:26:12 +0800] "POST /phpmyadmin/index.php?route=/config/get HTTP/1.1" 200 1497
::1 - - [10/Feb/2025:10:26:12 +0800] "POST /phpmyadmin/index.php?route=/config/get HTTP/1.1" 200 1587
::1 - - [10/Feb/2025:10:26:13 +0800] "POST /phpmyadmin/index.php?route=/config/set HTTP/1.1" 200 1488
::1 - - [10/Feb/2025:10:26:15 +0800] "GET /phpmyadmin/index.php?route=/server/privileges&viewing_mode=server HTTP/1.1" 200 11830
::1 - - [10/Feb/2025:10:26:16 +0800] "POST /phpmyadmin/index.php?route=/config/get HTTP/1.1" 200 1587
::1 - - [10/Feb/2025:10:26:16 +0800] "POST /phpmyadmin/index.php?route=/config/get HTTP/1.1" 200 1497
::1 - - [10/Feb/2025:10:26:16 +0800] "POST /phpmyadmin/index.php?route=/navigation&ajax_request=1 HTTP/1.1" 200 2266
::1 - - [10/Feb/2025:10:26:16 +0800] "POST /phpmyadmin/index.php?route=/config/set HTTP/1.1" 200 1488
::1 - - [10/Feb/2025:10:26:22 +0800] "GET /phpmyadmin/index.php?route=/server/databases HTTP/1.1" 200 15947
::1 - - [10/Feb/2025:10:26:22 +0800] "POST /phpmyadmin/index.php?route=/config/get HTTP/1.1" 200 1587
::1 - - [10/Feb/2025:10:26:22 +0800] "POST /phpmyadmin/index.php?route=/config/get HTTP/1.1" 200 1497
::1 - - [10/Feb/2025:10:26:22 +0800] "POST /phpmyadmin/index.php?route=/navigation&ajax_request=1 HTTP/1.1" 200 2266
::1 - - [10/Feb/2025:10:26:23 +0800] "POST /phpmyadmin/index.php?route=/config/set HTTP/1.1" 200 1488
::1 - - [10/Feb/2025:10:26:27 +0800] "GET /phpmyadmin/ HTTP/1.1" 200 17133
::1 - - [10/Feb/2025:10:26:28 +0800] "POST /phpmyadmin/index.php?route=/config/get HTTP/1.1" 200 1497
::1 - - [10/Feb/2025:10:26:28 +0800] "POST /phpmyadmin/index.php?route=/config/get HTTP/1.1" 200 1587
::1 - - [10/Feb/2025:10:26:28 +0800] "POST /phpmyadmin/index.php?route=/navigation&ajax_request=1 HTTP/1.1" 200 2266
::1 - - [10/Feb/2025:10:26:28 +0800] "POST /phpmyadmin/index.php?route=/version-check HTTP/1.1" 200 64
::1 - - [10/Feb/2025:10:26:28 +0800] "POST /phpmyadmin/index.php?route=/config/set HTTP/1.1" 200 1488
::1 - - [10/Feb/2025:10:26:33 +0800] "GET /wordpress1 HTTP/1.1" 404 196
::1 - - [10/Feb/2025:10:26:33 +0800] "GET /favicon.ico HTTP/1.1" 404 196
::1 - - [10/Feb/2025:10:26:41 +0800] "GET /phpmyadmin/wordpress1 HTTP/1.1" 404 196
::1 - - [10/Feb/2025:10:27:05 +0800] "GET /phpmyadmin/ HTTP/1.1" 200 17133
::1 - - [10/Feb/2025:10:27:06 +0800] "POST /phpmyadmin/index.php?route=/config/get HTTP/1.1" 200 1497
::1 - - [10/Feb/2025:10:27:06 +0800] "POST /phpmyadmin/index.php?route=/config/get HTTP/1.1" 200 1587
::1 - - [10/Feb/2025:10:27:06 +0800] "POST /phpmyadmin/index.php?route=/navigation&ajax_request=1 HTTP/1.1" 200 2266
::1 - - [10/Feb/2025:10:27:06 +0800] "POST /phpmyadmin/index.php?route=/version-check HTTP/1.1" 200 64
::1 - - [10/Feb/2025:10:27:06 +0800] "POST /phpmyadmin/index.php?route=/config/set HTTP/1.1" 200 1488
::1 - - [10/Feb/2025:10:27:12 +0800] "GET /phpmyadmin/index.php?route=/server/databases HTTP/1.1" 200 15947
::1 - - [10/Feb/2025:10:27:13 +0800] "POST /phpmyadmin/index.php?route=/config/get HTTP/1.1" 200 1497
::1 - - [10/Feb/2025:10:27:13 +0800] "POST /phpmyadmin/index.php?route=/navigation&ajax_request=1 HTTP/1.1" 200 2266
::1 - - [10/Feb/2025:10:27:13 +0800] "POST /phpmyadmin/index.php?route=/config/get HTTP/1.1" 200 1587
::1 - - [10/Feb/2025:10:27:13 +0800] "POST /phpmyadmin/index.php?route=/config/set HTTP/1.1" 200 1488
::1 - - [10/Feb/2025:10:27:20 +0800] "GET /phpmyadmin/index.php?route=/database/structure&db=wordpress1&ajax_request=true&ajax_page_request=true&_nocache=1739154440213386518&token=6c626465663c583c4d557e6076234b54 HTTP/1.1" 200 7617
::1 - - [10/Feb/2025:10:27:22 +0800] "GET /phpmyadmin/themes/pmahomme/img/b_props.png HTTP/1.1" 200 573
::1 - - [10/Feb/2025:10:27:22 +0800] "GET /phpmyadmin/themes/pmahomme/img/b_routines.png HTTP/1.1" 200 306
::1 - - [10/Feb/2025:10:27:22 +0800] "GET /phpmyadmin/themes/pmahomme/img/b_events.png HTTP/1.1" 200 703
::1 - - [10/Feb/2025:10:27:22 +0800] "GET /phpmyadmin/themes/pmahomme/img/b_triggers.png HTTP/1.1" 200 446
::1 - - [10/Feb/2025:10:27:22 +0800] "GET /phpmyadmin/themes/pmahomme/img/b_relations.png HTTP/1.1" 200 140
::1 - - [10/Feb/2025:10:27:22 +0800] "GET /phpmyadmin/themes/pmahomme/img/bd_select.png HTTP/1.1" 200 325
::1 - - [10/Feb/2025:10:27:22 +0800] "GET /phpmyadmin/themes/pmahomme/img/b_insrow.png HTTP/1.1" 200 157
::1 - - [10/Feb/2025:10:27:22 +0800] "GET /phpmyadmin/themes/pmahomme/img/bd_empty.png HTTP/1.1" 200 327
::1 - - [10/Feb/2025:10:27:22 +0800] "GET /phpmyadmin/themes/pmahomme/img/b_no_favorite.png HTTP/1.1" 200 377
::1 - - [10/Feb/2025:10:27:22 +0800] "GET /phpmyadmin/themes/pmahomme/img/bd_browse.png HTTP/1.1" 200 271
::1 - - [10/Feb/2025:10:27:22 +0800] "GET /phpmyadmin/themes/pmahomme/img/b_empty.png HTTP/1.1" 200 521
::1 - - [10/Feb/2025:10:27:22 +0800] "GET /phpmyadmin/themes/pmahomme/img/b_browse.png HTTP/1.1" 200 486
::1 - - [10/Feb/2025:10:27:22 +0800] "GET /phpmyadmin/themes/pmahomme/img/b_drop.png HTTP/1.1" 200 637
::1 - - [10/Feb/2025:10:27:22 +0800] "GET /phpmyadmin/themes/pmahomme/img/b_print.png HTTP/1.1" 200 639
::1 - - [10/Feb/2025:10:27:22 +0800] "GET /phpmyadmin/themes/pmahomme/img/b_select.png HTTP/1.1" 200 593
::1 - - [10/Feb/2025:10:27:22 +0800] "GET /phpmyadmin/themes/pmahomme/img/b_tblanalyse.png HTTP/1.1" 200 152
::1 - - [10/Feb/2025:10:27:22 +0800] "GET /phpmyadmin/themes/pmahomme/img/b_table_add.png HTTP/1.1" 200 571
::1 - - [10/Feb/2025:10:27:22 +0800] "GET /phpmyadmin/js/dist/database/structure.js?v=5.2.2 HTTP/1.1" 200 14699
::1 - - [10/Feb/2025:10:27:22 +0800] "GET /phpmyadmin/js/dist/table/change.js?v=5.2.2 HTTP/1.1" 200 30114
::1 - - [10/Feb/2025:10:27:22 +0800] "POST /phpmyadmin/index.php?route=/navigation&ajax_request=1 HTTP/1.1" 200 2274
::1 - - [10/Feb/2025:10:27:23 +0800] "GET /phpmyadmin/themes/pmahomme/img/b_minus.png HTTP/1.1" 200 123
::1 - - [10/Feb/2025:10:27:23 +0800] "GET /phpmyadmin/index.php?route=%2Fserver%2Fdatabases&server=1&ajax_request=true&ajax_page_request=true&_nocache=1739154443536535520&token=6c626465663c583c4d557e6076234b54 HTTP/1.1" 200 7693
::1 - - [10/Feb/2025:10:27:30 +0800] "POST /phpmyadmin/index.php HTTP/1.1" 200 1551
::1 - - [10/Feb/2025:10:27:31 +0800] "POST /phpmyadmin/index.php?route=/navigation&ajax_request=1 HTTP/1.1" 200 2192
::1 - - [10/Feb/2025:10:27:33 +0800] "GET /phpmyadmin/index.php?route=/server/privileges&viewing_mode=server HTTP/1.1" 200 11759
::1 - - [10/Feb/2025:10:27:33 +0800] "POST /phpmyadmin/index.php?route=/config/get HTTP/1.1" 200 1497
::1 - - [10/Feb/2025:10:27:33 +0800] "POST /phpmyadmin/index.php?route=/config/get HTTP/1.1" 200 1587
::1 - - [10/Feb/2025:10:27:33 +0800] "POST /phpmyadmin/index.php?route=/navigation&ajax_request=1 HTTP/1.1" 200 2192
::1 - - [10/Feb/2025:10:27:34 +0800] "POST /phpmyadmin/index.php?route=/config/set HTTP/1.1" 200 1488
::1 - - [10/Feb/2025:10:27:44 +0800] "GET /phpmyadmin/themes/pmahomme/jquery/images/ui-bg_highlight-soft_75_cccccc_1x100.png HTTP/1.1" 200 122
::1 - - [10/Feb/2025:10:27:44 +0800] "GET /phpmyadmin/themes/pmahomme/jquery/images/ui-icons_222222_256x240.png HTTP/1.1" 200 3765
::1 - - [10/Feb/2025:10:27:47 +0800] "POST /phpmyadmin/index.php?route=/server/privileges HTTP/1.1" 200 2037
::1 - - [10/Feb/2025:10:27:47 +0800] "POST /phpmyadmin/index.php?route=/navigation&ajax_request=1 HTTP/1.1" 200 2192
::1 - - [10/Feb/2025:10:27:50 +0800] "GET /phpmyadmin/index.php?route=/server/databases HTTP/1.1" 200 15728
::1 - - [10/Feb/2025:10:27:51 +0800] "POST /phpmyadmin/index.php?route=/navigation&ajax_request=1 HTTP/1.1" 200 2192
::1 - - [10/Feb/2025:10:27:51 +0800] "POST /phpmyadmin/index.php?route=/config/get HTTP/1.1" 200 1497
::1 - - [10/Feb/2025:10:27:51 +0800] "POST /phpmyadmin/index.php?route=/config/get HTTP/1.1" 200 1587
::1 - - [10/Feb/2025:10:27:52 +0800] "POST /phpmyadmin/index.php?route=/config/set HTTP/1.1" 200 1488
::1 - - [10/Feb/2025:10:32:11 +0800] "GET /phpmyadmin/ HTTP/1.1" 200 17060
::1 - - [10/Feb/2025:10:32:13 +0800] "POST /phpmyadmin/index.php?route=/config/get HTTP/1.1" 200 1497
::1 - - [10/Feb/2025:10:32:13 +0800] "POST /phpmyadmin/index.php?route=/config/get HTTP/1.1" 200 1587
::1 - - [10/Feb/2025:10:32:13 +0800] "POST /phpmyadmin/index.php?route=/navigation&ajax_request=1 HTTP/1.1" 200 2192
::1 - - [10/Feb/2025:10:32:13 +0800] "POST /phpmyadmin/index.php?route=/version-check HTTP/1.1" 200 64
::1 - - [10/Feb/2025:10:32:13 +0800] "POST /phpmyadmin/index.php?route=/config/set HTTP/1.1" 200 1488
::1 - - [10/Feb/2025:10:32:15 +0800] "GET /phpmyadmin/themes/pmahomme/img/s_unlink.png HTTP/1.1" 200 589
::1 - - [10/Feb/2025:10:32:17 +0800] "GET /phpmyadmin/index.php?route=/server/databases HTTP/1.1" 200 15728
::1 - - [10/Feb/2025:10:32:17 +0800] "POST /phpmyadmin/index.php?route=/config/get HTTP/1.1" 200 1497
::1 - - [10/Feb/2025:10:32:17 +0800] "POST /phpmyadmin/index.php?route=/navigation&ajax_request=1 HTTP/1.1" 200 2192
::1 - - [10/Feb/2025:10:32:17 +0800] "POST /phpmyadmin/index.php?route=/config/get HTTP/1.1" 200 1587
::1 - - [10/Feb/2025:10:32:18 +0800] "POST /phpmyadmin/index.php?route=/config/set HTTP/1.1" 200 1488
::1 - - [10/Feb/2025:10:32:31 +0800] "POST /phpmyadmin/index.php?route=/server/databases/create HTTP/1.1" 200 1900
::1 - - [10/Feb/2025:10:32:31 +0800] "POST /phpmyadmin/index.php?route=/navigation&ajax_request=1 HTTP/1.1" 200 2243
::1 - - [10/Feb/2025:10:32:31 +0800] "GET /phpmyadmin/index.php?route=/database/structure&db=wordpress1&ajax_request=true&ajax_page_request=true&_nocache=1739154751947381033&token=6c626465663c583c4d557e6076234b54 HTTP/1.1" 200 3150
::1 - - [10/Feb/2025:10:32:32 +0800] "POST /phpmyadmin/index.php?route=/navigation&ajax_request=1 HTTP/1.1" 200 1514
::1 - - [10/Feb/2025:10:32:39 +0800] "GET /phpmyadmin/index.php?route=/database/operations&db=wordpress1 HTTP/1.1" 200 15448
::1 - - [10/Feb/2025:10:32:40 +0800] "GET /phpmyadmin/js/dist/database/operations.js?v=5.2.2 HTTP/1.1" 200 5749
::1 - - [10/Feb/2025:10:32:40 +0800] "GET /phpmyadmin/themes/pmahomme/img/b_edit.png HTTP/1.1" 200 377
::1 - - [10/Feb/2025:10:32:40 +0800] "POST /phpmyadmin/index.php?route=/navigation&ajax_request=1 HTTP/1.1" 200 2256
::1 - - [10/Feb/2025:10:32:40 +0800] "POST /phpmyadmin/index.php?route=/config/get HTTP/1.1" 200 1587
::1 - - [10/Feb/2025:10:32:40 +0800] "POST /phpmyadmin/index.php?route=/config/get HTTP/1.1" 200 1497
::1 - - [10/Feb/2025:10:32:40 +0800] "POST /phpmyadmin/index.php?route=/config/set HTTP/1.1" 200 1488
::1 - - [10/Feb/2025:10:32:41 +0800] "GET /phpmyadmin/index.php?route=/database/sql&db=wordpress1 HTTP/1.1" 200 12582
::1 - - [10/Feb/2025:10:32:42 +0800] "GET /phpmyadmin/js/vendor/jquery/jquery.uitablefilter.js?v=5.2.2 HTTP/1.1" 200 3139
::1 - - [10/Feb/2025:10:32:42 +0800] "GET /phpmyadmin/js/dist/sql.js?v=5.2.2 HTTP/1.1" 200 35620
::1 - - [10/Feb/2025:10:32:42 +0800] "GET /phpmyadmin/js/dist/makegrid.js?v=5.2.2 HTTP/1.1" 200 81439
::1 - - [10/Feb/2025:10:32:43 +0800] "POST /phpmyadmin/index.php?route=/navigation&ajax_request=1 HTTP/1.1" 200 2256
::1 - - [10/Feb/2025:10:32:43 +0800] "POST /phpmyadmin/index.php?route=/config/get HTTP/1.1" 200 1587
::1 - - [10/Feb/2025:10:32:43 +0800] "POST /phpmyadmin/index.php?route=/config/get HTTP/1.1" 200 1497
::1 - - [10/Feb/2025:10:32:43 +0800] "POST /phpmyadmin/index.php?route=/config/set HTTP/1.1" 200 1488
::1 - - [10/Feb/2025:10:32:44 +0800] "GET /phpmyadmin/index.php?route=/database/structure&db=wordpress1 HTTP/1.1" 200 10766
::1 - - [10/Feb/2025:10:32:44 +0800] "POST /phpmyadmin/index.php?route=/navigation&ajax_request=1 HTTP/1.1" 200 2256
::1 - - [10/Feb/2025:10:32:44 +0800] "POST /phpmyadmin/index.php?route=/config/get HTTP/1.1" 200 1587
::1 - - [10/Feb/2025:10:32:44 +0800] "POST /phpmyadmin/index.php?route=/config/get HTTP/1.1" 200 1497
::1 - - [10/Feb/2025:10:32:45 +0800] "POST /phpmyadmin/index.php?route=/config/set HTTP/1.1" 200 1488
::1 - - [10/Feb/2025:10:32:47 +0800] "POST /phpmyadmin/index.php?route=/config/set HTTP/1.1" 200 1488
::1 - - [10/Feb/2025:10:32:49 +0800] "POST /phpmyadmin/index.php?route=/config/set HTTP/1.1" 200 1488
::1 - - [10/Feb/2025:10:32:50 +0800] "POST /phpmyadmin/index.php?route=/config/set HTTP/1.1" 200 1488
::1 - - [10/Feb/2025:10:32:51 +0800] "POST /phpmyadmin/index.php?route=/config/set HTTP/1.1" 200 1488
::1 - - [10/Feb/2025:10:32:57 +0800] "GET /phpmyadmin/index.php?route=/&ajax_request=true&ajax_page_request=true&_nocache=1739154777896479388&token=6c626465663c583c4d557e6076234b54 HTTP/1.1" 200 8817
::1 - - [10/Feb/2025:10:32:58 +0800] "POST /phpmyadmin/index.php?route=/version-check HTTP/1.1" 200 64
::1 - - [10/Feb/2025:10:33:00 +0800] "GET /phpmyadmin/index.php?route=/server/databases HTTP/1.1" 200 15856
::1 - - [10/Feb/2025:10:33:01 +0800] "POST /phpmyadmin/index.php?route=/config/get HTTP/1.1" 200 1497
::1 - - [10/Feb/2025:10:33:01 +0800] "POST /phpmyadmin/index.php?route=/navigation&ajax_request=1 HTTP/1.1" 200 2256
::1 - - [10/Feb/2025:10:33:01 +0800] "POST /phpmyadmin/index.php?route=/config/get HTTP/1.1" 200 1587
::1 - - [10/Feb/2025:10:33:02 +0800] "POST /phpmyadmin/index.php?route=/config/set HTTP/1.1" 200 1488
::1 - - [10/Feb/2025:10:33:04 +0800] "GET /phpmyadmin/index.php?route=/server/privileges&viewing_mode=server HTTP/1.1" 200 11738
::1 - - [10/Feb/2025:10:33:04 +0800] "POST /phpmyadmin/index.php?route=/config/get HTTP/1.1" 200 1587
::1 - - [10/Feb/2025:10:33:04 +0800] "POST /phpmyadmin/index.php?route=/navigation&ajax_request=1 HTTP/1.1" 200 2256
::1 - - [10/Feb/2025:10:33:04 +0800] "POST /phpmyadmin/index.php?route=/config/get HTTP/1.1" 200 1497
::1 - - [10/Feb/2025:10:33:04 +0800] "POST /phpmyadmin/index.php?route=/config/set HTTP/1.1" 200 1488
::1 - - [10/Feb/2025:10:33:06 +0800] "GET /phpmyadmin/index.php?route=/server/privileges&adduser=1&ajax_request=true&ajax_page_request=true&_nocache=173915478656552034&token=6c626465663c583c4d557e6076234b54 HTTP/1.1" 200 5217
::1 - - [10/Feb/2025:10:33:11 +0800] "GET /phpmyadmin/index.php?route=/server/privileges&ajax_request=true&server=1&validate_username=true&username=bensefton&_nocache=1739154791355705911&token=6c626465663c583c4d557e6076234b54 HTTP/1.1" 200 1610
::1 - - [10/Feb/2025:10:33:26 +0800] "POST /phpmyadmin/index.php?route=/server/privileges HTTP/1.1" 200 7037
::1 - - [10/Feb/2025:10:33:31 +0800] "GET /phpmyadmin/index.php?route=/server/databases HTTP/1.1" 200 15856
::1 - - [10/Feb/2025:10:33:32 +0800] "POST /phpmyadmin/index.php?route=/config/get HTTP/1.1" 200 1497
::1 - - [10/Feb/2025:10:33:32 +0800] "POST /phpmyadmin/index.php?route=/navigation&ajax_request=1 HTTP/1.1" 200 2256
::1 - - [10/Feb/2025:10:33:32 +0800] "POST /phpmyadmin/index.php?route=/config/get HTTP/1.1" 200 1587
::1 - - [10/Feb/2025:10:33:33 +0800] "POST /phpmyadmin/index.php?route=/config/set HTTP/1.1" 200 1488
::1 - - [10/Feb/2025:10:33:49 +0800] "GET / HTTP/1.1" 200 1765
::1 - - [10/Feb/2025:10:33:53 +0800] "GET /wordpress1 HTTP/1.1" 301 236
::1 - - [10/Feb/2025:10:33:53 +0800] "GET /wordpress1/ HTTP/1.1" 302 -
::1 - - [10/Feb/2025:10:33:55 +0800] "GET /wordpress1/wp-admin/setup-config.php HTTP/1.1" 200 13231
::1 - - [10/Feb/2025:10:34:49 +0800] "-" 408 -
::1 - - [10/Feb/2025:10:35:18 +0800] "GET / HTTP/1.1" 200 1765
::1 - - [10/Feb/2025:10:35:22 +0800] "GET /wordpress1/ HTTP/1.1" 500 2431
::1 - - [10/Feb/2025:10:35:30 +0800] "GET /phpmyadmin/index.php?route=/database/structure&db=wordpress1&ajax_request=true&ajax_page_request=true&_nocache=1739154930265126961&token=6c626465663c583c4d557e6076234b54 HTTP/1.1" 200 3150
::1 - - [10/Feb/2025:10:35:37 +0800] "GET /phpmyadmin/index.php?route=/&ajax_request=true&ajax_page_request=true&_nocache=1739154937440604364&token=6c626465663c583c4d557e6076234b54 HTTP/1.1" 200 8817
::1 - - [10/Feb/2025:10:35:37 +0800] "POST /phpmyadmin/index.php?route=/version-check HTTP/1.1" 200 64
::1 - - [10/Feb/2025:10:35:42 +0800] "GET /phpmyadmin/index.php?route=/server/databases HTTP/1.1" 200 15856
::1 - - [10/Feb/2025:10:35:43 +0800] "POST /phpmyadmin/index.php?route=/config/get HTTP/1.1" 200 1497
::1 - - [10/Feb/2025:10:35:43 +0800] "POST /phpmyadmin/index.php?route=/config/get HTTP/1.1" 200 1587
::1 - - [10/Feb/2025:10:35:43 +0800] "POST /phpmyadmin/index.php?route=/navigation&ajax_request=1 HTTP/1.1" 200 2256
::1 - - [10/Feb/2025:10:35:43 +0800] "POST /phpmyadmin/index.php?route=/config/set HTTP/1.1" 200 1488
::1 - - [10/Feb/2025:10:35:48 +0800] "POST /phpmyadmin/index.php HTTP/1.1" 200 1550
::1 - - [10/Feb/2025:10:35:49 +0800] "POST /phpmyadmin/index.php?route=/navigation&ajax_request=1 HTTP/1.1" 200 2192
::1 - - [10/Feb/2025:10:35:52 +0800] "GET /phpmyadmin/index.php?route=/server/import HTTP/1.1" 200 14679
::1 - - [10/Feb/2025:10:35:53 +0800] "POST /phpmyadmin/index.php?route=/config/get HTTP/1.1" 200 1497
::1 - - [10/Feb/2025:10:35:53 +0800] "POST /phpmyadmin/index.php?route=/navigation&ajax_request=1 HTTP/1.1" 200 2192
::1 - - [10/Feb/2025:10:35:53 +0800] "POST /phpmyadmin/index.php?route=/config/get HTTP/1.1" 200 1587
::1 - - [10/Feb/2025:10:35:54 +0800] "POST /phpmyadmin/index.php?route=/config/set HTTP/1.1" 200 1488
::1 - - [10/Feb/2025:10:35:59 +0800] "POST /phpmyadmin/index.php?route=/import HTTP/1.1" 200 10185
::1 - - [10/Feb/2025:10:36:00 +0800] "POST /phpmyadmin/index.php?route=/config/get HTTP/1.1" 200 1587
::1 - - [10/Feb/2025:10:36:00 +0800] "POST /phpmyadmin/index.php?route=/config/get HTTP/1.1" 200 1497
::1 - - [10/Feb/2025:10:36:00 +0800] "POST /phpmyadmin/index.php?route=/navigation&ajax_request=1 HTTP/1.1" 200 2192
::1 - - [10/Feb/2025:10:36:01 +0800] "POST /phpmyadmin/index.php?route=/config/set HTTP/1.1" 200 1488
::1 - - [10/Feb/2025:10:36:05 +0800] "GET /phpmyadmin/index.php?route=/server/import&no_history=true&ajax_request=true&ajax_page_request=true&_nocache=1739154965415425606&token=6c626465663c583c4d557e6076234b54 HTTP/1.1" 200 7000
::1 - - [10/Feb/2025:10:36:11 +0800] "POST /phpmyadmin/index.php?route=/import HTTP/1.1" 200 9866
::1 - - [10/Feb/2025:10:36:21 +0800] "POST /phpmyadmin/index.php?route=/config/get HTTP/1.1" 200 1497
::1 - - [10/Feb/2025:10:36:21 +0800] "POST /phpmyadmin/index.php?route=/navigation&ajax_request=1 HTTP/1.1" 200 2266
::1 - - [10/Feb/2025:10:36:21 +0800] "POST /phpmyadmin/index.php?route=/config/get HTTP/1.1" 200 1587
::1 - - [10/Feb/2025:10:36:22 +0800] "POST /phpmyadmin/index.php?route=/config/set HTTP/1.1" 200 1488
::1 - - [10/Feb/2025:10:36:27 +0800] "GET /phpmyadmin/index.php?route=/&ajax_request=true&ajax_page_request=true&_nocache=1739154987225935364&token=6c626465663c583c4d557e6076234b54 HTTP/1.1" 200 8817
::1 - - [10/Feb/2025:10:36:27 +0800] "POST /phpmyadmin/index.php?route=/version-check HTTP/1.1" 200 64
::1 - - [10/Feb/2025:10:36:32 +0800] "GET / HTTP/1.1" 200 1765
::1 - - [10/Feb/2025:10:36:35 +0800] "GET /wordpress1/ HTTP/1.1" 500 2431
::1 - - [10/Feb/2025:10:36:35 +0800] "GET /wordpress1/ HTTP/1.1" 500 2431
::1 - - [10/Feb/2025:10:42:38 +0800] "GET /phpmyadmin/index.php?route=/server/databases HTTP/1.1" 200 15947
::1 - - [10/Feb/2025:10:42:39 +0800] "POST /phpmyadmin/index.php?route=/config/get HTTP/1.1" 200 1497
::1 - - [10/Feb/2025:10:42:39 +0800] "POST /phpmyadmin/index.php?route=/navigation&ajax_request=1 HTTP/1.1" 200 2266
::1 - - [10/Feb/2025:10:42:39 +0800] "POST /phpmyadmin/index.php?route=/config/get HTTP/1.1" 200 1587
::1 - - [10/Feb/2025:10:42:40 +0800] "POST /phpmyadmin/index.php?route=/config/set HTTP/1.1" 200 1488
::1 - - [10/Feb/2025:10:42:43 +0800] "POST /phpmyadmin/index.php HTTP/1.1" 200 1551
::1 - - [10/Feb/2025:10:42:44 +0800] "POST /phpmyadmin/index.php?route=/navigation&ajax_request=1 HTTP/1.1" 200 2192
::1 - - [10/Feb/2025:10:43:49 +0800] "GET /phpmyadmin/index.php?route=/server/privileges&viewing_mode=server HTTP/1.1" 200 11759
::1 - - [10/Feb/2025:10:43:49 +0800] "POST /phpmyadmin/index.php?route=/navigation&ajax_request=1 HTTP/1.1" 200 2192
::1 - - [10/Feb/2025:10:43:49 +0800] "POST /phpmyadmin/index.php?route=/config/get HTTP/1.1" 200 1497
::1 - - [10/Feb/2025:10:43:49 +0800] "POST /phpmyadmin/index.php?route=/config/get HTTP/1.1" 200 1587
::1 - - [10/Feb/2025:10:43:50 +0800] "POST /phpmyadmin/index.php?route=/config/set HTTP/1.1" 200 1488
::1 - - [10/Feb/2025:10:43:58 +0800] "POST /phpmyadmin/index.php?route=/server/privileges HTTP/1.1" 200 2037
::1 - - [10/Feb/2025:10:43:58 +0800] "POST /phpmyadmin/index.php?route=/navigation&ajax_request=1 HTTP/1.1" 200 2192
::1 - - [10/Feb/2025:10:44:04 +0800] "GET /phpmyadmin/index.php?route=/&ajax_request=true&ajax_page_request=true&_nocache=1739155444945115244&token=6c626465663c583c4d557e6076234b54 HTTP/1.1" 200 8817
::1 - - [10/Feb/2025:10:44:05 +0800] "POST /phpmyadmin/index.php?route=/version-check HTTP/1.1" 200 64
::1 - - [10/Feb/2025:10:44:13 +0800] "GET /phpmyadmin/index.php?route=/server/databases HTTP/1.1" 200 15728
::1 - - [10/Feb/2025:10:44:14 +0800] "POST /phpmyadmin/index.php?route=/navigation&ajax_request=1 HTTP/1.1" 200 2192
::1 - - [10/Feb/2025:10:44:14 +0800] "POST /phpmyadmin/index.php?route=/config/get HTTP/1.1" 200 1497
::1 - - [10/Feb/2025:10:44:14 +0800] "POST /phpmyadmin/index.php?route=/config/get HTTP/1.1" 200 1587
::1 - - [10/Feb/2025:10:44:15 +0800] "POST /phpmyadmin/index.php?route=/config/set HTTP/1.1" 200 1488
::1 - - [10/Feb/2025:10:44:39 +0800] "POST /phpmyadmin/index.php?route=/server/databases/create HTTP/1.1" 200 1900
::1 - - [10/Feb/2025:10:44:39 +0800] "POST /phpmyadmin/index.php?route=/navigation&ajax_request=1 HTTP/1.1" 200 2243
::1 - - [10/Feb/2025:10:44:39 +0800] "GET /phpmyadmin/index.php?route=/database/structure&db=wordpress1&ajax_request=true&ajax_page_request=true&_nocache=1739155479886575171&token=6c626465663c583c4d557e6076234b54 HTTP/1.1" 200 3150
::1 - - [10/Feb/2025:10:44:40 +0800] "POST /phpmyadmin/index.php?route=/navigation&ajax_request=1 HTTP/1.1" 200 1514
::1 - - [10/Feb/2025:10:44:55 +0800] "GET /phpmyadmin/index.php?route=/&ajax_request=true&ajax_page_request=true&_nocache=1739155495939517101&token=6c626465663c583c4d557e6076234b54 HTTP/1.1" 200 8817
::1 - - [10/Feb/2025:10:44:56 +0800] "POST /phpmyadmin/index.php?route=/version-check HTTP/1.1" 200 64
::1 - - [10/Feb/2025:10:44:57 +0800] "GET /phpmyadmin/index.php?route=/server/privileges&viewing_mode=server HTTP/1.1" 200 11738
::1 - - [10/Feb/2025:10:44:58 +0800] "POST /phpmyadmin/index.php?route=/config/get HTTP/1.1" 200 1497
::1 - - [10/Feb/2025:10:44:58 +0800] "POST /phpmyadmin/index.php?route=/navigation&ajax_request=1 HTTP/1.1" 200 2256
::1 - - [10/Feb/2025:10:44:58 +0800] "POST /phpmyadmin/index.php?route=/config/get HTTP/1.1" 200 1587
::1 - - [10/Feb/2025:10:44:59 +0800] "POST /phpmyadmin/index.php?route=/config/set HTTP/1.1" 200 1488
::1 - - [10/Feb/2025:10:45:02 +0800] "GET /phpmyadmin/index.php?route=/server/privileges&adduser=1&ajax_request=true&ajax_page_request=true&_nocache=1739155502556968579&token=6c626465663c583c4d557e6076234b54 HTTP/1.1" 200 5217
::1 - - [10/Feb/2025:10:45:12 +0800] "GET /phpmyadmin/index.php?route=/server/privileges&ajax_request=true&server=1&validate_username=true&username=bensefton&_nocache=1739155512673949308&token=6c626465663c583c4d557e6076234b54 HTTP/1.1" 200 1610
::1 - - [10/Feb/2025:10:46:02 +0800] "POST /phpmyadmin/index.php?route=/server/privileges HTTP/1.1" 200 7037
::1 - - [10/Feb/2025:10:46:06 +0800] "GET /phpmyadmin/index.php?route=/server/privileges&viewing_mode=server HTTP/1.1" 200 11806
::1 - - [10/Feb/2025:10:46:07 +0800] "POST /phpmyadmin/index.php?route=/navigation&ajax_request=1 HTTP/1.1" 200 2256
::1 - - [10/Feb/2025:10:46:07 +0800] "POST /phpmyadmin/index.php?route=/config/get HTTP/1.1" 200 1497
::1 - - [10/Feb/2025:10:46:07 +0800] "POST /phpmyadmin/index.php?route=/config/get HTTP/1.1" 200 1587
::1 - - [10/Feb/2025:10:46:08 +0800] "POST /phpmyadmin/index.php?route=/config/set HTTP/1.1" 200 1488
::1 - - [10/Feb/2025:10:46:09 +0800] "GET /phpmyadmin/index.php?route=/server/privileges&username=bensefton&hostname=localhost&dbname=&tablename=&routinename=&ajax_request=true&ajax_page_request=true&_nocache=1739155569691575983&token=6c626465663c583c4d557e6076234b54 HTTP/1.1" 200 6436
::1 - - [10/Feb/2025:10:46:42 +0800] "POST /phpmyadmin/index.php?route=/server/privileges HTTP/1.1" 200 3818
::1 - - [10/Feb/2025:10:46:51 +0800] "POST /phpmyadmin/index.php?route=/server/privileges HTTP/1.1" 200 4204
::1 - - [10/Feb/2025:10:47:00 +0800] "GET /phpmyadmin/index.php?route=/&ajax_request=true&ajax_page_request=true&_nocache=173915562039379004&token=6c626465663c583c4d557e6076234b54 HTTP/1.1" 200 8817
::1 - - [10/Feb/2025:10:47:01 +0800] "POST /phpmyadmin/index.php?route=/version-check HTTP/1.1" 200 64
::1 - - [10/Feb/2025:10:47:20 +0800] "GET / HTTP/1.1" 200 1765
::1 - - [10/Feb/2025:10:47:29 +0800] "GET /wordpress1/ HTTP/1.1" 302 -
::1 - - [10/Feb/2025:10:47:29 +0800] "GET /wordpress1/wp-admin/install.php HTTP/1.1" 200 13426
::1 - - [10/Feb/2025:10:47:33 +0800] "GET /wordpress1/wp-admin/css/l10n.min.css?ver=6.7.1 HTTP/1.1" 200 3200
::1 - - [10/Feb/2025:10:47:33 +0800] "GET /wordpress1/wp-admin/css/forms.min.css?ver=6.7.1 HTTP/1.1" 200 28448
::1 - - [10/Feb/2025:10:47:33 +0800] "GET /wordpress1/wp-admin/css/install.min.css?ver=6.7.1 HTTP/1.1" 200 5067
::1 - - [10/Feb/2025:10:47:33 +0800] "GET /wordpress1/wp-includes/css/dashicons.min.css?ver=6.7.1 HTTP/1.1" 200 59016
::1 - - [10/Feb/2025:10:47:33 +0800] "GET /wordpress1/wp-admin/images/wordpress-logo.svg?ver=20131107 HTTP/1.1" 200 1521
::1 - - [10/Feb/2025:10:47:33 +0800] "GET /wordpress1/wp-admin/images/spinner-2x.gif HTTP/1.1" 200 7536
::1 - - [10/Feb/2025:10:47:33 +0800] "GET /wordpress1/wp-admin/js/language-chooser.min.js?ver=6.7.1 HTTP/1.1" 200 423
::1 - - [10/Feb/2025:10:47:33 +0800] "GET /wordpress1/wp-includes/css/buttons.min.css?ver=6.7.1 HTTP/1.1" 200 6061
::1 - - [10/Feb/2025:10:47:33 +0800] "GET /wordpress1/wp-includes/js/jquery/jquery.min.js?ver=3.7.1 HTTP/1.1" 200 87553
::1 - - [10/Feb/2025:10:47:33 +0800] "GET /wordpress1/wp-includes/js/jquery/jquery-migrate.min.js?ver=3.4.1 HTTP/1.1" 200 13577
::1 - - [10/Feb/2025:10:47:36 +0800] "POST /wordpress1/wp-admin/install.php?step=1 HTTP/1.1" 200 7598
::1 - - [10/Feb/2025:10:47:37 +0800] "GET /wordpress1/wp-includes/js/zxcvbn-async.min.js?ver=1.0 HTTP/1.1" 200 351
::1 - - [10/Feb/2025:10:47:37 +0800] "GET /wordpress1/wp-admin/js/password-strength-meter.min.js?ver=6.7.1 HTTP/1.1" 200 1123
::1 - - [10/Feb/2025:10:47:37 +0800] "GET /wordpress1/wp-includes/js/dist/i18n.min.js?ver=5e580eb46a90c2b997e6 HTTP/1.1" 200 9141
::1 - - [10/Feb/2025:10:47:37 +0800] "GET /wordpress1/wp-includes/js/dist/dom-ready.min.js?ver=f77871ff7694fffea381 HTTP/1.1" 200 457
::1 - - [10/Feb/2025:10:47:37 +0800] "GET /wordpress1/wp-includes/js/wp-util.min.js?ver=6.7.1 HTTP/1.1" 200 1426
::1 - - [10/Feb/2025:10:47:37 +0800] "GET /wordpress1/wp-includes/js/dist/hooks.min.js?ver=4d63a3d491d11ffd8ac6 HTTP/1.1" 200 4776
::1 - - [10/Feb/2025:10:47:37 +0800] "GET /wordpress1/wp-includes/js/dist/a11y.min.js?ver=3156534cc54473497e14 HTTP/1.1" 200 2358
::1 - - [10/Feb/2025:10:47:37 +0800] "GET /wordpress1/wp-includes/js/underscore.min.js?ver=1.13.7 HTTP/1.1" 200 18878
::1 - - [10/Feb/2025:10:47:37 +0800] "GET /wordpress1/wp-admin/js/user-profile.min.js?ver=6.7.1 HTTP/1.1" 200 6862
::1 - - [10/Feb/2025:10:47:37 +0800] "GET /wordpress1/wp-includes/js/clipboard.min.js?ver=2.0.11 HTTP/1.1" 200 9009
::1 - - [10/Feb/2025:10:47:37 +0800] "GET /wordpress1/wp-includes/js/zxcvbn.min.js HTTP/1.1" 200 822237
::1 - - [10/Feb/2025:10:48:37 +0800] "POST /wordpress1/wp-cron.php?doing_wp_cron=1739155717.3788380622863769531250 HTTP/1.1" 200 -
::1 - - [10/Feb/2025:10:48:37 +0800] "POST /wordpress1/wp-cron.php?doing_wp_cron=1739155717.3807818889617919921875 HTTP/1.1" 200 -
::1 - - [10/Feb/2025:10:48:34 +0800] "GET /wordpress1/index.php/2025/02/10/hello-world/ HTTP/1.1" 200 20618
::1 - - [10/Feb/2025:10:48:29 +0800] "GET /wordpress1/2025/02/10/hello-world/ HTTP/1.1" 200 20588
::1 - - [10/Feb/2025:10:48:26 +0800] "POST /wordpress1/wp-admin/install.php?step=2 HTTP/1.1" 200 4364
::1 - - [10/Feb/2025:10:48:56 +0800] "GET /wordpress1/wp-login.php HTTP/1.1" 200 4514
::1 - - [10/Feb/2025:10:48:57 +0800] "GET /wordpress1/wp-admin/load-scripts.php?c=0&load%5Bchunk_0%5D=clipboard,jquery-core,jquery-migrate,zxcvbn-async,wp-hooks&ver=6.7.1 HTTP/1.1" 200 115271
::1 - - [10/Feb/2025:10:48:57 +0800] "GET /wordpress1/wp-admin/load-styles.php?c=0&dir=ltr&load%5Bchunk_0%5D=dashicons,buttons,forms,l10n,login&ver=6.7.1 HTTP/1.1" 200 103181
::1 - - [10/Feb/2025:10:49:08 +0800] "POST /wordpress1/wp-login.php HTTP/1.1" 302 -
::1 - - [10/Feb/2025:10:49:17 +0800] "GET /wordpress1/wp-includes/js/thickbox/thickbox.css?ver=6.7.1 HTTP/1.1" 200 2659
::1 - - [10/Feb/2025:10:49:17 +0800] "GET /wordpress1/wp-admin/load-scripts.php?c=0&load%5Bchunk_0%5D=jquery-core,jquery-migrate,utils&ver=6.7.1 HTTP/1.1" 200 102997
::1 - - [10/Feb/2025:10:49:18 +0800] "GET /wordpress1/wp-includes/css/editor.min.css?ver=6.7.1 HTTP/1.1" 200 26851
::1 - - [10/Feb/2025:10:49:09 +0800] "GET /wordpress1/wp-admin/ HTTP/1.1" 200 117052
::1 - - [10/Feb/2025:10:49:18 +0800] "GET /wordpress1/wp-includes/js/api-request.min.js?ver=6.7.1 HTTP/1.1" 200 1023
::1 - - [10/Feb/2025:10:49:18 +0800] "GET /wordpress1/wp-includes/js/hoverintent-js.min.js?ver=2.2.1 HTTP/1.1" 200 1718
::1 - - [10/Feb/2025:10:49:18 +0800] "GET /wordpress1/wp-admin/load-scripts.php?c=0&load%5Bchunk_0%5D=hoverIntent,wp-dom-ready,wp-hooks&ver=6.7.1 HTTP/1.1" 200 6735
::1 - - [10/Feb/2025:10:49:18 +0800] "GET /wordpress1/wp-includes/js/admin-bar.min.js?ver=6.7.1 HTTP/1.1" 200 3487
::1 - - [10/Feb/2025:10:49:18 +0800] "GET /wordpress1/wp-includes/js/dist/url.min.js?ver=e87eb76272a3a08402d2 HTTP/1.1" 200 8375
::1 - - [10/Feb/2025:10:49:18 +0800] "GET /wordpress1/wp-admin/js/common.min.js?ver=6.7.1 HTTP/1.1" 200 23497
::1 - - [10/Feb/2025:10:49:18 +0800] "GET /wordpress1/wp-includes/js/wp-ajax-response.min.js?ver=6.7.1 HTTP/1.1" 200 2505
::1 - - [10/Feb/2025:10:49:18 +0800] "GET /wordpress1/wp-includes/js/wp-lists.min.js?ver=6.7.1 HTTP/1.1" 200 7521
::1 - - [10/Feb/2025:10:49:18 +0800] "GET /wordpress1/wp-includes/js/dist/vendor/wp-polyfill.min.js?ver=3.15.0 HTTP/1.1" 200 37931
::1 - - [10/Feb/2025:10:49:18 +0800] "GET /wordpress1/wp-includes/js/quicktags.min.js?ver=6.7.1 HTTP/1.1" 200 11132
::1 - - [10/Feb/2025:10:49:18 +0800] "GET /wordpress1/wp-includes/js/jquery/jquery.color.min.js?ver=3.0.0 HTTP/1.1" 200 6645
::1 - - [10/Feb/2025:10:49:18 +0800] "GET /wordpress1/wp-includes/js/jquery/jquery.query.js?ver=2.2.3 HTTP/1.1" 200 3694
::1 - - [10/Feb/2025:10:49:18 +0800] "GET /wordpress1/wp-includes/js/jquery/ui/mouse.min.js?ver=1.13.3 HTTP/1.1" 200 3428
::1 - - [10/Feb/2025:10:49:18 +0800] "GET /wordpress1/wp-admin/js/edit-comments.min.js?ver=6.7.1 HTTP/1.1" 200 15366
::1 - - [10/Feb/2025:10:49:18 +0800] "GET /wordpress1/wp-includes/js/jquery/ui/core.min.js?ver=1.13.3 HTTP/1.1" 200 21464
::1 - - [10/Feb/2025:10:49:18 +0800] "GET /wordpress1/wp-includes/js/dist/deprecated.min.js?ver=e1f84915c5e8ae38964c HTTP/1.1" 200 684
::1 - - [10/Feb/2025:10:49:18 +0800] "GET /wordpress1/wp-includes/js/jquery/ui/sortable.min.js?ver=1.13.3 HTTP/1.1" 200 25504
::1 - - [10/Feb/2025:10:49:18 +0800] "GET /wordpress1/wp-admin/js/postbox.min.js?ver=6.7.1 HTTP/1.1" 200 6705
::1 - - [10/Feb/2025:10:49:17 +0800] "GET /wordpress1/wp-admin/load-styles.php?c=0&dir=ltr&load%5Bchunk_0%5D=dashicons,admin-bar,site-health,common,forms,admin-menu,dashboard,list-tables,edit,revisions,media,themes,about,nav-menus,wp-poi&load%5Bchunk_1%5D=nter,widgets,site-icon,l10n,buttons,wp-auth-check&ver=6.7.1 HTTP/1.1" 200 404630
::1 - - [10/Feb/2025:10:49:18 +0800] "GET /wordpress1/wp-admin/js/plugin-install.min.js?ver=6.7.1 HTTP/1.1" 200 2403
::1 - - [10/Feb/2025:10:49:18 +0800] "GET /wordpress1/wp-includes/js/thickbox/thickbox.js?ver=3.1-20121105 HTTP/1.1" 200 13332
::1 - - [10/Feb/2025:10:49:18 +0800] "GET /wordpress1/wp-admin/js/dashboard.min.js?ver=6.7.1 HTTP/1.1" 200 8797
::1 - - [10/Feb/2025:10:49:18 +0800] "GET /wordpress1/wp-includes/js/dist/vendor/moment.min.js?ver=2.30.1 HTTP/1.1" 200 58811
::1 - - [10/Feb/2025:10:49:18 +0800] "GET /wordpress1/wp-includes/js/dist/date.min.js?ver=aaca6387d1cf924acc51 HTTP/1.1" 200 783428
::1 - - [10/Feb/2025:10:49:18 +0800] "GET /wordpress1/wp-includes/js/wp-sanitize.min.js?ver=6.7.1 HTTP/1.1" 200 458
::1 - - [10/Feb/2025:10:49:18 +0800] "GET /wordpress1/wp-admin/js/media-upload.min.js?ver=6.7.1 HTTP/1.1" 200 1152
::1 - - [10/Feb/2025:10:49:18 +0800] "GET /wordpress1/wp-admin/js/updates.min.js?ver=6.7.1 HTTP/1.1" 200 48366
::1 - - [10/Feb/2025:10:49:18 +0800] "GET /wordpress1/wp-includes/js/shortcode.min.js?ver=6.7.1 HTTP/1.1" 200 2643
::1 - - [10/Feb/2025:10:49:18 +0800] "GET /wordpress1/wp-admin/js/svg-painter.js?ver=6.7.1 HTTP/1.1" 200 3280
::1 - - [10/Feb/2025:10:49:18 +0800] "GET /wordpress1/wp-includes/js/heartbeat.min.js?ver=6.7.1 HTTP/1.1" 200 5947
::1 - - [10/Feb/2025:10:49:18 +0800] "GET /wordpress1/wp-includes/js/wp-auth-check.min.js?ver=6.7.1 HTTP/1.1" 200 1658
::1 - - [10/Feb/2025:10:49:18 +0800] "GET /wordpress1/wp-includes/js/jquery/ui/menu.min.js?ver=1.13.3 HTTP/1.1" 200 10199
::1 - - [10/Feb/2025:10:49:18 +0800] "GET /wordpress1/wp-includes/js/wplink.min.js?ver=6.7.1 HTTP/1.1" 200 11317
::1 - - [10/Feb/2025:10:49:18 +0800] "GET /wordpress1/wp-includes/js/jquery/ui/autocomplete.min.js?ver=1.13.3 HTTP/1.1" 200 8536
::1 - - [10/Feb/2025:10:49:18 +0800] "GET /wordpress1/wp-admin/js/site-health.min.js?ver=6.7.1 HTTP/1.1" 200 6282
::1 - - [10/Feb/2025:10:49:19 +0800] "GET /wordpress1/wp-includes/js/wp-emoji-release.min.js?ver=6.7.1 HTTP/1.1" 200 18726
::1 - - [10/Feb/2025:10:49:19 +0800] "GET /wordpress1/wp-includes/js/thickbox/loadingAnimation.gif HTTP/1.1" 200 15238
::1 - - [10/Feb/2025:10:49:19 +0800] "POST /wordpress1/wp-cron.php?doing_wp_cron=1739155759.5715210437774658203125 HTTP/1.1" 200 -
::1 - - [10/Feb/2025:10:49:19 +0800] "GET /wordpress1/wp-admin/admin-ajax.php?action=wp-compression-test&test=1&_ajax_nonce=96eca8683e&1739155759066 HTTP/1.1" 200 1114
::1 - - [10/Feb/2025:10:49:19 +0800] "POST /wordpress1/wp-admin/admin-ajax.php HTTP/1.1" 200 92
::1 - - [10/Feb/2025:10:49:20 +0800] "GET /wordpress1/wp-admin/admin-ajax.php?action=wp-compression-test&test=2&_ajax_nonce=96eca8683e&1739155760557 HTTP/1.1" 200 572
::1 - - [10/Feb/2025:10:49:21 +0800] "GET /wordpress1/wp-admin/admin-ajax.php?action=wp-compression-test&test=yes&_ajax_nonce=96eca8683e&1739155761054 HTTP/1.1" 200 1
::1 - - [10/Feb/2025:10:49:19 +0800] "GET /wordpress1/wp-admin/admin-ajax.php?action=dashboard-widgets&widget=dashboard_primary&pagenow=dashboard HTTP/1.1" 200 912
::1 - - [10/Feb/2025:10:50:23 +0800] "GET /phpmyadmin/index.php?route=/server/databases HTTP/1.1" 200 15856
::1 - - [10/Feb/2025:10:50:24 +0800] "POST /phpmyadmin/index.php?route=/config/get HTTP/1.1" 200 1497
::1 - - [10/Feb/2025:10:50:24 +0800] "POST /phpmyadmin/index.php?route=/navigation&ajax_request=1 HTTP/1.1" 200 2868
::1 - - [10/Feb/2025:10:50:24 +0800] "POST /phpmyadmin/index.php?route=/config/get HTTP/1.1" 200 1587
::1 - - [10/Feb/2025:10:50:25 +0800] "POST /phpmyadmin/index.php?route=/config/set HTTP/1.1" 200 1488
::1 - - [10/Feb/2025:10:50:47 +0800] "POST /phpmyadmin/index.php?route=/server/databases/create HTTP/1.1" 200 1901
::1 - - [10/Feb/2025:10:50:48 +0800] "GET /phpmyadmin/index.php?route=/database/structure&db=wordpress2&ajax_request=true&ajax_page_request=true&_nocache=1739155848194907863&token=6c626465663c583c4d557e6076234b54 HTTP/1.1" 200 3150
::1 - - [10/Feb/2025:10:50:48 +0800] "POST /phpmyadmin/index.php?route=/navigation&ajax_request=1 HTTP/1.1" 200 2266
::1 - - [10/Feb/2025:10:50:49 +0800] "POST /phpmyadmin/index.php?route=/navigation&ajax_request=1 HTTP/1.1" 200 1514
::1 - - [10/Feb/2025:10:50:50 +0800] "GET /phpmyadmin/index.php?route=/database/structure&db=wordpress1&ajax_request=true&ajax_page_request=true&_nocache=1739155850723623769&token=6c626465663c583c4d557e6076234b54 HTTP/1.1" 200 7616
::1 - - [10/Feb/2025:10:50:51 +0800] "POST /phpmyadmin/index.php?route=/navigation&ajax_request=1 HTTP/1.1" 200 2274
::1 - - [10/Feb/2025:10:50:56 +0800] "GET /phpmyadmin/index.php?route=/&ajax_request=true&ajax_page_request=true&_nocache=1739155856500584328&token=6c626465663c583c4d557e6076234b54 HTTP/1.1" 200 8817
::1 - - [10/Feb/2025:10:50:57 +0800] "POST /phpmyadmin/index.php?route=/version-check HTTP/1.1" 200 64
::1 - - [10/Feb/2025:10:51:03 +0800] "GET /phpmyadmin/index.php?route=/server/privileges&viewing_mode=server HTTP/1.1" 200 11830
::1 - - [10/Feb/2025:10:51:04 +0800] "POST /phpmyadmin/index.php?route=/config/get HTTP/1.1" 200 1497
::1 - - [10/Feb/2025:10:51:04 +0800] "POST /phpmyadmin/index.php?route=/navigation&ajax_request=1 HTTP/1.1" 200 2266
::1 - - [10/Feb/2025:10:51:04 +0800] "POST /phpmyadmin/index.php?route=/config/get HTTP/1.1" 200 1587
::1 - - [10/Feb/2025:10:51:05 +0800] "POST /phpmyadmin/index.php?route=/config/set HTTP/1.1" 200 1488
::1 - - [10/Feb/2025:10:51:06 +0800] "GET /phpmyadmin/index.php?route=/server/privileges&username=bensefton&hostname=localhost&dbname=&tablename=&routinename=&ajax_request=true&ajax_page_request=true&_nocache=1739155866227178899&token=6c626465663c583c4d557e6076234b54 HTTP/1.1" 200 6605
::1 - - [10/Feb/2025:10:51:10 +0800] "POST /phpmyadmin/index.php?route=/server/privileges HTTP/1.1" 200 3818
::1 - - [10/Feb/2025:10:51:14 +0800] "POST /phpmyadmin/index.php?route=/server/privileges HTTP/1.1" 200 4204
::1 - - [10/Feb/2025:10:51:18 +0800] "GET /phpmyadmin/index.php?route=/&ajax_request=true&ajax_page_request=true&_nocache=1739155878218571044&token=6c626465663c583c4d557e6076234b54 HTTP/1.1" 200 8817
::1 - - [10/Feb/2025:10:51:18 +0800] "POST /phpmyadmin/index.php?route=/version-check HTTP/1.1" 200 64
::1 - - [10/Feb/2025:10:52:39 +0800] "GET / HTTP/1.1" 200 1765
::1 - - [10/Feb/2025:10:52:45 +0800] "GET /wordpress2 HTTP/1.1" 301 236
::1 - - [10/Feb/2025:10:52:45 +0800] "GET /wordpress2/ HTTP/1.1" 302 -
::1 - - [10/Feb/2025:10:53:14 +0800] "GET /wordpress2/wp-admin/css/forms.min.css?ver=6.7.1 HTTP/1.1" 200 28448
::1 - - [10/Feb/2025:10:52:49 +0800] "GET /wordpress2/wp-admin/install.php HTTP/1.1" 200 13426
::1 - - [10/Feb/2025:10:53:14 +0800] "GET /wordpress2/wp-admin/css/l10n.min.css?ver=6.7.1 HTTP/1.1" 200 3200
::1 - - [10/Feb/2025:10:53:14 +0800] "GET /wordpress2/wp-includes/css/dashicons.min.css?ver=6.7.1 HTTP/1.1" 200 59016
::1 - - [10/Feb/2025:10:53:14 +0800] "GET /wordpress2/wp-admin/css/install.min.css?ver=6.7.1 HTTP/1.1" 200 5067
::1 - - [10/Feb/2025:10:53:14 +0800] "GET /wordpress2/wp-includes/css/buttons.min.css?ver=6.7.1 HTTP/1.1" 200 6061
::1 - - [10/Feb/2025:10:53:14 +0800] "GET /wordpress2/wp-admin/js/language-chooser.min.js?ver=6.7.1 HTTP/1.1" 200 423
::1 - - [10/Feb/2025:10:53:14 +0800] "GET /wordpress2/wp-includes/js/jquery/jquery-migrate.min.js?ver=3.4.1 HTTP/1.1" 200 13577
::1 - - [10/Feb/2025:10:53:14 +0800] "GET /wordpress2/wp-includes/js/jquery/jquery.min.js?ver=3.7.1 HTTP/1.1" 200 87553
::1 - - [10/Feb/2025:10:53:15 +0800] "GET /wordpress2/wp-admin/images/spinner-2x.gif HTTP/1.1" 200 7536
::1 - - [10/Feb/2025:10:53:15 +0800] "GET /wordpress2/wp-admin/images/wordpress-logo.svg?ver=20131107 HTTP/1.1" 200 1521
::1 - - [10/Feb/2025:10:53:21 +0800] "POST /wordpress2/wp-admin/install.php?step=1 HTTP/1.1" 200 7598
::1 - - [10/Feb/2025:10:53:22 +0800] "GET /wordpress2/wp-includes/js/zxcvbn-async.min.js?ver=1.0 HTTP/1.1" 200 351
::1 - - [10/Feb/2025:10:53:22 +0800] "GET /wordpress2/wp-admin/js/password-strength-meter.min.js?ver=6.7.1 HTTP/1.1" 200 1123
::1 - - [10/Feb/2025:10:53:22 +0800] "GET /wordpress2/wp-includes/js/dist/dom-ready.min.js?ver=f77871ff7694fffea381 HTTP/1.1" 200 457
::1 - - [10/Feb/2025:10:53:22 +0800] "GET /wordpress2/wp-includes/js/wp-util.min.js?ver=6.7.1 HTTP/1.1" 200 1426
::1 - - [10/Feb/2025:10:53:22 +0800] "GET /wordpress2/wp-includes/js/dist/a11y.min.js?ver=3156534cc54473497e14 HTTP/1.1" 200 2358
::1 - - [10/Feb/2025:10:53:22 +0800] "GET /wordpress2/wp-includes/js/dist/hooks.min.js?ver=4d63a3d491d11ffd8ac6 HTTP/1.1" 200 4776
::1 - - [10/Feb/2025:10:53:22 +0800] "GET /wordpress2/wp-admin/js/user-profile.min.js?ver=6.7.1 HTTP/1.1" 200 6862
::1 - - [10/Feb/2025:10:53:22 +0800] "GET /wordpress2/wp-includes/js/dist/i18n.min.js?ver=5e580eb46a90c2b997e6 HTTP/1.1" 200 9141
::1 - - [10/Feb/2025:10:53:22 +0800] "GET /wordpress2/wp-includes/js/underscore.min.js?ver=1.13.7 HTTP/1.1" 200 18878
::1 - - [10/Feb/2025:10:53:22 +0800] "GET /wordpress2/wp-includes/js/clipboard.min.js?ver=2.0.11 HTTP/1.1" 200 9009
::1 - - [10/Feb/2025:10:53:22 +0800] "GET /wordpress2/wp-includes/js/zxcvbn.min.js HTTP/1.1" 200 822237
::1 - - [10/Feb/2025:10:53:57 +0800] "POST /wordpress2/wp-cron.php?doing_wp_cron=1739156037.7402100563049316406250 HTTP/1.1" 200 -
::1 - - [10/Feb/2025:10:53:53 +0800] "GET /wordpress2/2025/02/10/hello-world/ HTTP/1.1" 200 20588
::1 - - [10/Feb/2025:10:53:58 +0800] "GET /wordpress2/index.php/2025/02/10/hello-world/ HTTP/1.1" 200 68873
::1 - - [10/Feb/2025:10:53:51 +0800] "POST /wordpress2/wp-admin/install.php?step=2 HTTP/1.1" 200 4364
::1 - - [10/Feb/2025:10:54:01 +0800] "GET /wordpress2/wp-login.php HTTP/1.1" 200 4514
::1 - - [10/Feb/2025:10:54:02 +0800] "GET /wordpress2/wp-admin/load-scripts.php?c=0&load%5Bchunk_0%5D=clipboard,jquery-core,jquery-migrate,zxcvbn-async,wp-hooks&ver=6.7.1 HTTP/1.1" 200 115271
::1 - - [10/Feb/2025:10:54:02 +0800] "GET /wordpress2/wp-admin/load-styles.php?c=0&dir=ltr&load%5Bchunk_0%5D=dashicons,buttons,forms,l10n,login&ver=6.7.1 HTTP/1.1" 200 103181
::1 - - [10/Feb/2025:10:54:06 +0800] "POST /wordpress2/wp-login.php HTTP/1.1" 302 -
::1 - - [10/Feb/2025:10:54:19 +0800] "GET /wordpress2/wp-includes/js/thickbox/thickbox.css?ver=6.7.1 HTTP/1.1" 200 2659
::1 - - [10/Feb/2025:10:54:19 +0800] "GET /wordpress2/wp-admin/load-scripts.php?c=0&load%5Bchunk_0%5D=jquery-core,jquery-migrate,utils&ver=6.7.1 HTTP/1.1" 200 102997
::1 - - [10/Feb/2025:10:54:20 +0800] "GET /wordpress2/wp-includes/css/editor.min.css?ver=6.7.1 HTTP/1.1" 200 26851
::1 - - [10/Feb/2025:10:54:07 +0800] "GET /wordpress2/wp-admin/ HTTP/1.1" 200 117107
::1 - - [10/Feb/2025:10:54:20 +0800] "GET /wordpress2/wp-includes/js/hoverintent-js.min.js?ver=2.2.1 HTTP/1.1" 200 1718
::1 - - [10/Feb/2025:10:54:20 +0800] "GET /wordpress2/wp-admin/load-scripts.php?c=0&load%5Bchunk_0%5D=hoverIntent,wp-dom-ready,wp-hooks&ver=6.7.1 HTTP/1.1" 200 6735
::1 - - [10/Feb/2025:10:54:20 +0800] "GET /wordpress2/wp-includes/js/api-request.min.js?ver=6.7.1 HTTP/1.1" 200 1023
::1 - - [10/Feb/2025:10:54:20 +0800] "GET /wordpress2/wp-includes/js/dist/url.min.js?ver=e87eb76272a3a08402d2 HTTP/1.1" 200 8375
::1 - - [10/Feb/2025:10:54:20 +0800] "GET /wordpress2/wp-admin/js/site-health.min.js?ver=6.7.1 HTTP/1.1" 200 6282
::1 - - [10/Feb/2025:10:54:20 +0800] "GET /wordpress2/wp-includes/js/jquery/jquery.color.min.js?ver=3.0.0 HTTP/1.1" 200 6645
::1 - - [10/Feb/2025:10:54:20 +0800] "GET /wordpress2/wp-includes/js/wp-lists.min.js?ver=6.7.1 HTTP/1.1" 200 7521
::1 - - [10/Feb/2025:10:54:20 +0800] "GET /wordpress2/wp-includes/js/admin-bar.min.js?ver=6.7.1 HTTP/1.1" 200 3487
::1 - - [10/Feb/2025:10:54:20 +0800] "GET /wordpress2/wp-includes/js/jquery/jquery.query.js?ver=2.2.3 HTTP/1.1" 200 3694
::1 - - [10/Feb/2025:10:54:20 +0800] "GET /wordpress2/wp-admin/js/common.min.js?ver=6.7.1 HTTP/1.1" 200 23497
::1 - - [10/Feb/2025:10:54:20 +0800] "GET /wordpress2/wp-includes/js/wp-ajax-response.min.js?ver=6.7.1 HTTP/1.1" 200 2505
::1 - - [10/Feb/2025:10:54:20 +0800] "GET /wordpress2/wp-includes/js/jquery/ui/mouse.min.js?ver=1.13.3 HTTP/1.1" 200 3428
::1 - - [10/Feb/2025:10:54:20 +0800] "GET /wordpress2/wp-includes/js/quicktags.min.js?ver=6.7.1 HTTP/1.1" 200 11132
::1 - - [10/Feb/2025:10:54:20 +0800] "GET /wordpress2/wp-admin/js/edit-comments.min.js?ver=6.7.1 HTTP/1.1" 200 15366
::1 - - [10/Feb/2025:10:54:20 +0800] "GET /wordpress2/wp-includes/js/jquery/ui/sortable.min.js?ver=1.13.3 HTTP/1.1" 200 25504
::1 - - [10/Feb/2025:10:54:20 +0800] "GET /wordpress2/wp-includes/js/dist/deprecated.min.js?ver=e1f84915c5e8ae38964c HTTP/1.1" 200 684
::1 - - [10/Feb/2025:10:54:20 +0800] "GET /wordpress2/wp-includes/js/dist/vendor/wp-polyfill.min.js?ver=3.15.0 HTTP/1.1" 200 37931
::1 - - [10/Feb/2025:10:54:20 +0800] "GET /wordpress2/wp-includes/js/jquery/ui/core.min.js?ver=1.13.3 HTTP/1.1" 200 21464
::1 - - [10/Feb/2025:10:54:20 +0800] "GET /wordpress2/wp-admin/js/postbox.min.js?ver=6.7.1 HTTP/1.1" 200 6705
::1 - - [10/Feb/2025:10:54:20 +0800] "GET /wordpress2/wp-admin/js/dashboard.min.js?ver=6.7.1 HTTP/1.1" 200 8797
::1 - - [10/Feb/2025:10:54:20 +0800] "GET /wordpress2/wp-includes/js/thickbox/thickbox.js?ver=3.1-20121105 HTTP/1.1" 200 13332
::1 - - [10/Feb/2025:10:54:20 +0800] "GET /wordpress2/wp-admin/js/plugin-install.min.js?ver=6.7.1 HTTP/1.1" 200 2403
::1 - - [10/Feb/2025:10:54:20 +0800] "GET /wordpress2/wp-includes/js/shortcode.min.js?ver=6.7.1 HTTP/1.1" 200 2643
::1 - - [10/Feb/2025:10:54:20 +0800] "GET /wordpress2/wp-includes/js/dist/date.min.js?ver=aaca6387d1cf924acc51 HTTP/1.1" 200 783428
::1 - - [10/Feb/2025:10:54:20 +0800] "GET /wordpress2/wp-includes/js/wp-sanitize.min.js?ver=6.7.1 HTTP/1.1" 200 458
::1 - - [10/Feb/2025:10:54:20 +0800] "GET /wordpress2/wp-admin/js/svg-painter.js?ver=6.7.1 HTTP/1.1" 200 3280
::1 - - [10/Feb/2025:10:54:20 +0800] "GET /wordpress2/wp-includes/js/dist/vendor/moment.min.js?ver=2.30.1 HTTP/1.1" 200 58811
::1 - - [10/Feb/2025:10:54:20 +0800] "GET /wordpress2/wp-admin/js/media-upload.min.js?ver=6.7.1 HTTP/1.1" 200 1152
::1 - - [10/Feb/2025:10:54:20 +0800] "GET /wordpress2/wp-admin/js/updates.min.js?ver=6.7.1 HTTP/1.1" 200 48366
::1 - - [10/Feb/2025:10:54:20 +0800] "GET /wordpress2/wp-includes/js/wp-auth-check.min.js?ver=6.7.1 HTTP/1.1" 200 1658
::1 - - [10/Feb/2025:10:54:20 +0800] "GET /wordpress2/wp-includes/js/heartbeat.min.js?ver=6.7.1 HTTP/1.1" 200 5947
::1 - - [10/Feb/2025:10:54:20 +0800] "GET /wordpress2/wp-includes/js/jquery/ui/autocomplete.min.js?ver=1.13.3 HTTP/1.1" 200 8536
::1 - - [10/Feb/2025:10:54:20 +0800] "GET /wordpress2/wp-includes/js/wplink.min.js?ver=6.7.1 HTTP/1.1" 200 11317
::1 - - [10/Feb/2025:10:54:20 +0800] "GET /wordpress2/wp-includes/js/jquery/ui/menu.min.js?ver=1.13.3 HTTP/1.1" 200 10199
::1 - - [10/Feb/2025:10:54:19 +0800] "GET /wordpress2/wp-admin/load-styles.php?c=0&dir=ltr&load%5Bchunk_0%5D=dashicons,admin-bar,site-health,common,forms,admin-menu,dashboard,list-tables,edit,revisions,media,themes,about,nav-menus,wp-poi&load%5Bchunk_1%5D=nter,widgets,site-icon,l10n,buttons,wp-auth-check&ver=6.7.1 HTTP/1.1" 200 404630
::1 - - [10/Feb/2025:10:54:20 +0800] "GET /wordpress2/wp-includes/js/thickbox/loadingAnimation.gif HTTP/1.1" 200 15238
::1 - - [10/Feb/2025:10:54:20 +0800] "GET /wordpress2/wp-includes/js/wp-emoji-release.min.js?ver=6.7.1 HTTP/1.1" 200 18726
::1 - - [10/Feb/2025:10:54:20 +0800] "GET /wordpress2/wp-admin/admin-ajax.php?action=wp-compression-test&test=1&_ajax_nonce=78ca79a3b9&1739156060831 HTTP/1.1" 200 1114
::1 - - [10/Feb/2025:10:54:21 +0800] "POST /wordpress2/wp-cron.php?doing_wp_cron=1739156061.4347920417785644531250 HTTP/1.1" 200 -
::1 - - [10/Feb/2025:10:54:21 +0800] "GET /wordpress2/wp-admin/admin-ajax.php?action=wp-compression-test&test=2&_ajax_nonce=78ca79a3b9&1739156061581 HTTP/1.1" 200 572
::1 - - [10/Feb/2025:10:54:20 +0800] "POST /wordpress2/wp-admin/admin-ajax.php HTTP/1.1" 200 92
::1 - - [10/Feb/2025:10:54:22 +0800] "GET /wordpress2/wp-admin/admin-ajax.php?action=wp-compression-test&test=yes&_ajax_nonce=78ca79a3b9&1739156062111 HTTP/1.1" 200 1
::1 - - [10/Feb/2025:10:54:20 +0800] "GET /wordpress2/wp-admin/admin-ajax.php?action=dashboard-widgets&widget=dashboard_primary&pagenow=dashboard HTTP/1.1" 200 912
::1 - - [10/Feb/2025:10:54:31 +0800] "GET / HTTP/1.1" 200 1765
::1 - - [10/Feb/2025:10:54:37 +0800] "POST /wordpress1/wp-cron.php?doing_wp_cron=1739156077.5940129756927490234375 HTTP/1.1" 200 -
::1 - - [10/Feb/2025:10:54:36 +0800] "GET /wordpress1/ HTTP/1.1" 200 57158
::1 - - [10/Feb/2025:10:54:38 +0800] "GET /wordpress1/wp-includes/css/admin-bar.min.css?ver=6.7.1 HTTP/1.1" 200 20182
::1 - - [10/Feb/2025:10:54:38 +0800] "GET /wordpress1/wp-includes/blocks/navigation/style.min.css?ver=6.7.1 HTTP/1.1" 200 16384
::1 - - [10/Feb/2025:10:54:38 +0800] "GET /wordpress1/wp-content/themes/twentytwentyfive/style.css?ver=1.0 HTTP/1.1" 200 2503
::1 - - [10/Feb/2025:10:54:38 +0800] "GET /wordpress1/wp-includes/js/dist/script-modules/block-library/navigation/view.min.js?ver=8ff192874fc8910a284c HTTP/1.1" 200 3300
::1 - - [10/Feb/2025:10:54:38 +0800] "GET /wordpress1/wp-includes/js/dist/script-modules/interactivity/index.min.js?ver=06b8f695ef48ab2d9277 HTTP/1.1" 200 36695
::1 - - [10/Feb/2025:10:54:38 +0800] "GET /wordpress1/wp-content/themes/twentytwentyfive/assets/fonts/manrope/Manrope-VariableFont_wght.woff2 HTTP/1.1" 200 53600
::1 - - [10/Feb/2025:10:54:50 +0800] "GET /wordpress1/admin HTTP/1.1" 404 196
::1 - - [10/Feb/2025:10:54:52 +0800] "GET /wordpress1/ HTTP/1.1" 200 57158
::1 - - [10/Feb/2025:10:54:59 +0800] "GET /wordpress1/wp-admin HTTP/1.1" 301 245
::1 - - [10/Feb/2025:10:54:59 +0800] "GET /wordpress1/wp-admin/ HTTP/1.1" 200 116684
::1 - - [10/Feb/2025:10:55:00 +0800] "GET /wordpress1/wp-admin/load-scripts.php?c=1&load%5Bchunk_0%5D=jquery-core,jquery-migrate,utils&ver=6.7.1 HTTP/1.1" 200 102997
::1 - - [10/Feb/2025:10:55:00 +0800] "GET /wordpress1/wp-admin/load-scripts.php?c=1&load%5Bchunk_0%5D=hoverIntent,wp-dom-ready,wp-hooks&ver=6.7.1 HTTP/1.1" 200 6735
::1 - - [10/Feb/2025:10:55:00 +0800] "GET /wordpress1/wp-admin/load-styles.php?c=1&dir=ltr&load%5Bchunk_0%5D=dashicons,admin-bar,site-health,common,forms,admin-menu,dashboard,list-tables,edit,revisions,media,themes,about,nav-menus,wp-poi&load%5Bchunk_1%5D=nter,widgets,site-icon,l10n,buttons,wp-auth-check&ver=6.7.1 HTTP/1.1" 200 404630
::1 - - [10/Feb/2025:10:55:00 +0800] "POST /wordpress1/wp-admin/admin-ajax.php HTTP/1.1" 200 92
::1 - - [10/Feb/2025:10:55:42 +0800] "POST /wordpress2/wp-cron.php?doing_wp_cron=1739156142.8507030010223388671875 HTTP/1.1" 200 -
::1 - - [10/Feb/2025:10:55:42 +0800] "GET /wordpress2/wp-admin/ HTTP/1.1" 200 116739
::1 - - [10/Feb/2025:10:55:43 +0800] "GET /wordpress2/wp-admin/load-scripts.php?c=1&load%5Bchunk_0%5D=jquery-core,jquery-migrate,utils&ver=6.7.1 HTTP/1.1" 200 102997
::1 - - [10/Feb/2025:10:55:43 +0800] "GET /wordpress2/wp-admin/load-styles.php?c=1&dir=ltr&load%5Bchunk_0%5D=dashicons,admin-bar,site-health,common,forms,admin-menu,dashboard,list-tables,edit,revisions,media,themes,about,nav-menus,wp-poi&load%5Bchunk_1%5D=nter,widgets,site-icon,l10n,buttons,wp-auth-check&ver=6.7.1 HTTP/1.1" 200 404630
::1 - - [10/Feb/2025:10:55:43 +0800] "GET /wordpress2/wp-admin/load-scripts.php?c=1&load%5Bchunk_0%5D=hoverIntent,wp-dom-ready,wp-hooks&ver=6.7.1 HTTP/1.1" 200 6735
::1 - - [10/Feb/2025:10:55:44 +0800] "POST /wordpress2/wp-admin/admin-ajax.php HTTP/1.1" 200 92
::1 - - [10/Feb/2025:10:56:00 +0800] "GET /wordpress2/wp-admin/load-styles.php?c=1&dir=ltr&load%5Bchunk_0%5D=dashicons,admin-bar,common,forms,admin-menu,dashboard,list-tables,edit,revisions,media,themes,about,nav-menus,wp-pointer,widgets&load%5Bchunk_1%5D=,site-icon,l10n,buttons&ver=6.7.1 HTTP/1.1" 200 397552
::1 - - [10/Feb/2025:10:55:56 +0800] "GET /wordpress2/wp-admin/update-core.php HTTP/1.1" 200 77274
::1 - - [10/Feb/2025:10:59:56 +0800] "GET /wordpress1/wp-admin/ HTTP/1.1" 200 116684
::1 - - [10/Feb/2025:10:59:57 +0800] "POST /wordpress1/wp-admin/admin-ajax.php HTTP/1.1" 200 92
::1 - - [10/Feb/2025:11:00:02 +0800] "GET /wordpress1/wp-admin/themes.php HTTP/1.1" 200 97538
::1 - - [10/Feb/2025:11:00:03 +0800] "GET /wordpress1/wp-content/themes/twentytwentyfive/screenshot.png?ver=1.0 HTTP/1.1" 200 216683
::1 - - [10/Feb/2025:11:00:03 +0800] "GET /wordpress1/wp-admin/load-styles.php?c=1&dir=ltr&load%5Bchunk_0%5D=dashicons,admin-bar,common,forms,admin-menu,dashboard,list-tables,edit,revisions,media,themes,about,nav-menus,wp-pointer,widgets&load%5Bchunk_1%5D=,site-icon,l10n,buttons,wp-auth-check&ver=6.7.1 HTTP/1.1" 200 399455
::1 - - [10/Feb/2025:11:00:03 +0800] "GET /wordpress1/wp-content/themes/twentytwentyfour/screenshot.png?ver=1.3 HTTP/1.1" 200 721059
::1 - - [10/Feb/2025:11:00:03 +0800] "GET /wordpress1/wp-content/themes/twentytwentythree/screenshot.png?ver=1.6 HTTP/1.1" 200 81654
::1 - - [10/Feb/2025:11:00:03 +0800] "GET /wordpress1/wp-includes/js/wp-backbone.min.js?ver=6.7.1 HTTP/1.1" 200 3039
::1 - - [10/Feb/2025:11:00:03 +0800] "GET /wordpress1/wp-includes/js/backbone.min.js?ver=1.6.0 HTTP/1.1" 200 24278
::1 - - [10/Feb/2025:11:00:03 +0800] "GET /wordpress1/wp-admin/js/theme.min.js?ver=6.7.1 HTTP/1.1" 200 27037
::1 - - [10/Feb/2025:11:00:03 +0800] "GET /wordpress1/wp-includes/js/customize-base.min.js?ver=6.7.1 HTTP/1.1" 200 7852
::1 - - [10/Feb/2025:11:00:06 +0800] "GET /wordpress1/wp-admin/theme-install.php HTTP/1.1" 200 90830
::1 - - [10/Feb/2025:11:00:07 +0800] "POST /wordpress1/wp-admin/admin-ajax.php HTTP/1.1" 200 215833
::1 - - [10/Feb/2025:11:00:19 +0800] "GET /wordpress1/wp-admin/load-styles.php?c=1&dir=ltr&load%5Bchunk_0%5D=dashicons,admin-bar,common,forms,admin-menu,dashboard,list-tables,edit,revisions,media,themes,about,nav-menus,wp-pointer,widgets&load%5Bchunk_1%5D=,site-icon,l10n,buttons&ver=6.7.1 HTTP/1.1" 200 397552
::1 - - [10/Feb/2025:11:00:17 +0800] "POST /wordpress1/wp-admin/update.php?action=upload-theme HTTP/1.1" 200 68763
::1 - - [10/Feb/2025:11:00:24 +0800] "POST /wordpress1/wp-cron.php?doing_wp_cron=1739156424.5662150382995605468750 HTTP/1.1" 200 -
::1 - - [10/Feb/2025:11:00:23 +0800] "GET /wordpress1/wp-admin/themes.php?action=activate&template=twentytwentyone&stylesheet=twentytwentyone&_wpnonce=4de0cbfa73 HTTP/1.1" 302 -
::1 - - [10/Feb/2025:11:00:26 +0800] "GET /wordpress1/wp-admin/themes.php?activated=true HTTP/1.1" 200 55987
::1 - - [10/Feb/2025:11:00:27 +0800] "GET /wordpress1/wp-content/themes/twentytwentyone/screenshot.png?ver=2.4 HTTP/1.1" 200 282897
::1 - - [10/Feb/2025:11:00:32 +0800] "GET /wordpress1/ HTTP/1.1" 200 32151
::1 - - [10/Feb/2025:11:00:33 +0800] "GET /wordpress1/wp-content/themes/twentytwentyone/assets/css/custom-color-overrides.css?ver=2.4 HTTP/1.1" 200 130
::1 - - [10/Feb/2025:11:00:33 +0800] "GET /wordpress1/wp-content/themes/twentytwentyone/style.css?ver=2.4 HTTP/1.1" 200 156319
::1 - - [10/Feb/2025:11:00:33 +0800] "GET /wordpress1/wp-content/themes/twentytwentyone/assets/js/responsive-embeds.js?ver=2.4 HTTP/1.1" 200 1127
::1 - - [10/Feb/2025:11:00:33 +0800] "GET /wordpress1/wp-content/themes/twentytwentyone/assets/css/print.css?ver=2.4 HTTP/1.1" 200 2897
::1 - - [10/Feb/2025:11:00:33 +0800] "GET /wordpress1/wp-includes/css/dist/block-library/style.min.css?ver=6.7.1 HTTP/1.1" 200 114706
::1 - - [10/Feb/2025:11:00:40 +0800] "GET /wordpress1/wp-admin/themes.php HTTP/1.1" 200 55843
::1 - - [10/Feb/2025:11:00:44 +0800] "GET /wordpress1/wp-admin/index.php HTTP/1.1" 200 71786
::1 - - [10/Feb/2025:11:00:45 +0800] "POST /wordpress1/wp-admin/admin-ajax.php HTTP/1.1" 200 92
::1 - - [10/Feb/2025:11:00:49 +0800] "GET /wordpress2/wp-admin/ HTTP/1.1" 200 116739
::1 - - [10/Feb/2025:11:00:50 +0800] "POST /wordpress2/wp-admin/admin-ajax.php HTTP/1.1" 200 92
::1 - - [10/Feb/2025:11:00:57 +0800] "GET /wordpress2/wp-admin/themes.php HTTP/1.1" 200 97538
::1 - - [10/Feb/2025:11:00:58 +0800] "GET /wordpress2/wp-content/themes/twentytwentyfive/screenshot.png?ver=1.0 HTTP/1.1" 200 216683
::1 - - [10/Feb/2025:11:00:58 +0800] "GET /wordpress2/wp-admin/load-styles.php?c=1&dir=ltr&load%5Bchunk_0%5D=dashicons,admin-bar,common,forms,admin-menu,dashboard,list-tables,edit,revisions,media,themes,about,nav-menus,wp-pointer,widgets&load%5Bchunk_1%5D=,site-icon,l10n,buttons,wp-auth-check&ver=6.7.1 HTTP/1.1" 200 399455
::1 - - [10/Feb/2025:11:00:58 +0800] "GET /wordpress2/wp-content/themes/twentytwentyfour/screenshot.png?ver=1.3 HTTP/1.1" 200 721059
::1 - - [10/Feb/2025:11:00:58 +0800] "GET /wordpress2/wp-content/themes/twentytwentythree/screenshot.png?ver=1.6 HTTP/1.1" 200 81654
::1 - - [10/Feb/2025:11:00:58 +0800] "GET /wordpress2/wp-includes/js/wp-backbone.min.js?ver=6.7.1 HTTP/1.1" 200 3039
::1 - - [10/Feb/2025:11:00:58 +0800] "GET /wordpress2/wp-includes/js/customize-base.min.js?ver=6.7.1 HTTP/1.1" 200 7852
::1 - - [10/Feb/2025:11:00:58 +0800] "GET /wordpress2/wp-includes/js/backbone.min.js?ver=1.6.0 HTTP/1.1" 200 24278
::1 - - [10/Feb/2025:11:00:58 +0800] "GET /wordpress2/wp-admin/js/theme.min.js?ver=6.7.1 HTTP/1.1" 200 27037
::1 - - [10/Feb/2025:11:00:59 +0800] "GET /wordpress2/wp-admin/theme-install.php HTTP/1.1" 200 90830
::1 - - [10/Feb/2025:11:01:01 +0800] "POST /wordpress2/wp-admin/admin-ajax.php HTTP/1.1" 200 215833
::1 - - [10/Feb/2025:11:01:08 +0800] "POST /wordpress2/wp-admin/update.php?action=upload-theme HTTP/1.1" 200 68763
::1 - - [10/Feb/2025:11:01:15 +0800] "POST /wordpress2/wp-cron.php?doing_wp_cron=1739156474.9690039157867431640625 HTTP/1.1" 200 -
::1 - - [10/Feb/2025:11:01:14 +0800] "GET /wordpress2/wp-admin/themes.php?action=activate&template=twentytwentyone&stylesheet=twentytwentyone&_wpnonce=0d14692301 HTTP/1.1" 302 -
::1 - - [10/Feb/2025:11:01:16 +0800] "GET /wordpress2/wp-admin/themes.php?activated=true HTTP/1.1" 200 55987
::1 - - [10/Feb/2025:11:01:18 +0800] "GET /wordpress2/wp-content/themes/twentytwentyone/screenshot.png?ver=2.4 HTTP/1.1" 200 282897
::1 - - [10/Feb/2025:11:01:45 +0800] "POST /wordpress1/wp-admin/admin-ajax.php HTTP/1.1" 200 47
::1 - - [12/Feb/2025:09:52:05 +0800] "GET / HTTP/1.1" 200 1765
::1 - - [12/Feb/2025:09:52:06 +0800] "GET /favicon.ico HTTP/1.1" 404 196
::1 - - [12/Feb/2025:09:53:05 +0800] "-" 408 -
